<?xml version="1.0" encoding="UTF-8"?><?xml-model href="http://www.tei-c.org/release/xml/tei/custom/schema/relaxng/tei_all.rng" schematypens="http://relaxng.org/ns/structure/1.0"?><TEI xmlns="http://www.tei-c.org/ns/1.0">
 <teiHeader type="text">
 <fileDesc>
 <titleStmt>
 <title type="work" n="PB">Prometheus Bound</title>
 <title type="sub">Machine readable text</title>
 <author n="Aesch.">Aeschylus</author>
 <editor role="editor" n="Smyth">Herbert Weir Smyth, Ph.D.</editor>
 <sponsor>Perseus Project, Tufts University</sponsor>
 <principal>Gregory Crane</principal>
 <respStmt>
 <resp>Prepared under the supervision of</resp>
 <name full="yes" instant="false">Lisa Cerrato</name>
 <name full="yes" instant="false">William Merrill</name>
 <name full="yes" instant="false">Elli Mylonas</name>
 <name full="yes" instant="false">David Smith</name>
 </respStmt>
 <funder n="org:AnnCPB">The Annenberg CPB/Project</funder>
 </titleStmt>
 <publicationStmt>
 <publisher>Trustees of Tufts University</publisher>
 <pubPlace>Medford, MA</pubPlace>
 <authority>Perseus Project</authority>

 </publicationStmt>
 <sourceDesc default="false">
 <biblStruct default="false" status="draft">
 <monogr>
 <author>Aeschylus</author>
 <title>Aeschylus, with an English translation by Herbert Weir Smyth, Ph. D.
 in two volumes. 1.Prometheus</title>
 <imprint>
 <pubPlace>Cambridge</pubPlace>
 <publisher>Cambridge, Mass., Harvard University Press; London, William
 Heinemann, Ltd.</publisher>
 <date instant="false">1926</date>
 </imprint>

 </monogr>
 </biblStruct>
 </sourceDesc>
 </fileDesc>

 <profileDesc>
 <langUsage default="false">
 <language ident="grc">Greek</language>
 <language ident="eng">English</language>
 </langUsage>
 </profileDesc>
 </teiHeader>
 <text xml:lang="grc">
 <body>




 <l n="1"><w>Χθονὸς</w> <w>μὲν</w> <w>ἐς</w> <w>τηλουρὸν</w> <w>ἥκομεν</w> <w>πέδον</w> <w>,</w> </l>
 <l n="2"><w>Σκύθην</w> <w>ἐς</w> <w>οἷμον</w> <w>,</w> <w>ἄβατον</w> <w>εἰς</w> <w>ἐρημίαν</w> <w>.</w> </l>
 <l n="3"><w>Ἥφαιστε</w> <w>,</w> <w>σοὶ</w> <w>δὲ</w> <w>χρὴ</w> <w>μέλειν</w> <w>ἐπιστολὰς</w> </l>
 <l n="4"><w>ἅς</w> <w>σοι</w> <w>πατὴρ</w> <w>ἐφεῖτο</w> <w>,</w> <w>τόνδε</w> <w>πρὸς</w> <w>πέτραις</w> </l>
 <l n="5"><w>ὑψηλοκρήμνοις</w> <w>τὸν</w> <w>λεωργὸν</w> <w>ὀχμάσαι</w> </l>
 <l n="6"><w>ἀδαμαντίνων</w> <w>δεσμῶν</w> <w>ἐν</w> <w>ἀρρήκτοις</w> <w>πέδαις</w> <w>.</w> </l>
 <l n="7"><w>τὸ</w> <w>σὸν</w> <w>γὰρ</w> <w>ἄνθος</w> <w>,</w> <w>παντέχνου</w> <w>πυρὸς</w> <w>σέλας</w> <w>,</w> </l>
 <l n="8"><w>θνητοῖσι</w> <w>κλέψας</w> <w>ὤπασεν</w> <w>.</w> <w>τοιᾶσδέ</w> <w>τοι</w> </l>
 <l n="9"><w>ἁμαρτίας</w> <w>σφε</w> <w>δεῖ</w> <w>θεοῖς</w> <w>δοῦναι</w> <w>δίκην</w> <w>,</w> </l>
 <l n="10"><w>ὡς</w> <w>ἂν</w> <w>διδαχθῇ</w> <w>τὴν</w> <w>Διὸς</w> <w>τυραννίδα</w> </l>
 <l n="11"><w>στέργειν</w> <w>,</w> <w>φιλανθρώπου</w> <w>δὲ</w> <w>παύεσθαι</w> <w>τρόπου</w> <w>.</w> </l>



 <l n="12"><w>Κράτος</w> <w>Βία</w> <w>τε</w> <w>,</w> <w>σφῷν</w> <w>μὲν</w> <w>ἐντολὴ</w> <w>Διὸς</w> </l>
 <l n="13"><w>ἔχει</w> <w>τέλος</w> <w>δὴ</w> <w>κοὐδὲν</w> <w>ἐμποδὼν</w> <w>ἔτι:</w> </l>
 <l n="14"><w>ἐγὼ</w> <w>δʼ</w> <w>ἄτολμός</w> <w>εἰμι</w> <w>συγγενῆ</w> <w>θεὸν</w> </l>
 <l n="15"><w>δῆσαι</w> <w>βίᾳ</w> <w>φάραγγι</w> <w>πρὸς
</w> <w>δυσχειμέρῳ</w> <w>.</w> </l>
 <l n="16"><w>πάντως</w> <w>δʼ</w> <w>ἀνάγκη</w> <w>τῶνδέ</w> <w>μοι</w> <w>τόλμαν
</w> <w>σχεθεῖν:</w> </l>
 <l n="17"><w>ἐξωριάζειν</w> <w>γὰρ</w> <w>πατρὸς</w> <w>λόγους</w> <w>βαρύ</w> <w>.</w> </l>
 <l n="18"> <w>τῆς</w> <w>ὀρθοβούλου</w> <w>Θέμιδος</w> <w>αἰπυμῆτα</w> <w>παῖ</w> <w>,</w> </l>
 <l n="19"><w>ἄκοντά</w> <w>σʼ</w> <w>ἄκων</w> <w>δυσλύτοις</w> <w>χαλκεύμασι</w> </l>
 <l n="20"><w>προσπασσαλεύσω</w> <w>τῷδʼ</w> <w>ἀπανθρώπῳ
</w> <w>πάγῳ</w> </l>
 <l n="21"><w>ἵνʼ</w> <w>οὔτε</w> <w>φωνὴν</w> <w>οὔτε</w> <w>του</w> <w>μορφὴν</w> <w>βροτῶν</w> </l>
 <l n="22"><w>ὄψει</w> <w>,</w> <w>σταθευτὸς</w> <w>δʼ</w> <w>ἡλίου</w> <w>φοίβῃ</w> <w>φλογὶ</w> </l>
 <l n="23"><w>χροιᾶς</w> <w>ἀμείψεις</w> <w>ἄνθος</w> <w>.</w> <w>ἀσμένῳ</w> <w>δέ</w> <w>σοι</w> </l>
 <l n="24"><w>ἡ</w> <w>ποικιλείμων</w> <w>νὺξ</w> <w>ἀποκρύψει</w> <w>φάος</w> <w>,</w> </l>
 <l n="25"><w>πάχνην</w> <w>θʼ</w> <w>ἑῴαν</w> <w>ἥλιος</w> <w>σκεδᾷ
</w> <w>πάλιν:</w> </l>
 <l n="26"><w>ἀεὶ</w> <w>δὲ</w> <w>τοῦ</w> <w>παρόντος</w> <w>ἀχθηδὼν</w> <w>κακοῦ</w> </l>
 <l n="27"><w>τρύσει</w> <w>σʼ:</w> <w>ὁ</w> <w>λωφήσων</w> <w>γὰρ</w> <w>οὐ</w> <w>πέφυκέ</w> <w>πω</w> <w>.</w> </l>
 <l n="28"> <w>τοιαῦτʼ</w> <w>ἐπηύρω</w> <w>τοῦ</w> <w>φιλανθρώπου</w> <w>τρόπου</w> <w>.</w> </l>
 <l n="29"><w>θεὸς</w> <w>θεῶν</w> <w>γὰρ</w> <w>οὐχ</w> <w>ὑποπτήσσων</w> <w>χόλον</w> </l>
 <l n="30"><w>βροτοῖσι</w> <w>τιμὰς</w> <w>ὤπασας</w> <w>πέρα
</w> <w>δίκης</w> <w>.</w> </l>
 <l n="31"><w>ἀνθʼ</w> <w>ὧν</w> <w>ἀτερπῆ</w> <w>τήνδε</w> <w>φρουρήσεις</w> <w>πέτραν</w> </l>
 <l n="32"><w>ὀρθοστάδην</w> <w>,</w> <w>ἄυπνος</w> <w>,</w> <w>οὐ</w> <w>κάμπτων</w> <w>γόνυ:</w> </l>
 <l n="33"><w>πολλοὺς</w> <w>δʼ</w> <w>ὀδυρμοὺς</w> <w>καὶ</w> <w>γόους</w> <w>ἀνωφελεῖς</w> </l>
 <l n="34"><w>φθέγξῃ:</w> <w>Διὸς</w> <w>γὰρ</w> <w>δυσπαραίτητοι</w> <w>φρένες</w> <w>.</w> </l>
 <l n="35"><w>ἅπας</w> <w>δὲ</w> <w>τραχὺς</w> <w>ὅστις</w> <w>ἂν</w> <w>νέον
</w> <w>κρατῇ</w> <w>.</w> </l>




 <l n="36"><w>εἶεν</w> <w>,</w> <w>τί</w> <w>μέλλεις</w> <w>καὶ</w> <w>κατοικτίζῃ</w> <w>μάτην</w> <w>;</w> </l>
 <l n="37"><w>τί</w> <w>τὸν</w> <w>θεοῖς</w> <w>ἔχθιστον</w> <w>οὐ</w> <w>στυγεῖς</w> <w>θεόν</w> <w>,</w> </l>
 <l n="38"><w>ὅστις</w> <w>τὸ</w> <w>σὸν</w> <w>θνητοῖσι</w> <w>προὔδωκεν</w> <w>γέρας</w> <w>;</w> </l>



 <l n="39"><w>τὸ</w> <w>συγγενές</w> <w>τοι</w> <w>δεινὸν</w> <w>ἥ</w> <w>θʼ</w> <w>ὁμιλία</w> <w>.</w> </l>



 <l n="40"><w>σύμφημʼ:</w> <w>ἀνηκουστεῖν</w> <w>δὲ</w> <w>τῶν</w> <w>πατρὸς
</w> <w>λόγων</w> </l>
 <l n="41"><w>οἷόν</w> <w>τε</w> <w>πῶς</w> <w>;</w> <w>οὐ</w> <w>τοῦτο</w> <w>δειμαίνεις</w> <w>πλέον</w> <w>;</w> </l>



 <l n="42"><w>αἰεί</w> <w>γε</w> <w>δὴ</w> <w>νηλὴς</w> <w>σὺ</w> <w>καὶ</w> <w>θράσους</w> <w>πλέως</w> <w>.</w> </l>



 <l n="43"><w>ἄκος</w> <w>γὰρ</w> <w>οὐδὲν</w> <w>τόνδε</w> <w>θρηνεῖσθαι</w> <w>.</w> <w>σὺ</w> <w>δὲ</w> </l>
 <l n="44"><w>τὰ</w> <w>μηδὲν</w> <w>ὠφελοῦντα</w> <w>μὴ</w> <w>πόνει</w> <w>μάτην</w> <w>.</w> </l>



 <l n="45"><w>ὦ</w> <w>πολλὰ</w> <w>μισηθεῖσα</w> <w>χειρωναξία</w> <w>.</w> </l>



 <l n="46"><w>τί</w> <w>νιν</w> <w>στυγεῖς</w> <w>;</w> <w>πόνων</w> <w>γὰρ</w> <w>ὡς</w> <w>ἁπλῷ</w> <w>λόγῳ</w> </l>
 <l n="47"><w>τῶν</w> <w>νῦν</w> <w>παρόντων</w> <w>οὐδὲν</w> <w>αἰτία</w> <w>τέχνη</w> <w>.</w> </l>



 <l n="48"><w>ἔμπας</w> <w>τις</w> <w>αὐτὴν</w> <w>ἄλλος</w> <w>ὤφελεν</w> <w>λαχεῖν</w> <w>.</w> </l>



 <l n="49"><w>ἅπαντʼ</w> <w>ἐπαχθῆ</w> <w>πλὴν</w> <w>θεοῖσι</w> <w>κοιρανεῖν:</w> </l>
 <l n="50"><w>ἐλεύθερος</w> <w>γὰρ</w> <w>οὔτις</w> <w>ἐστὶ</w> <w>πλὴν
</w> <w>Διός</w> <w>.</w> </l>



 <l n="51"><w>ἔγνωκα</w> <w>τοῖσδε</w> <w>κοὐδὲν</w> <w>ἀντειπεῖν</w> <w>ἔχω</w> <w>.</w> </l>



 <l n="52"><w>οὔκουν</w> <w>ἐπείξῃ</w> <w>τῷδε</w> <w>δεσμὰ</w> <w>περιβαλεῖν</w> <w>,</w> </l>
 <l n="53"><w>ὡς</w> <w>μή</w> <w>σʼ</w> <w>ἐλινύοντα</w> <w>προσδερχθῇ</w> <w>πατήρ</w> <w>;</w> </l>



 <l n="54"><w>καὶ</w> <w>δὴ</w> <w>πρόχειρα</w> <w>ψάλια</w> <w>δέρκεσθαι</w> <w>πάρα</w> <w>.</w> </l>



 <l n="55"><w>βαλών</w> <w>νιν</w> <w>ἀμφὶ</w> <w>χερσὶν</w> <w>ἐγκρατεῖ
</w> <w>σθένει</w> </l>
 <l n="56"><w>ῥαιστῆρι</w> <w>θεῖνε</w> <w>,</w> <w>πασσάλευε</w> <w>πρὸς</w> <w>πέτραις</w> <w>.</w> </l>



 <l n="57"><w>περαίνεται</w> <w>δὴ</w> <w>κοὐ</w> <w>ματᾷ</w> <w>τοὔργον</w> <w>τόδε</w> <w>.</w> </l>



 <l n="58"><w>ἄρασσε</w> <w>μᾶλλον</w> <w>,</w> <w>σφίγγε</w> <w>,</w> <w>μηδαμῇ</w> <w>χάλα</w> <w>.</w> </l>
 <l n="59"><w>δεινὸς</w> <w>γὰρ</w> <w>εὑρεῖν</w> <w>κἀξ</w> <w>ἀμηχάνων</w> <w>πόρον</w> <w>.</w> </l>



 <l n="60"><w>ἄραρεν</w> <w>ἥδε</w> <w>γʼ</w> <w>ὠλένη</w> <w>δυσεκλύτως</w> <w>.</w> </l>




 <l n="61"><w>καὶ</w> <w>τήνδε</w> <w>νῦν</w> <w>πόρπασον</w> <w>ἀσφαλῶς</w> <w>,</w> <w>ἵνα</w> </l>
 <l n="62"><w>μάθῃ</w> <w>σοφιστὴς</w> <w>ὢν</w> <w>Διὸς</w> <w>νωθέστερος</w> <w>.</w> </l>



 <l n="63"><w>πλὴν</w> <w>τοῦδʼ</w> <w>ἂν</w> <w>οὐδεὶς</w> <w>ἐνδίκως</w> <w>μέμψαιτό
</w> <w>μοι</w> <w>.</w> </l>



 <l n="64"><w>ἀδαμαντίνου</w> <w>νῦν</w> <w>σφηνὸς</w> <w>αὐθάδη</w> <w>γνάθον</w> </l>
 <l n="65"><w>στέρνων</w> <w>διαμπὰξ</w> <w>πασσάλευʼ
</w> <w>ἐρρωμένως</w> <w>.</w> </l>



 <l n="66"><w>αἰαῖ</w> <w>,</w> <w>Προμηθεῦ</w> <w>,</w> <w>σῶν</w> <w>ὑπερστένω</w> <w>πόνων</w> <w>.</w> </l>



 <l n="67"><w>σὺ</w> <w>δʼ</w> <w>αὖ</w> <w>κατοκνεῖς</w> <w>τῶν</w> <w>Διός</w> <w>τʼ</w> <w>ἐχθρῶν
</w> <w>ὕπερ</w> </l>
 <l n="68"><w>στένεις</w> <w>;</w> <w>ὅπως</w> <w>μὴ</w> <w>σαυτὸν</w> <w>οἰκτιεῖς</w> <w>ποτε</w> <w>.</w> </l>



 <l n="69"><w>ὁρᾷς</w> <w>θέαμα</w> <w>δυσθέατον</w> <w>ὄμμασιν</w> <w>.</w> </l>



 <l n="70"><w>ὁρῶ</w> <w>κυροῦντα</w> <w>τόνδε</w> <w>τῶν</w> <w>ἐπαξίων</w> <w>.</w> </l>
 <l n="71"><w>ἀλλʼ</w> <w>ἀμφὶ</w> <w>πλευραῖς</w> <w>μασχαλιστῆρας</w> <w>βάλε</w> <w>.</w> </l>



 <l n="72"><w>δρᾶν</w> <w>ταῦτʼ</w> <w>ἀνάγκη</w> <w>,</w> <w>μηδὲν</w> <w>ἐγκέλευʼ</w> <w>ἄγαν</w> <w>.</w> </l>



 <l n="73"><w>ἦ</w> <w>μὴν</w> <w>κελεύσω</w> <w>κἀπιθωύξω</w> <w>γε</w> <w>πρός</w> <w>.</w> </l>
 <l n="74"><w>χώρει</w> <w>κάτω</w> <w>,</w> <w>σκέλη</w> <w>δὲ</w> <w>κίρκωσον</w> <w>βίᾳ</w> <w>.</w> </l>



 <l n="75"><w>καὶ</w> <w>δὴ</w> <w>πέπρακται</w> <w>τοὔργον</w> <w>οὐ</w> <w>μακρῷ
</w> <w>πόνῳ</w> <w>.</w> </l>



 <l n="76"><w>ἐρρωμένως</w> <w>νῦν</w> <w>θεῖνε</w> <w>διατόρους</w> <w>πέδας:</w> </l>
 <l n="77"><w>ὡς</w> <w>οὑπιτιμητής</w> <w>γε</w> <w>τῶν</w> <w>ἔργων</w> <w>βαρύς</w> <w>.</w> </l>



 <l n="78"><w>ὅμοια</w> <w>μορφῇ</w> <w>γλῶσσά</w> <w>σου</w> <w>γηρύεται</w> <w>.</w> </l>



 <l n="79"><w>σὺ</w> <w>μαλθακίζου</w> <w>,</w> <w>τὴν</w> <w>δʼ</w> <w>ἐμὴν</w> <w>αὐθαδίαν</w> </l>
 <l n="80"><w>ὀργῆς</w> <w>τε</w> <w>τραχύτητα</w> <w>μὴ</w> <w>ʼπίπλησσέ
</w> <w>μοι</w> <w>.</w> </l>



 <l n="81"><w>στείχωμεν</w> <w>,</w> <w>ὡς</w> <w>κώλοισιν</w> <w>ἀμφίβληστρʼ
</w> <w>ἔχει</w> <w>.</w> </l>



 <l n="82"><w>ἐνταῦθα</w> <w>νῦν</w> <w>ὕβριζε</w> <w>καὶ</w> <w>θεῶν</w> <w>γέρα</w> </l>
 <l n="83"><w>συλῶν</w> <w>ἐφημέροισι</w> <w>προστίθει</w> <w>.</w> <w>τί</w> <w>σοι</w> </l>
 <l n="84"><w>οἷοί</w> <w>τε</w> <w>θνητοὶ</w> <w>τῶνδʼ</w> <w>ἀπαντλῆσαι</w> <w>πόνων</w> <w>;</w> </l>
 <l n="85"><w>ψευδωνύμως</w> <w>σε</w> <w>δαίμονες</w> <w>Προμηθέα</w> </l>
 <l n="86"><w>καλοῦσιν:</w> <w>αὐτὸν</w> <w>γάρ</w> <w>σε</w> <w>δεῖ</w> <w>προμηθέως</w> <w>,</w> </l>
 <l n="87"><w>ὅτῳ</w> <w>τρόπῳ</w> <w>τῆσδʼ</w> <w>ἐκκυλισθήσῃ</w> <w>τέχνης</w> <w>.</w> </l>




 <l n="88"><w>ὦ</w> <w>δῖος</w> <w>αἰθὴρ</w> <w>καὶ</w> <w>ταχύπτεροι</w> <w>πνοαί</w> <w>,</w> </l>
 <l n="89"><w>ποταμῶν</w> <w>τε</w> <w>πηγαί</w> <w>,</w> <w>ποντίων</w> <w>τε</w> <w>κυμάτων</w> </l>
 <l n="90"><w>ἀνήριθμον</w> <w>γέλασμα</w> <w>,</w> <w>παμμῆτόρ</w> <w>τε
</w> <w>γῆ</w> <w>,</w> </l>
 <l n="91"><w>καὶ</w> <w>τὸν</w> <w>πανόπτην</w> <w>κύκλον</w> <w>ἡλίου</w> <w>καλῶ</w> <w>.</w> </l>
 <l n="92"><w>ἴδεσθέ</w> <w>μʼ</w> <w>οἷα</w> <w>πρὸς</w> <w>θεῶν</w> <w>πάσχω</w> <w>θεός</w> <w>.</w> </l>
 <l n="93"><w>δέρχθηθʼ</w> <w>οἵαις</w> <w>αἰκείαισιν</w> </l>
 <l n="94"><w>διακναιόμενος</w> <w>τὸν</w> <w>μυριετῆ</w> </l>





 <l n="95"><w>χρόνον</w> <w>ἀθλεύσω</w> <w>.</w> </l>
 <l n="96"><w>τοιόνδʼ</w> <w>ὁ</w> <w>νέος</w> <w>ταγὸς</w> <w>μακάρων</w> </l>
 <l n="97"><w>ἐξηῦρʼ</w> <w>ἐπʼ</w> <w>ἐμοὶ</w> <w>δεσμὸν</w> <w>ἀεικῆ</w> <w>.</w> </l>
 <l n="98"><w>φεῦ</w> <w>φεῦ</w> <w>,</w> <w>τὸ</w> <w>παρὸν</w> <w>τό</w> <w>τʼ</w> <w>ἐπερχόμενον</w> </l>
 <l n="99"><w>πῆμα</w> <w>στενάχω</w> <w>,</w> <w>πῇ</w> <w>ποτε</w> <w>μόχθων</w> </l>
 <l n="100"><w>χρὴ</w> <w>τέρματα</w> <w>τῶνδʼ</w> <w>ἐπιτεῖλαι</w> <w>.</w> </l>

 <l n="101"><w>καίτοι</w> <w>τί</w> <w>φημι</w> <w>;</w> <w>πάντα</w> <w>προυξεπίσταμαι</w> </l>
 <l n="102"><w>σκεθρῶς</w> <w>τὰ</w> <w>μέλλοντʼ</w> <w>,</w> <w>οὐδέ</w> <w>μοι
</w> <w>ποταίνιον</w> </l>
 <l n="103"><w>πῆμʼ</w> <w>οὐδὲν</w> <w>ἥξει</w> <w>.</w> <w>τὴν</w> <w>πεπρωμένην</w> <w>δὲ
</w> <w>χρὴ</w> </l>
 <l n="104"><w>αἶσαν</w> <w>φέρειν</w> <w>ὡς</w> <w>ῥᾷστα</w> <w>,</w> <w>γιγνώσκονθʼ
</w> <w>ὅτι</w> </l>
 <l n="105"><w>τὸ</w> <w>τῆς</w> <w>ἀνάγκης</w> <w>ἔστʼ</w> <w>ἀδήριτον
</w> <w>σθένος</w> <w>.</w> </l>
 <l n="106"><w>ἀλλʼ</w> <w>οὔτε</w> <w>σιγᾶν</w> <w>οὔτε</w> <w>μὴ</w> <w>σιγᾶν</w> <w>τύχας</w> </l>
 <l n="107"><w>οἷόν</w> <w>τέ</w> <w>μοι</w> <w>τάσδʼ</w> <w>ἐστί</w> <w>.</w> <w>θνητοῖς</w> <w>γὰρ
</w> <w>γέρα</w> </l>
 <l n="108"><w>πορὼν</w> <w>ἀνάγκαις</w> <w>ταῖσδʼ</w> <w>ἐνέζευγμαι
</w> <w>τάλας</w> <w>.</w> </l>
 <l n="109"><w>ναρθηκοπλήρωτον</w> <w>δὲ</w> <w>θηρῶμαι</w> <w>πυρὸς</w> </l>
 <l n="110"><w>πηγὴν</w> <w>κλοπαίαν</w> <w>,</w> <w>ἣ</w> <w>διδάσκαλος
</w> <w>τέχνης</w> </l>
 <l n="111"><w>πάσης</w> <w>βροτοῖς</w> <w>πέφηνε</w> <w>καὶ</w> <w>μέγας</w> <w>πόρος</w> <w>.</w> </l>
 <l n="112"><w>τοιῶνδε</w> <w>ποινὰς</w> <w>ἀμπλακημάτων</w> <w>τίνω</w> </l>
 <l n="113"><w>ὑπαιθρίοις</w> <w>δεσμοῖς</w> <w>πεπασσαλευμένος</w> <w>.</w> </l>






 <l n="114"><w>ἆ</w> <w>ἆ</w> <w>ἔα</w> <w>ἔα</w> <w>.</w> </l>
 <l n="115"><w>τίς</w> <w>ἀχώ</w> <w>,</w> <w>τίς</w> <w>ὀδμὰ</w> <w>προσέπτα</w> <w>μʼ
</w> <w>ἀφεγγής</w> <w>,</w> </l>
 <l n="116"><w>θεόσυτος</w> <w>,</w> <w>ἢ</w> <w>βρότειος</w> <w>,</w> <w>ἢ</w> <w>κεκραμένη</w> <w>;</w> </l>
 <l n="117"><w>ἵκετο</w> <w>τερμόνιον</w> <w>ἐπὶ</w> <w>πάγον</w> </l>
 <l n="118"><w>πόνων</w> <w>ἐμῶν</w> <w>θεωρός</w> <w>,</w> <w>ἢ</w> <w>τί</w> <w>δὴ</w> <w>θέλων</w> <w>;</w> </l>
 <l n="119"><w>ὁρᾶτε</w> <w>δεσμώτην</w> <w>με</w> <w>δύσποτμον</w> <w>θεόν</w> </l>
 <l n="120"><w>τὸν</w> <w>Διὸς</w> <w>ἐχθρόν</w> <w>,</w> <w>τὸν</w> <w>πᾶσι</w> <w>θεοῖς</w> </l>






 <l n="121"><w>διʼ</w> <w>ἀπεχθείας</w> <w>ἐλθόνθʼ</w> <w>ὁπόσοι</w> </l>
 <l n="122"><w>τὴν</w> <w>Διὸς</w> <w>αὐλὴν</w> <w>εἰσοιχνεῦσιν</w> <w>,</w> </l>
 <l n="123"><w>διὰ</w> <w>τὴν</w> <w>λίαν</w> <w>φιλότητα</w> <w>βροτῶν</w> <w>.</w> </l>
 <l n="124"><w>φεῦ</w> <w>φεῦ</w> <w>,</w> <w>τί</w> <w>ποτʼ</w> <w>αὖ</w> <w>κινάθισμα</w> <w>κλύω</w> </l>
 <l n="125"><w>πέλας</w> <w>οἰωνῶν</w> <w>;</w> <w>αἰθὴρ</w> <w>δʼ
</w> <w>ἐλαφραῖς</w> </l>
 <l n="126"><w>πτερύγων</w> <w>ῥιπαῖς</w> <w>ὑποσυρίζει</w> <w>.</w> </l>
 <l n="127"><w>πᾶν</w> <w>μοι</w> <w>φοβερὸν</w> <w>τὸ</w> <w>προσέρπον</w> <w>.</w> </l>








 <l n="128"><w>μηδὲν</w> <w>φοβηθῇς:</w> <w>φιλία</w> </l>
 <l n="128b"><w>γὰρ</w> <w>ἅδε</w> <w>τάξις</w> <w>πτερύγων</w> </l>
 <l n="129"><w>θοαῖς</w> <w>ἁμίλλαις</w> <w>προσέβα</w> </l>
 <l n="130"><w>τόνδε</w> <w>πάγον</w> <w>,</w> <w>πατρῴας</w> </l>
 <l n="131"><w>μόγις</w> <w>παρειποῦσα</w> <w>φρένας</w> <w>.</w> </l>
 <l n="132"><w>κραιπνοφόροι</w> <w>δέ</w> <w>μʼ</w> <w>ἔπεμψαν</w> <w>αὖραι:</w> </l>
 <l n="133"><w>κτύπου</w> <w>γὰρ</w> <w>ἀχὼ</w> <w>χάλυβος</w> </l>
 <l n="130b"><w>διῇξεν</w> <w>ἄντρων</w> <w>μυχόν</w> <w>,</w> <w>ἐκ</w> </l>
 <l n="134"><w>δʼ</w> <w>ἔπληξέ</w> <w>μου</w> <w>τὰν</w> <w>θεμερῶπιν</w> <w>αἰδῶ:</w> </l>
 <l n="135"><w>σύθην</w> <w>δʼ</w> <w>ἀπέδιλος</w> <w>ὄχῳ</w> <w>πτερωτῷ</w> <w>.</w> </l>






 <l n="136"><w>αἰαῖ</w> <w>αἰαῖ</w> <w>,</w> </l>
 <l n="137"><w>τῆς</w> <w>πολυτέκνου</w> <w>Τηθύος</w> <w>ἔκγονα</w> <w>,</w> </l>
 <l n="138"><w>τοῦ</w> <w>περὶ</w> <w>πᾶσάν</w> <w>θʼ</w> <w>εἱλισσομένου</w> </l>
 <l n="139"><w>χθόνʼ</w> <w>ἀκοιμήτῳ</w> <w>ῥεύματι</w> <w>παῖδες</w> </l>
 <l n="140"><w>πατρὸς</w> <w>,</w> <w>Ὠκεανοῦ</w> <w>,</w> </l>
 <l n="141"><w>δέρχθητʼ</w> <w>,</w> <w>ἐσίδεσθʼ</w> <w>οἵῳ</w> <w>δεσμῷ</w> <w>,</w> </l>
 <l n="142"><w>προσπορπατὸς</w> <w>τῆσδε</w> <w>φάραγγος</w> </l>
 <l n="143"><w>σκοπέλοις</w> <w>ἐν</w> <w>ἄκροις</w> </l>
 <l n="143b"><w>φρουρὰν</w> <w>ἄζηλον</w> <w>ὀχήσω</w> <w>.</w> </l>






 <l n="144"><w>λεύσσω</w> <w>,</w> <w>Προμηθεῦ:</w> <w>φοβερὰ</w> </l>
 <l n="145"><w>δʼ</w> <w>ἐμοῖσιν</w> <w>ὄσσοις</w> <w>ὀμίχλα</w> </l>
 <l n="145a"><w>προσῇξε</w> <w>πλήρης</w> <w>δακρύων</w> </l>
 <l n="145b"><w>σὸν</w> <w>δέμας</w> <w>εἰσιδούσᾳ</w> </l>
 <l n="146"><w>πέτραις</w> <w>προσαυαινόμενον</w> </l>
 <l n="147"><w>ταῖσδʼ</w> <w>ἀδαμαντοδέτοισι</w> <w>λύμαις</w> <w>.</w> </l>
 <l n="148"><w>νέοι</w> <w>γὰρ</w> <w>οἰακονόμοι</w> </l>
 <l n="149"><w>κρατοῦσʼ</w> <w>,</w> <w>Ὀλύμπου:</w> <w>νεοχμοῖς</w> </l>
 <l n="150"><w>δὲ</w> <w>δὴ</w> <w>νόμοις</w> <w>Ζεὺς</w> <w>ἀθέτως
</w> <w>κρατύνει</w> <w>.</w> </l>
 <l n="151"><w>τὰ</w> <w>πρὶν</w> <w>δὲ</w> <w>πελώρια</w> <w>νῦν</w> <w>ἀιστοῖ</w> <w>.</w> </l>






 <l n="152"><w>εἰ</w> <w>γάρ</w> <w>μʼ</w> <w>ὑπὸ</w> <w>γῆν</w> <w>νέρθεν</w> <w>θʼ</w> <w>Ἅιδου</w> </l>
 <l n="153"><w>τοῦ</w> <w>νεκροδέγμονος</w> <w>εἰς</w> <w>ἀπέρατον</w> </l>
 <l n="154"><w>Τάρταρον</w> <w>ἧκεν</w> <w>,</w> </l>
 <l n="155"><w>δεσμοῖς</w> <w>ἀλύτοις</w> <w>ἀγρίως
</w> <w>πελάσας</w> <w>,</w> </l>
 <l n="156"><w>ὡς</w> <w>μήτε</w> <w>θεὸς</w> <w>μήτε</w> <w>τις</w> <w>ἄλλος</w> </l>
 <l n="157"><w>τοῖσδʼ</w> <w>ἐπεγήθει</w> <w>.</w> </l>
 <l n="158"><w>νῦν</w> <w>δʼ</w> <w>αἰθέριον</w> <w>κίνυγμʼ</w> <w>ὁ</w> <w>τάλας</w> </l>
 <l n="159"><w>ἐχθροῖς</w> <w>ἐπίχαρτα</w> <w>πέπονθα</w> <w>.</w> </l>






 <l n="160"><w>τίς</w> <w>ὧδε</w> <w>τλησικάρδιος</w> </l>
 <l n="161"><w>θεῶν</w> <w>,</w> <w>ὅτῳ</w> <w>τάδʼ</w> <w>ἐπιχαρῆ</w> <w>;</w> </l>
 <l n="162"><w>τίς</w> <w>οὐ</w> <w>ξυνασχαλᾷ</w> <w>κακοῖς</w> </l>
 <l n="163"><w>τεοῖσι</w> <w>,</w> <w>δίχα</w> <w>γε</w> <w>Διός</w> <w>;</w> <w>ὁ</w> <w>δʼ</w> <w>ἐπικότως</w> <w>ἀεὶ</w> </l>
 <l n="164"><w>θέμενος</w> <w>ἄγναμπτον</w> <w>νόον</w> </l>
 <l n="165"><w>δάμναται</w> <w>Οὐρανίαν</w> </l>
 <l n="166"><w>γένναν</w> <w>,</w> <w>οὐδὲ</w> <w>λήξει</w> <w>,</w> <w>πρὶν</w> <w>ἂν</w> <w>ἢ</w> <w>κορέσῃ</w> <w>κέαρ</w> <w>ἢ</w> <w>παλάμᾳ
</w> <w>τινὶ</w> </l>
 <l n="167"><w>τὰν</w> <w>δυσάλωτον</w> <w>ἕλῃ</w> <w>τις</w> <w>ἀρχάν</w> <w>.</w> </l>






 <l n="168"><w>ἦ</w> <w>μὴν</w> <w>ἔτʼ</w> <w>ἐμοῦ</w> <w>,</w> <w>καίπερ</w> <w>κρατεραῖς</w> </l>
 <l n="169"><w>ἐν</w> <w>γυιοπέδαις</w> <w>αἰκιζομένου</w> <w>,</w> </l>
 <l n="170"><w>χρείαν</w> <w>ἕξει</w> <w>μακάρων</w> <w>πρύτανις</w> <w>,</w> </l>
 <l n="171"><w>δεῖξαι</w> <w>τὸ</w> <w>νέον</w> <w>βούλευμʼ</w> <w>ὑφʼ</w> <w>ὅτου</w> </l>
 <l n="172"><w>σκῆπτρον</w> <w>τιμάς</w> <w>τʼ</w> <w>ἀποσυλᾶται</w> <w>.</w> </l>
 <l n="173"><w>καί</w> <w>μʼ</w> <w>οὔτι</w> <w>μελιγλώσσοις</w> <w>πειθοῦς</w> </l>
 <l n="174"><w>ἐπαοιδαῖσιν</w> <w>θέλξει</w> <w>,</w> <w>στερεάς</w> <w>τʼ</w> </l>
 <l n="175"><w>οὔποτʼ</w> <w>ἀπειλὰς</w> <w>πτήξας</w> <w>τόδʼ
</w> <w>ἐγὼ</w> </l>
 <l n="176"><w>καταμηνύσω</w> <w>,</w> </l>
 <l n="177"><w>πρὶν</w> <w>ἂν</w> <w>ἐξ</w> <w>ἀγρίων</w> <w>δεσμῶν</w> <w>χαλάσῃ</w> </l>
 <l n="178"><w>ποινάς</w> <w>τε</w> <w>τίνειν</w> </l>
 <l n="179"><w>τῆσδʼ</w> <w>αἰκείας</w> <w>ἐθελήσῃ</w> <w>.</w> </l>






 <l n="180"><w>σὺ</w> <w>μὲν</w> <w>θρασύς</w> <w>τε</w> <w>καὶ</w> <w>πικραῖς</w> </l>
 <l n="181"><w>δύαισιν</w> <w>οὐδὲν</w> <w>ἐπιχαλᾷς</w> <w>,</w> </l>
 <l n="182"><w>ἄγαν</w> <w>δʼ</w> <w>ἐλευθεροστομεῖς</w> <w>.</w> </l>
 <l n="183"><w>ἐμὰς</w> <w>δὲ</w> <w>φρένας</w> <w>ἐρέθισε</w> <w>διάτορος</w> <w>φόβος:</w> </l>
 <l n="184"><w>δέδια</w> <w>δʼ</w> <w>ἀμφὶ</w> <w>σαῖς</w> <w>τύχαις</w> <w>,</w> </l>
 <l n="185"><w>πᾷ</w> <w>ποτε</w> <w>τῶνδε</w> <w>πόνων</w> </l>
 <l n="186"><w>χρή</w> <w>σε</w> <w>τέρμα</w> <w>κέλσαντʼ</w> </l>
 <l n="187"><w>ἐσιδεῖν:</w> <w>ἀκίχητα</w> <w>γὰρ</w> <w>ἤθεα</w> <w>καὶ
</w> <w>κέαρ</w> </l>
 <l n="188"><w>ἀπαράμυθον</w> <w>ἔχει</w> <w>Κρόνου</w> <w>παῖς</w> <w>.</w> </l>






 <l n="189"><w>οἶδʼ</w> <w>ὅτι</w> <w>τραχὺς</w> <w>καὶ</w> <w>παρʼ</w> <w>ἑαυτῷ</w> </l>
 <l n="190"><w>τὸ</w> <w>δίκαιον</w> <w>ἔχων</w> <w>Ζεύς</w> <w>.</w> <w>ἀλλʼ</w> <w>ἔμπας</w> <w>
</w> </l>
 <l n="191"><w>μαλακογνώμων</w> </l>
 <l n="192"><w>ἔσται</w> <w>ποθʼ</w> <w>,</w> <w>ὅταν</w> <w>ταύτῃ</w> <w>ῥαισθῇ:</w> </l>
 <l n="193"><w>τὴν</w> <w>δʼ</w> <w>ἀτέραμνον</w> <w>στορέσας</w> <w>ὀργὴν</w> </l>
 <l n="194"><w>εἰς</w> <w>ἀρθμὸν</w> <w>ἐμοὶ</w> <w>καὶ</w> <w>φιλότητα</w> </l>
 <l n="195"><w>σπεύδων</w> <w>σπεύδοντί</w> <w>ποθʼ</w> <w>ἥξει</w> <w>.</w> </l>







 <l n="195a"><w>πάντʼ</w> <w>ἐκκάλυψον</w> <w>καὶ</w> <w>γέγωνʼ</w> <w>ἡμῖν</w> <w>λόγον</w> <w>,</w> </l>
 <l n="196"><w>ποίῳ</w> <w>λαβών</w> <w>σε</w> <w>Ζεὺς</w> <w>ἐπʼ</w> <w>αἰτιάματι</w> <w>,</w> </l>
 <l n="197"><w>οὕτως</w> <w>ἀτίμως</w> <w>καὶ</w> <w>πικρῶς</w> <w>αἰκίζεται:</w> </l>
 <l n="198"><w>δίδαξον</w> <w>ἡμᾶς</w> <w>,</w> <w>εἴ</w> <w>τι</w> <w>μὴ</w> <w>βλάπτει</w> <w>λόγῳ</w> <w>.</w> </l>



 <l n="199"><w>ἀλγεινὰ</w> <w>μέν</w> <w>μοι</w> <w>καὶ</w> <w>λέγειν</w> <w>ἐστὶν</w> <w>τάδε</w> <w>,</w> </l>
 <l n="200"><w>ἄλγος</w> <w>δὲ</w> <w>σιγᾶν</w> <w>,</w> <w>πανταχῇ</w> <w>δὲ
</w> <w>δύσποτμα</w> <w>.</w> </l>
 <l n="201"><w>ἐπεὶ</w> <w>τάχιστʼ</w> <w>ἤρξαντο</w> <w>δαίμονες</w> <w>χόλου</w> </l>
 <l n="202"><w>στάσις</w> <w>τʼ</w> <w>ἐν</w> <w>ἀλλήλοισιν</w> <w>ὠροθύνετο</w> <w>,</w> </l>
 <l n="203"><w>οἱ</w> <w>μὲν</w> <w>θέλοντες</w> <w>ἐκβαλεῖν</w> <w>ἕδρας</w> <w>Κρόνον</w> <w>,</w> </l>
 <l n="204"><w>ὡς</w> <w>Ζεὺς</w> <w>ἀνάσσοι</w> <w>δῆθεν</w> <w>,</w> <w>οἱ</w> <w>δὲ</w> <w>τοὔμπαλιν</w> </l>
 <l n="205"><w>σπεύδοντες</w> <w>,</w> <w>ὡς</w> <w>Ζεὺς</w> <w>μήποτʼ</w> <w>ἄρξειεν
</w> <w>θεῶν</w> <w>,</w> </l>
 <l n="206"><w>ἐνταῦθʼ</w> <w>ἐγὼ</w> <w>τὰ</w> <w>λῷστα</w> <w>βουλεύων</w> <w>πιθεῖν</w> </l>
 <l n="207"><w>Τιτᾶνας</w> <w>,</w> <w>Οὐρανοῦ</w> <w>τε</w> <w>καὶ</w> <w>Χθονὸς</w> <w>τέκνα</w> <w>,</w> </l>
 <l n="208"><w>οὐκ</w> <w>ἠδυνήθην</w> <w>.</w> <w>αἱμύλας</w> <w>δὲ</w> <w>μηχανὰς</w> </l>
 <l n="209"><w>ἀτιμάσαντες</w> <w>καρτεροῖς</w> <w>φρονήμασιν</w> </l>
 <l n="210"><w>ᾤοντʼ</w> <w>ἀμοχθεὶ</w> <w>πρὸς</w> <w>βίαν</w> <w>τε
</w> <w>δεσπόσειν:</w> </l>
 <l n="211"><w>ἐμοὶ</w> <w>δὲ</w> <w>μήτηρ</w> <w>οὐχ</w> <w>ἅπαξ</w> <w>μόνον</w> <w>Θέμις</w> <w>,</w> </l>
 <l n="212"><w>καὶ</w> <w>Γαῖα</w> <w>,</w> <w>πολλῶν</w> <w>ὀνομάτων</w> <w>μορφὴ</w> <w>μία</w> <w>,</w> </l>
 <l n="213"><w>τὸ</w> <w>μέλλον</w> <w>κραίνοιτο</w> <w>προυτεθεσπίκει</w> <w>,</w> </l>
 <l n="214"><w>ὡς</w> <w>οὐ</w> <w>κατʼ</w> <w>ἰσχὺν</w> <w>οὐδὲ</w> <w>πρὸς</w> <w>τὸ</w> <w>καρτερόν</w> </l>
 <l n="215"><w>χρείη</w> <w>,</w> <w>δόλῳ</w> <w>δὲ</w> <w>τοὺς</w> <w>ὑπερσχόντας
</w> <w>κρατεῖν</w> <w>.</w> </l>
 <l n="216"><w>τοιαῦτʼ</w> <w>ἐμοῦ</w> <w>λόγοισιν</w> <w>ἐξηγουμένου</w> </l>
 <l n="217"><w>οὐκ</w> <w>ἠξίωσαν</w> <w>οὐδὲ</w> <w>προσβλέψαι</w> <w>τὸ</w> <w>πᾶν</w> <w>.</w> </l>
 <l n="218"><w>κράτιστα</w> <w>δή</w> <w>μοι</w> <w>τῶν</w> <w>παρεστώτων</w> <w>τότε</w> </l>
 <l n="219"><w>ἐφαίνετʼ</w> <w>εἶναι</w> <w>προσλαβόντα</w> <w>μητέρα</w> </l>
 <l n="220"><w>ἑκόνθʼ</w> <w>ἑκόντι</w> <w>Ζηνὶ
</w> <w>συμπαραστατεῖν</w> <w>.</w> </l>
 <l n="221"><w>ἐμαῖς</w> <w>δὲ</w> <w>βουλαῖς</w> <w>Ταρτάρου</w> <w>μελαμβαθὴς</w> </l>
 <l n="222"><w>κευθμὼν</w> <w>καλύπτει</w> <w>τὸν</w> <w>παλαιγενῆ</w> <w>Κρόνον</w> </l>
 <l n="223"><w>αὐτοῖσι</w> <w>συμμάχοισι</w> <w>.</w> <w>τοιάδʼ</w> <w>ἐξ</w> <w>ἐμοῦ</w> </l>
 <l n="224"><w>ὁ</w> <w>τῶν</w> <w>θεῶν</w> <w>τύραννος</w> <w>ὠφελημένος</w> </l>
 <l n="225"><w>κακαῖσι</w> <w>ποιναῖς</w> <w>ταῖσδὲ</w> <w>μʼ
</w> <w>ἐξημείψατο</w> <w>.</w> </l>
 <l n="226"><w>ἔνεστι</w> <w>γάρ</w> <w>πως</w> <w>τοῦτο</w> <w>τῇ</w> <w>τυραννίδι</w> </l>
 <l n="227"><w>νόσημα</w> <w>,</w> <w>τοῖς</w> <w>φίλοισι</w> <w>μὴ</w> <w>πεποιθέναι</w> <w>.</w> </l>
 <l n="228"> <w>ὃ</w> <w>δʼ</w> <w>οὖν</w> <w>ἐρωτᾶτʼ</w> <w>,</w> <w>αἰτίαν</w> <w>καθʼ</w> <w>ἥντινα</w> </l>
 <l n="229"><w>αἰκίζεταί</w> <w>με</w> <w>,</w> <w>τοῦτο</w> <w>δὴ</w> <w>σαφηνιῶ</w> <w>.</w> </l>
 <l n="230"> <w>ὅπως</w> <w>τάχιστα</w> <w>τὸν</w> <w>πατρῷον</w> <w>ἐς
</w> <w>θρόνον</w> </l>
 <l n="231"><w>καθέζετʼ</w> <w>,</w> <w>εὐθὺς</w> <w>δαίμοσιν</w> <w>νέμει</w> <w>γέρα</w> </l>
 <l n="232"><w>ἄλλοισιν</w> <w>ἄλλα</w> <w>καὶ</w> <w>διεστοιχίζετο</w> </l>
 <l n="233"><w>ἀρχήν:</w> <w>βροτῶν</w> <w>δὲ</w> <w>τῶν</w> <w>ταλαιπώρων</w> <w>λόγον</w> </l>
 <l n="234"><w>οὐκ</w> <w>ἔσχεν</w> <w>οὐδένʼ</w> <w>,</w> <w>ἀλλʼ</w> <w>ἀιστώσας</w> <w>γένος</w> </l>
 <l n="235"><w>τὸ</w> <w>πᾶν</w> <w>ἔχρῃζεν</w> <w>ἄλλο</w> <w>φιτῦσαι
</w> <w>νέον</w> <w>.</w> </l>
 <l n="236"><w>καὶ</w> <w>τοῖσιν</w> <w>οὐδεὶς</w> <w>ἀντέβαινε</w> <w>πλὴν</w> <w>ἐμοῦ</w> <w>.</w> </l>
 <l n="237"><w>ἐγὼ</w> <w>δʼ</w> <w>ἐτόλμησʼ:</w> <w>ἐξελυσάμην</w> <w>βροτοὺς</w> </l>
 <l n="238"><w>τὸ</w> <w>μὴ</w> <w>διαρραισθέντας</w> <w>εἰς</w> <w>Ἅιδου</w> <w>μολεῖν</w> <w>.</w> </l>
 <l n="239"><w>τῷ</w> <w>τοι</w> <w>τοιαῖσδε</w> <w>πημοναῖσι</w> <w>κάμπτομαι</w> <w>,</w> </l>
 <l n="240"><w>πάσχειν</w> <w>μὲν</w> <w>ἀλγειναῖσιν</w> <w>,</w> <w>οἰκτραῖσιν</w> <w>δʼ
</w> <w>ἰδεῖν:</w> </l>
 <l n="241"><w>θνητοὺς</w> <w>δʼ</w> <w>ἐν</w> <w>οἴκτῳ</w> <w>προθέμενος</w> <w>,</w> <w>τούτου
</w> <w>τυχεῖν</w> </l>
 <l n="242"><w>οὐκ</w> <w>ἠξιώθην</w> <w>αὐτός</w> <w>,</w> <w>ἀλλὰ</w> <w>νηλεῶς</w> </l>
 <l n="243"><w>ὧδʼ</w> <w>ἐρρύθμισμαι</w> <w>,</w> <w>Ζηνὶ</w> <w>δυσκλεὴς</w> <w>θέα</w> <w>.</w> </l>




 <l n="244"><w>σιδηρόφρων</w> <w>τε</w> <w>κἀκ</w> <w>πέτρας</w> <w>εἰργασμένος</w> </l>
 <l n="245"><w>ὅστις</w> <w>,</w> <w>Προμηθεῦ</w> <w>,</w> <w>σοῖσιν</w> <w>οὐ
</w> <w>συνασχαλᾷ</w> </l>
 <l n="246"><w>μόχθοις:</w> <w>ἐγὼ</w> <w>γὰρ</w> <w>οὔτʼ</w> <w>ἂν</w> <w>εἰσιδεῖν</w> <w>τάδε</w> </l>
 <l n="247"><w>ἔχρῃζον</w> <w>εἰσιδοῦσά</w> <w>τʼ</w> <w>ἠλγύνθην</w> <w>κέαρ</w> <w>.</w> </l>



 <l n="248"><w>καὶ</w> <w>μὴν</w> <w>φίλοις</w> <w>γʼ</w>  <w>ἐλεινὸς</w> <w>εἰσορᾶν</w> <w>ἐγώ</w> <w>.</w> </l>



 <l n="249"><w>μή</w> <w>πού</w> <w>τι</w> <w>προύβης</w> <w>τῶνδε</w> <w>καὶ</w> <w>περαιτέρω</w> <w>;</w> </l>



 <l n="250"><w>θνητούς</w> <w>γʼ</w> <w>ἔπαυσα</w> <w>μὴ</w> <w>προδέρκεσθαι
</w> <w>μόρον</w> <w>.</w> </l>



 <l n="251"><w>τὸ</w> <w>ποῖον</w> <w>εὑρὼν</w> <w>τῆσδε</w> <w>φάρμακον</w> <w>νόσου</w> <w>;</w> </l>



 <l n="252"><w>τυφλὰς</w> <w>ἐν</w> <w>αὐτοῖς</w> <w>ἐλπίδας</w> <w>κατῴκισα</w> <w>.</w> </l>



 <l n="253"><w>μέγʼ</w> <w>ὠφέλημα</w> <w>τοῦτʼ</w> <w>ἐδωρήσω</w> <w>βροτοῖς</w> <w>.</w> </l>



 <l n="254"><w>πρὸς</w> <w>τοῖσδε</w> <w>μέντοι</w> <w>πῦρ</w> <w>ἐγώ</w> <w>σφιν</w> <w>ὤπασα</w> <w>.</w> </l>



 <l n="255"><w>καὶ</w> <w>νῦν</w> <w>φλογωπὸν</w> <w>πῦρ</w> <w>ἔχουσʼ
</w> <w>ἐφήμεροι</w> <w>;</w> </l>



 <l n="256"><w>ἀφʼ</w> <w>οὗ</w> <w>γε</w> <w>πολλὰς</w> <w>ἐκμαθήσονται</w> <w>τέχνας</w> <w>.</w> </l>



 <l n="257"><w>τοιοῖσδε</w> <w>δή</w> <w>σε</w> <w>Ζεὺς</w> <w>ἐπʼ</w> <w>αἰτιάμασιν—</w> </l>



 <l n="258"><w>αἰκίζεταί</w> <w>τε</w> <w>κοὐδαμῇ</w> <w>χαλᾷ</w> <w>κακῶν</w> <w>.</w> </l>



 <l n="259"><w>οὐδʼ</w> <w>ἔστιν</w> <w>ἄθλου</w> <w>τέρμα</w> <w>σοι</w> <w>προκείμενον</w> <w>;</w> </l>



 <l n="260"><w>οὐκ</w> <w>ἄλλο</w> <w>γʼ</w> <w>οὐδέν</w> <w>,</w> <w>πλὴν</w> <w>ὅταν</w> <w>κείνῳ
</w> <w>δοκῇ</w> <w>.</w> </l>



 <l n="261"><w>δόξει</w> <w>δὲ</w> <w>πῶς</w> <w>;</w> <w>τίς</w> <w>ἐλπίς</w> <w>;</w> <w>οὐχ</w> <w>ὁρᾷς</w> <w>ὅτι</w> </l>
 <l n="262"><w>ἥμαρτες</w> <w>;</w> <w>ὡς</w> <w>δʼ</w> <w>ἥμαρτες</w> <w>οὔτʼ</w> <w>ἐμοὶ</w> <w>λέγειν</w> </l>
 <l n="263"><w>καθʼ</w> <w>ἡδονὴν</w> <w>σοί</w> <w>τʼ</w> <w>ἄλγος</w> <w>.</w> <w>ἀλλὰ</w> <w>ταῦτα</w> <w>μὲν</w> </l>
 <l n="264"><w>μεθῶμεν</w> <w>,</w> <w>ἄθλου</w> <w>δʼ</w> <w>ἔκλυσιν</w> <w>ζήτει</w> <w>τινά</w> <w>.</w> </l>




 <l n="265"><w>ἐλαφρὸν</w> <w>ὅστις</w> <w>πημάτων</w> <w>ἔξω</w> <w>πόδα</w> </l>
 <l n="266"><w>ἔχει</w> <w>παραινεῖν</w> <w>νουθετεῖν</w> <w>τε</w> <w>τὸν</w> <w>κακῶς</w> </l>
 <l n="267"><w>πράσσοντʼ:</w> <w>ἐγὼ</w> <w>δὲ</w> <w>ταῦθʼ</w> <w>ἅπαντʼ
</w> <w>ἠπιστάμην</w> <w>.</w> </l>
 <l n="268"><w>ἑκὼν</w> <w>ἑκὼν</w> <w>ἥμαρτον</w> <w>,</w> <w>οὐκ</w> <w>ἀρνήσομαι:</w> </l>
 <l n="269"><w>θνητοῖς</w> <w>ἀρήγων</w> <w>αὐτὸς</w> <w>ηὑρόμην</w> <w>πόνους</w> <w>.</w> </l>
 <l n="270"><w>οὐ</w> <w>μήν</w> <w>τι</w> <w>ποιναῖς</w> <w>γʼ</w> <w>ᾠόμην</w> <w>τοίαισί
</w> <w>με</w> </l>
 <l n="271"><w>κατισχνανεῖσθαι</w> <w>πρὸς</w> <w>πέτραις
</w> <w>πεδαρσίοις</w> <w>,</w> </l>
 <l n="272"><w>τυχόντʼ</w> <w>ἐρήμου</w> <w>τοῦδʼ</w> <w>ἀγείτονος</w> <w>πάγου</w> <w>.</w> </l>
 <l n="273"><w>καί</w> <w>μοι</w> <w>τὰ</w> <w>μὲν</w> <w>παρόντα</w> <w>μὴ</w> <w>δύρεσθʼ</w> <w>ἄχη</w> <w>,</w> </l>
 <l n="274"><w>πέδοι</w> <w>δὲ</w> <w>βᾶσαι</w> <w>τὰς</w> <w>προσερπούσας</w> <w>τύχας</w> </l>
 <l n="275"><w>ἀκούσαθʼ</w> <w>,</w> <w>ὡς</w> <w>μάθητε</w> <w>διὰ</w> <w>τέλους</w> <w>τὸ
</w> <w>πᾶν</w> <w>.</w> </l>
 <l n="276"><w>πίθεσθέ</w> <w>μοι</w> <w>πίθεσθε</w> <w>,</w> <w>συμπονήσατε</w> </l>
 <l n="277"><w>τῷ</w> <w>νῦν</w> <w>μογοῦντι</w> <w>.</w> <w>ταὐτά</w> <w>τοι</w> <w>πλανωμένη</w> </l>
 <l n="278"><w>πρὸς</w> <w>ἄλλοτʼ</w> <w>ἄλλον</w> <w>πημονὴ</w> <w>προσιζάνει</w> <w>.</w> </l>





 <l n="279"><w>οὐκ</w> <w>ἀκούσαις</w> <w>ἐπεθώυξας</w> </l>
 <l n="280"><w>τοῦτο</w> <w>,</w> <w>Προμηθεῦ</w> <w>.</w> </l>
 <l n="281"><w>καὶ</w> <w>νῦν</w> <w>ἐλαφρῷ</w> <w>ποδὶ</w> <w>κραιπνόσυτον</w> </l>
 <l n="282"><w>θᾶκον</w> <w>προλιποῦσʼ</w> <w>,</w> <w>αἰθέρα</w> <w>θʼ</w> <w>ἁγνὸν</w> </l>
 <l n="283"><w>πόρον</w> <w>οἰωνῶν</w> <w>,</w> <w>ὀκριοέσσῃ</w> </l>
 <l n="284"><w>χθονὶ</w> <w>τῇδε</w> <w>πελῶ</w> <w>,</w> <w>τοὺς</w> <w>σοὺς</w> <w>δὲ</w> <w>πόνους</w> </l>
 <l n="285"><w>χρῄζω</w> <w>διὰ</w> <w>παντὸς</w> <w>ἀκοῦσαι</w> <w>.</w> </l>





 <l n="286"><w>ἥκω</w> <w>δολιχῆς</w> <w>τέρμα</w> <w>κελεύθου</w> </l>
 <l n="287"><w>διαμειψάμενος</w> <w>πρὸς</w> <w>σέ</w> <w>,</w> <w>Προμηθεῦ</w> <w>,</w> </l>
 <l n="288"><w>τὸν</w> <w>πτερυγωκῆ</w> <w>τόνδʼ</w> <w>οἰωνὸν</w> </l>
 <l n="289"><w>γνώμῃ</w> <w>στομίων</w> <w>ἄτερ</w> <w>εὐθύνων:</w> </l>
 <l n="290"><w>ταῖς</w> <w>σαῖς</w> <w>δὲ</w> <w>τύχαις</w> <w>,</w> <w>ἴσθι</w> <w>,</w> <w>
</w> <w>συναλγῶ</w> <w>.</w> </l>
 <l n="291"><w>τὸ</w> <w>τε</w> <w>γάρ</w> <w>με</w> <w>,</w> <w>δοκῶ</w> <w>,</w> <w>συγγενὲς</w> <w>οὕτως</w> </l>
 <l n="292"><w>ἐσαναγκάζει</w> <w>,</w> </l>
 <l n="293"><w>χωρίς</w> <w>τε</w> <w>γένους</w> <w>οὐκ</w> <w>ἔστιν</w> <w>ὅτῳ</w> </l>
 <l n="294"><w>μείζονα</w> <w>μοῖραν</w> <w>νείμαιμʼ</w> <w>ἢ</w> <w>σοί</w> <w>.</w> </l>
 <l n="295"><w>γνώσῃ</w> <w>δὲ</w> <w>τάδʼ</w> <w>ὡς</w> <w>ἔτυμʼ</w> <w>,</w> <w>οὐδὲ
</w> <w>μάτην</w> </l>
 <l n="296"><w>χαριτογλωσσεῖν</w> <w>ἔνι</w> <w>μοι:</w> <w>φέρε</w> <w>γὰρ</w> </l>
 <l n="297"><w>σήμαινʼ</w> <w>ὅ</w> <w>τι</w> <w>χρή</w> <w>σοι</w> <w>συμπράσσειν:</w> </l>
 <l n="298"><w>οὐ</w> <w>γάρ</w> <w>ποτʼ</w> <w>ἐρεῖς</w> <w>ὡς</w> <w>Ὠκεανοῦ</w> </l>
 <l n="299"><w>φίλος</w> <w>ἐστὶ</w> <w>βεβαιότερός</w> <w>σοι</w> <w>.</w> </l>




 <l n="300"><w>ἔα:</w> <w>τί</w> <w>χρῆμα</w> <w>λεύσσω</w> <w>;</w> <w>καὶ</w> <w>σὺ</w> <w>δὴ</w> <w>πόνων
</w> <w>ἐμῶν</w> </l>
 <l n="301"><w>ἥκεις</w> <w>ἐπόπτης</w> <w>;</w> <w>πῶς</w> <w>ἐτόλμησας</w> <w>,</w> <w>λιπὼν</w> </l>
 <l n="302"><w>ἐπώνυμόν</w> <w>τε</w> <w>ῥεῦμα</w> <w>καὶ</w> <w>πετρηρεφῆ</w> </l>
 <l n="303"><w>αὐτόκτιτʼ</w> <w>ἄντρα</w> <w>,</w> <w>τὴν</w> <w>σιδηρομήτορα</w> </l>
 <l n="304"><w>ἐλθεῖν</w> <w>ἐς</w> <w>αἶαν</w> <w>;</w> <w>ἦ</w> <w>θεωρήσων</w> <w>τύχας</w> </l>
 <l n="305"><w>ἐμὰς</w> <w>ἀφῖξαι</w> <w>καὶ</w> <w>συνασχαλῶν
</w> <w>κακοῖς</w> <w>;</w> </l>
 <l n="306"><w>δέρκου</w> <w>θέαμα</w> <w>,</w> <w>τόνδε</w> <w>τὸν</w> <w>Διὸς</w> <w>φίλον</w> <w>,</w> </l>
 <l n="307"><w>τὸν</w> <w>συγκαταστήσαντα</w> <w>τὴν</w> <w>τυραννίδα</w> <w>,</w> </l>
 <l n="308"><w>οἵαις</w> <w>ὑπʼ</w> <w>αὐτοῦ</w> <w>πημοναῖσι</w> <w>κάμπτομαι</w> <w>.</w> </l>



 <l n="309"><w>ὁρῶ</w> <w>,</w> <w>Προμηθεῦ</w> <w>,</w> <w>καὶ</w> <w>παραινέσαι</w> <w>γέ</w> <w>σοι</w> </l>
 <l n="310"><w>θέλω</w> <w>τὰ</w> <w>λῷστα</w> <w>,</w> <w>καίπερ</w> <w>ὄντι
</w> <w>ποικίλῳ</w> <w>.</w> </l>
 <l n="311"><w>γίγνωσκε</w> <w>σαυτὸν</w> <w>καὶ</w> <w>μεθάρμοσαι</w> <w>τρόπους</w> </l>
 <l n="312"><w>νέους:</w> <w>νέος</w> <w>γὰρ</w> <w>καὶ</w> <w>τύραννος</w> <w>ἐν</w> <w>θεοῖς</w> <w>.</w> </l>
 <l n="313"><w>εἰ</w> <w>δʼ</w> <w>ὧδε</w> <w>τραχεῖς</w> <w>καὶ</w> <w>τεθηγμένους
</w> <w>λόγους</w> </l>
 <l n="314"><w>ῥίψεις</w> <w>,</w> <w>τάχʼ</w> <w>ἄν</w> <w>σου</w> <w>καὶ</w> <w>μακρὰν</w> <w>ἀνωτέρω</w> </l>
 <l n="315"><w>θακῶν</w> <w>κλύοι</w> <w>Ζεύς</w> <w>,</w> <w>ὥστε</w> <w>σοι</w> <w>τὸν</w> <w>νῦν
</w> <w>ὄχλον</w> </l>
 <l n="316"><w>παρόντα</w> <w>μόχθων</w> <w>παιδιὰν</w> <w>εἶναι</w> <w>δοκεῖν</w> <w>.</w> </l>
 <l n="317"><w>ἀλλʼ</w> <w>,</w> <w>ὦ</w> <w>ταλαίπωρʼ</w> <w>,</w> <w>ἃς</w> <w>ἔχεις</w> <w>ὀργὰς</w> <w>ἄφες</w> <w>,</w> </l>
 <l n="318"><w>ζήτει</w> <w>δὲ</w> <w>τῶνδε</w> <w>πημάτων</w> <w>ἀπαλλαγάς</w> <w>.</w> </l>
 <l n="319"><w>ἀρχαῖʼ</w> <w>ἴσως</w> <w>σοι</w> <w>φαίνομαι</w> <w>λέγειν</w> <w>τάδε:</w> </l>
 <l n="320"><w>τοιαῦτα</w> <w>μέντοι</w> <w>τῆς</w> <w>ἄγαν
</w> <w>ὑψηγόρου</w> </l>
 <l n="321"><w>γλώσσης</w> <w>,</w> <w>Προμηθεῦ</w> <w>,</w> <w>τἀπίχειρα</w> <w>γίγνεται</w> <w>.</w> </l>
 <l n="322"><w>σὺ</w> <w>δʼ</w> <w>οὐδέπω</w> <w>ταπεινὸς</w> <w>οὐδʼ</w> <w>εἴκεις
</w> <w>κακοῖς</w> <w>,</w> </l>
 <l n="323"><w>πρὸς</w> <w>τοῖς</w> <w>παροῦσι</w> <w>δʼ</w> <w>ἄλλα</w> <w>προσλαβεῖν
</w> <w>θέλεις</w> <w>.</w> </l>
 <l n="324"><w>οὔκουν</w> <w>ἔμοιγε</w> <w>χρώμενος</w> <w>διδασκάλῳ</w> </l>
 <l n="325"><w>πρὸς</w> <w>κέντρα</w> <w>κῶλον</w> <w>ἐκτενεῖς</w> <w>,</w> <w>ὁρῶν
</w> <w>ὅτι</w> </l>
 <l n="326"><w>τραχὺς</w> <w>μόναρχος</w> <w>οὐδʼ</w> <w>ὑπεύθυνος</w> <w>κρατεῖ</w> <w>.</w> </l>
 <l n="327"><w>καὶ</w> <w>νῦν</w> <w>ἐγὼ</w> <w>μὲν</w> <w>εἶμι</w> <w>καὶ</w> <w>πειράσομαι</w> </l>
 <l n="328"><w>ἐὰν</w> <w>δύνωμαι</w> <w>τῶνδέ</w> <w>σʼ</w> <w>ἐκλῦσαι</w> <w>πόνων</w> <w>.</w> </l>
 <l n="329"><w>σὺ</w> <w>δʼ</w> <w>ἡσύχαζε</w> <w>μηδʼ</w> <w>ἄγαν</w> <w>λαβροστόμει</w> <w>.</w> </l>
 <l n="330"><w>ἢ</w> <w>οὐκ</w> <w>οἶσθʼ</w> <w>ἀκριβῶς</w> <w>ὢν</w> <w>περισσόφρων
</w> <w>ὅτι</w> </l>
 <l n="331"><w>γλώσσῃ</w> <w>ματαίᾳ</w> <w>ζημία</w> <w>προστρίβεται</w> <w>;</w> </l>




 <l n="332"><w>ζηλῶ</w> <w>σʼ</w> <w>ὁθούνεκʼ</w> <w>ἐκτὸς</w> <w>αἰτίας</w> <w>κυρεῖς</w> </l>
 <l n="333"><w>τούτων</w> <w>μετασχεῖν</w> <w>καὶ</w> <w>τετολμηκὼς</w> <w>ἐμοί</w> <w>.</w> </l>
 <l n="334"><w>καὶ</w> <w>νῦν</w> <w>ἔασον</w> <w>μηδέ</w> <w>σοι</w> <w>μελησάτω</w> <w>.</w> </l>
 <l n="335"><w>πάντως</w> <w>γὰρ</w> <w>οὐ</w> <w>πείσεις</w> <w>νιν:</w> <w>οὐ</w> <w>γὰρ
</w> <w>εὐπιθής</w> <w>.</w> </l>
 <l n="336"><w>πάπταινε</w> <w>δʼ</w> <w>αὐτὸς</w> <w>μή</w> <w>τι</w> <w>πημανθῇς</w> <w>ὁδῷ</w> <w>.</w> </l>



 <l n="337"><w>πολλῷ</w> <w>γʼ</w> <w>ἀμείνων</w> <w>τοὺς</w> <w>πέλας</w> <w>φρενοῦν
</w> <w>ἔφυς</w> </l>
 <l n="338"><w>ἢ</w> <w>σαυτόν:</w> <w>ἔργῳ</w> <w>κοὐ</w> <w>λόγῳ</w> <w>τεκμαίρομαι</w> <w>.</w> </l>
 
 <l n="340"><w>ὁρμώμενον</w> <w>δὲ</w> <w>μηδαμῶς
</w> <w>ἀντισπάσῃς</w> <w>.</w> </l>
 <l n="341"><w>αὐχῶ</w> <w>γὰρ</w> <w>αὐχῶ</w> <w>τήνδε</w> <w>δωρεὰν</w> <w>ἐμοὶ</w> </l>
 <l n="342"><w>δώσειν</w> <w>Δίʼ</w> <w>,</w> <w>ὥστε</w> <w>τῶνδέ</w> <w>σʼ</w> <w>ἐκλῦσαι
</w> <w>πόνων</w> <w>.</w> </l>




 <l n="343"><w>τὰ</w> <w>μὲν</w> <w>σʼ</w> <w>ἐπαινῶ</w> <w>κοὐδαμῇ</w> <w>λήξω</w> <w>ποτέ:</w> </l>
 <l n="343b"><w>προθυμίας</w> <w>γὰρ</w> <w>οὐδὲν</w> <w>ἐλλείπεις</w> <w>.</w> <w>
</w> <w>ἀτὰρ</w> </l>
 <l n="344"><w>μηδὲν</w> <w>πόνει</w> <w>.</w> <w>μάτην</w> <w>γὰρ</w> <w>οὐδὲν</w> <w>ὠφελῶν</w> </l>
 <l n="345"><w>ἐμοὶ</w> <w>πονήσεις</w> <w>,</w> <w>εἴ</w> <w>τι</w> <w>καὶ</w> <w>πονεῖν
</w> <w>θέλεις</w> <w>.</w> </l>
 <l n="346"><w>ἀλλʼ</w> <w>ἡσύχαζε</w> <w>σαυτὸν</w> <w>ἐκποδὼν</w> <w>ἔχων:</w> </l>
 <l n="347"><w>ἐγὼ</w> <w>γὰρ</w> <w>οὐκ</w> <w>,</w> <w>εἰ</w> <w>δυστυχῶ</w> <w>,</w> <w>τοῦδʼ</w> <w>εἵνεκα</w> </l>
 <l n="348"><w>θέλοιμʼ</w> <w>ἂν</w> <w>ὡς</w> <w>πλείστοισι</w> <w>πημονὰς
</w> <w>τυχεῖν</w> <w>.</w> </l>
 <l n="349"><w>οὐ</w> <w>δῆτʼ</w> <w>ἐπεί</w> <w>με</w> <w>καὶ</w> <w>κασιγνήτου</w> <w>τύχαι</w> </l>
 <l n="350"><w>τείρουσʼ</w> <w>Ἄτλαντος</w> <w>,</w> <w>ὃς</w> <w>πρὸς</w> <w>ἑσπέρους
</w> <w>τόπους</w> </l>
 <l n="351"><w>ἕστηκε</w> <w>κίονʼ</w> <w>οὐρανοῦ</w> <w>τε</w> <w>καὶ</w> <w>χθονὸς</w> </l>
 <l n="352"><w>ὤμοις</w> <w>ἐρείδων</w> <w>,</w> <w>ἄχθος</w> <w>οὐκ</w> <w>εὐάγκαλον</w> <w>.</w> </l>
 <l n="353"><w>τὸν</w> <w>γηγενῆ</w> <w>τε</w> <w>Κιλικίων</w> <w>οἰκήτορα</w> </l>
 <l n="354"><w>ἄντρων</w> <w>ἰδὼν</w> <w>ᾤκτιρα</w> <w>,</w> <w>δάιον</w> <w>τέρας</w> </l>
 <l n="355"><w>ἑκατογκάρανον</w> <w>πρὸς</w> <w>βίαν
</w> <w>χειρούμενον</w> </l>
 <l n="356"><w>Τυφῶνα</w> <w>θοῦρον:</w> <w>πᾶσιν</w>  <w>ἀντέστη</w> <w>θεοῖς</w> <w>,</w> </l>
 <l n="357"><w>σμερδναῖσι</w> <w>γαμφηλαῖσι</w> <w>συρίζων</w> <w>φόβον:</w> </l>
 <l n="358"><w>ἐξ</w> <w>ὀμμάτων</w> <w>δʼ</w> <w>ἤστραπτε</w> <w>γοργωπὸν
</w> <w>σέλας</w> <w>,</w> </l>
 <l n="359"><w>ὡς</w> <w>τὴν</w> <w>Διὸς</w> <w>τυραννίδʼ</w> <w>ἐκπέρσων</w> <w>βίᾳ:</w> </l>
 <l n="360"><w>ἀλλʼ</w> <w>ἦλθεν</w> <w>αὐτῷ</w> <w>Ζηνὸς</w> <w>ἄγρυπνον
</w> <w>βέλος</w> <w>,</w> </l>
 <l n="361"><w>καταιβάτης</w> <w>κεραυνὸς</w> <w>ἐκπνέων</w> <w>φλόγα</w> <w>,</w> </l>
 <l n="362"><w>ὃς</w> <w>αὐτὸν</w> <w>ἐξέπληξε</w> <w>τῶν</w> <w>ὑψηγόρων</w> </l>
 <l n="363"><w>κομπασμάτων</w> <w>.</w> <w>φρένας</w> <w>γὰρ</w> <w>εἰς</w> <w>αὐτὰς
</w> <w>τυπεὶς</w> </l>
 <l n="364"><w>ἐφεψαλώθη</w> <w>κἀξεβροντήθη</w> <w>σθένος</w> <w>.</w> </l>
 <l n="365"><w>καὶ</w> <w>νῦν</w> <w>ἀχρεῖον</w> <w>καὶ</w> <w>παράορον
</w> <w>δέμας</w> </l>
 <l n="366"><w>κεῖται</w> <w>στενωποῦ</w> <w>πλησίον</w> <w>θαλασσίου</w> </l>
 <l n="367"><w>ἰπούμενος</w> <w>ῥίζαισιν</w> <w>Αἰτναίαις</w> <w>ὕπο:</w> </l>
 <l n="368"><w>κορυφαῖς</w> <w>δʼ</w> <w>ἐν</w> <w>ἄκραις</w> <w>ἥμενος
</w> <w>μυδροκτυπεῖ</w> </l>
 <l n="369"><w>Ἥφαιστος:</w> <w>ἔνθεν</w> <w>ἐκραγήσονταί</w> <w>ποτε</w> </l>
 <l n="370"><w>ποταμοὶ</w> <w>πυρὸς</w> <w>δάπτοντες</w> <w>ἀγρίαις
</w> <w>γνάθοις</w> </l>
 <l n="371"><w>τῆς</w> <w>καλλικάρπου</w> <w>Σικελίας</w> <w>λευροὺς
</w> <w>γύας:</w> </l>
 <l n="372"><w>τοιόνδε</w> <w>Τυφὼς</w> <w>ἐξαναζέσει</w> <w>χόλον</w> </l>
 <l n="373"><w>θερμοῖς</w> <w>ἀπλάτου</w> <w>βέλεσι</w> <w>πυρπνόου
</w> <w>ζάλης</w> <w>,</w> </l>
 <l n="374"><w>καίπερ</w> <w>κεραυνῷ</w> <w>Ζηνὸς</w> <w>ἠνθρακωμένος</w> <w>.</w> </l>
 <l n="375"> <w>σὺ</w> <w>δʼ</w> <w>οὐκ</w> <w>ἄπειρος</w> <w>,</w> <w>οὐδʼ</w> <w>ἐμοῦ
</w> <w>διδασκάλου</w> </l>
 <l n="376"><w>χρῄζεις:</w> <w>σεαυτὸν</w> <w>σῷζʼ</w> <w>ὅπως</w> <w>ἐπίστασαι:</w> </l>
 <l n="377"><w>ἐγὼ</w> <w>δὲ</w> <w>τὴν</w> <w>παροῦσαν</w> <w>ἀντλήσω</w> <w>τύχην</w> <w>,</w> </l>
 <l n="378"><w>ἔστʼ</w> <w>ἂν</w> <w>Διὸς</w> <w>φρόνημα</w> <w>λωφήσῃ</w> <w>χόλου</w> <w>.</w> </l>




 <l n="379"><w>οὔκουν</w> <w>,</w> <w>Προμηθεῦ</w> <w>,</w> <w>τοῦτο</w> <w>γιγνώσκεις</w> <w>,</w> <w>ὅτι</w> </l>
 <l n="380"><w>ὀργῆς</w> <w>νοσούσης</w> <w>εἰσὶν</w> <w>ἰατροὶ
</w> <w>λόγοι</w> <w>;</w> </l>



 <l n="381"><w>ἐάν</w> <w>τις</w> <w>ἐν</w> <w>καιρῷ</w> <w>γε</w> <w>μαλθάσσῃ</w> <w>κέαρ</w> </l>
 <l n="382"><w>καὶ</w> <w>μὴ</w> <w>σφριγῶντα</w> <w>θυμὸν</w> <w>ἰσχναίνῃ</w> <w>βίᾳ</w> <w>.</w> </l>



 <l n="383"><w>ἐν</w> <w>τῷ</w> <w>προθυμεῖσθαι</w> <w>δὲ</w> <w>καὶ</w> <w>τολμᾶν</w> <w>τίνα</w> </l>
 <l n="384"><w>ὁρᾷς</w> <w>ἐνοῦσαν</w> <w>ζημίαν</w> <w>;</w> <w>δίδασκέ</w> <w>με</w> <w>.</w> </l>



 <l n="385"><w>μόχθον</w> <w>περισσὸν</w> <w>κουφόνουν</w> <w>τʼ
</w> <w>εὐηθίαν</w> <w>.</w> </l>



 <l n="386"><w>ἔα</w> <w>με</w> <w>τῇδε</w> <w>τῇ</w> <w>νόσῳ</w> <w>νοσεῖν</w> <w>,</w> <w>ἐπεὶ</w> </l>
 <l n="387"><w>κέρδιστον</w> <w>εὖ</w> <w>φρονοῦντα</w> <w>μὴ</w> <w>φρονεῖν
</w> <w>δοκεῖν</w> <w>.</w> </l>



 <l n="388"><w>ἐμὸν</w> <w>δοκήσει</w> <w>τἀμπλάκημʼ</w> <w>εἶναι</w> <w>τόδε</w> <w>.</w> </l>



 <l n="389"><w>σαφῶς</w> <w>μʼ</w> <w>ἐς</w> <w>οἶκον</w> <w>σὸς</w> <w>λόγος</w> <w>στέλλει
</w> <w>πάλιν</w> <w>.</w> </l>



 <l n="390"><w>μὴ</w> <w>γάρ</w> <w>σε</w> <w>θρῆνος</w> <w>οὑμὸς</w> <w>εἰς</w> <w>ἔχθραν
</w> <w>βάλῃ</w> <w>.</w> </l>



 <l n="391"><w>ἦ</w> <w>τῷ</w> <w>νέον</w> <w>θακοῦντι</w> <w>παγκρατεῖς</w> <w>ἕδρας</w> <w>;</w> </l>



 <l n="392"><w>τούτου</w> <w>φυλάσσου</w> <w>μή</w> <w>ποτʼ</w> <w>ἀχθεσθῇ</w> <w>κέαρ</w> <w>.</w> </l>



 <l n="393"><w>ἡ</w> <w>σή</w> <w>,</w> <w>Προμηθεῦ</w> <w>,</w> <w>συμφορὰ</w> <w>διδάσκαλος</w> <w>.</w> </l>



 <l n="394"><w>στέλλου</w> <w>,</w> <w>κομίζου</w> <w>,</w> <w>σῷζε</w> <w>τὸν</w> <w>παρόντα
</w> <w>νοῦν</w> <w>.</w> </l>



 <l n="395"><w>ὁρμωμένῳ</w> <w>μοι</w> <w>τόνδʼ</w> <w>ἐθώυξας
</w> <w>λόγον</w> <w>.</w> </l>
 <l n="396"><w>λευρὸν</w> <w>γὰρ</w> <w>οἷμον</w> <w>αἰθέρος</w> <w>ψαίρει</w> <w>πτεροῖς</w> </l>
 <l n="397"><w>τετρασκελὴς</w> <w>οἰωνός:</w> <w>ἄσμενος</w> <w>δέ</w> <w>τἂν</w> </l>
 <l n="398"><w>σταθμοῖς</w> <w>ἐν</w> <w>οἰκείοισι</w> <w>κάμψειεν</w> <w>γόνυ</w> <w>.</w> </l>








 <l n="399"><w>στένω</w> <w>σε</w> <w>τᾶς</w> <w>οὐλομένας</w> <w>τύχας</w> <w>,</w> <w>Προμηθεῦ:</w> </l>
 <l n="400"><w>δακρυσίστακτα</w> <w>δʼ</w> <w>ἀπʼ</w> <w>ὄσσων</w> </l>
 <l n="401"><w>ῥαδινὰν</w> <w>λειβομένα</w> <w>ῥέος</w> <w>παρειὰν</w> </l>
 <l n="402"><w>νοτίοις</w> <w>ἔτεγξα</w> <w>παγαῖς:</w> </l>
 <l n="403"><w>ἀμέγαρτα</w> <w>γὰρ</w> <w>τάδε</w> <w>Ζεὺς</w> </l>
 <l n="404"><w>ἰδίοις</w> <w>νόμοις</w> <w>κρατύνων</w> </l>
 <l n="405"><w>ὑπερήφανον</w> <w>θεοῖς</w> <w>τοῖς</w> </l>
 <l n="406"><w>πάρος</w> <w>ἐνδείκνυσιν</w> <w>αἰχμάν</w> <w>.</w> </l>






 <l n="407"><w>πρόπασα</w> <w>δʼ</w> <w>ἤδη</w> <w>στονόεν</w> <w>λέλακε</w> <w>χώρα</w> <w>,</w> </l>
 <l n="408"><w>μεγαλοσχήμονά</w> <w>ἀρχαιοπρεπῆ</w> </l>
 <l n="409">  <w>στένουσι</w> <w>τὰν</w> <w>σὰν</w> </l>
 <l n="410"><w>ξυνομαιμόνων</w> <w>τε</w> <w>τιμάν</w> <w>,</w> </l>
 <l n="411"><w>ὁπόσοι</w> <w>τʼ</w> <w>ἔποικον</w> <w>ἁγνᾶς</w> </l>
 <l n="412"><w>Ἀσίας</w> <w>ἕδος</w> <w>νέμονται</w> <w>,</w> </l>
 <l n="413"><w>μεγαλοστόνοισι</w> <w>σοῖς</w> <w>πήμασι</w> </l>
 <l n="414"> <w>συγκάμνουσι</w> <w>θνατοί</w> <w>.</w> </l>






 <l n="415"><w>Κολχίδος</w> <w>τε</w> <w>γᾶς</w> <w>ἔνοικοι</w> </l>
 <l n="416"><w>παρθένοι</w> <w>,</w> <w>μάχας</w> <w>ἄτρεστοι</w> <w>,</w> </l>
 <l n="417"><w>καὶ</w> <w>Σκύθης</w> <w>ὅμιλος</w> <w>,</w> <w>οἳ</w> <w>γᾶς</w> </l>
 <l n="418"><w>ἔσχατον</w> <w>τόπον</w> <w>ἀμφὶ</w> <w>Μαιῶτιν</w> </l>
 <l n="419"><w>ἔχουσι</w> <w>λίμναν</w> <w>,</w> </l>






 <l n="420"><w>†Ἀραβίας</w> <w>τʼ</w> <w>ἄρειον</w> <w>ἄνθος</w> <w>,</w> </l>
 <l n="421"><w>ὑψίκρημνον</w> <w>οἳ</w> <w>πόλισμα</w> </l>
 <l n="422"><w>Καυκάσου</w> <w>πέλας</w> <w>νέμονται</w> <w>,</w> </l>
 <l n="423"><w>δάιος</w> <w>στρατός</w> <w>,</w> <w>ὀξυπρῴροισι</w> </l>
 <l n="424"><w>βρέμων</w> <w>ἐν</w> <w>αἰχμαῖς</w> <w>.</w> </l>






 <l n="425"><w>†μόνον</w> <w>δὴ</w> <w>πρόσθεν</w> <w>ἄλλον</w> <w>ἐν</w> <w>πόνοις</w> </l>
 <l n="426"><w>δαμέντʼ</w> <w>ἀδαμαντοδέτοις</w> </l>
 <l n="427"><w>Τιτᾶνα</w> <w>λύμαις</w> <w>εἰσιδόμαν</w> <w>,</w> <w>θεόν</w> <w>,</w> </l>
 <l n="428"><w>Ἄτλαντος</w>  <w>;</w> <w>ὑπέροχον</w> <w>σθένος</w> <w>κραταιόν</w> <w>,</w> </l>
 <l n="429"><w>
</w> <w>ὃς</w> <w>οὐράνιόν</w>  <w>πόλον</w> </l>
 <l n="430"><w>νώτοις</w> <w>στέγων</w> <w>ὑποστενάζει</w> <w>.</w> <w>†</w> </l>





 <l n="431"><w>βοᾷ</w> <w>δὲ</w> <w>πόντιος</w> <w>κλύδων</w> </l>
 <l n="432"><w>ξυμπίτνων</w> <w>,</w> <w>στένει</w> <w>βυθός</w> <w>,</w> </l>
 <l n="433"><w>κελαινὸς</w> <w>δʼ</w> <w>Ἄιδος</w> <w>ὑποβρέμει</w> <w>μυχὸς</w> <w>γᾶς</w> <w>,</w> </l>
 <l n="434"><w>παγαί</w> <w>θʼ</w> <w>ἁγνορύτων</w> <w>ποταμῶν</w> </l>
 <l n="435"><w>στένουσιν</w> <w>ἄλγος</w> <w>οἰκτρόν</w> <w>.</w> </l>







 <l n="436"><w>μή</w> <w>τοι</w> <w>χλιδῇ</w> <w>δοκεῖτε</w> <w>μηδʼ</w> <w>αὐθαδίᾳ</w> </l>
 <l n="437"><w>σιγᾶν</w> <w>με:</w> <w>συννοίᾳ</w> <w>δὲ</w> <w>δάπτομαι</w> <w>κέαρ</w> <w>,</w> </l>
 <l n="438"><w>ὁρῶν</w> <w>ἐμαυτὸν</w> <w>ὧδε</w> <w>προυσελούμενον</w> <w>.</w> </l>
 <l n="439"><w>καίτοι</w> <w>θεοῖσι</w> <w>τοῖς</w> <w>νέοις</w> <w>τούτοις</w> <w>γέρα</w> </l>
 <l n="440"><w>τίς</w> <w>ἄλλος</w> <w>ἢ</w> <w>ʼγὼ</w> <w>παντελῶς
</w> <w>διώρισεν</w> <w>;</w> </l>
 <l n="441"><w>ἀλλʼ</w> <w>αὐτὰ</w> <w>σιγῶ:</w> <w>καὶ</w> <w>γὰρ</w> <w>εἰδυίαισιν</w> <w>ἂν</w> </l>
 <l n="442"><w>ὑμῖν</w> <w>λέγοιμι:</w> <w>τἀν</w> <w>βροτοῖς</w> <w>δὲ</w> <w>πήματα</w> </l>
 <l n="443"><w>ἀκούσαθʼ</w> <w>,</w> <w>ὥς</w> <w>σφας</w> <w>νηπίους</w> <w>ὄντας</w> <w>τὸ
</w> <w>πρὶν</w> </l>
 <l n="444"><w>ἔννους</w> <w>ἔθηκα</w> <w>καὶ</w> <w>φρενῶν</w> <w>ἐπηβόλους</w> <w>.</w> </l>
 <l n="445"><w>λέξω</w> <w>δέ</w> <w>,</w> <w>μέμψιν</w> <w>οὔτινʼ</w> <w>ἀνθρώποις
</w> <w>ἔχων</w> <w>,</w> </l>
 <l n="446"><w>ἀλλʼ</w> <w>ὧν</w> <w>δέδωκʼ</w> <w>εὔνοιαν</w> <w>ἐξηγούμενος:</w> </l>
 <l n="447"> <w>οἳ</w> <w>πρῶτα</w> <w>μὲν</w> <w>βλέποντες</w> <w>ἔβλεπον</w> <w>μάτην</w> <w>,</w> </l>
 <l n="448"><w>κλύοντες</w> <w>οὐκ</w> <w>ἤκουον</w> <w>,</w> <w>ἀλλʼ</w> <w>ὀνειράτων</w> </l>
 <l n="449"><w>ἀλίγκιοι</w> <w>μορφαῖσι</w> <w>τὸν</w> <w>μακρὸν</w> <w>βίον</w> </l>
 <l n="450"><w>ἔφυρον</w> <w>εἰκῇ</w> <w>πάντα</w> <w>,</w> <w>κοὔτε
</w> <w>πλινθυφεῖς</w> </l>
 <l n="451"><w>δόμους</w> <w>προσείλους</w> <w>,</w> <w>ᾖσαν</w> <w>,</w> <w>οὐ
</w> <w>ξυλουργίαν:</w> </l>
 <l n="452"><w>κατώρυχες</w> <w>δʼ</w> <w>ἔναιον</w> <w>ὥστʼ</w> <w>ἀήσυροι</w> </l>
 <l n="453"><w>μύρμηκες</w> <w>ἄντρων</w> <w>ἐν</w> <w>μυχοῖς</w> <w>ἀνηλίοις</w> <w>.</w> </l>
 <l n="454"><w>ἦν</w> <w>δʼ</w> <w>οὐδὲν</w> <w>αὐτοῖς</w> <w>οὔτε</w> <w>χείματος
</w> <w>τέκμαρ</w> </l>
 <l n="455"><w>οὔτʼ</w> <w>ἀνθεμώδους</w> <w>ἦρος</w> <w>οὔτε
</w> <w>καρπίμου</w> </l>
 <l n="456"><w>θέρους</w> <w>βέβαιον</w> <w>,</w> <w>ἀλλʼ</w> <w>ἄτερ</w> <w>γνώμης</w> <w>τὸ
</w> <w>πᾶν</w> </l>
 <l n="457"><w>ἔπρασσον</w> <w>,</w> <w>ἔστε</w> <w>δή</w> <w>σφιν</w> <w>ἀντολὰς</w> <w>ἐγὼ</w> </l>
 <l n="458"><w>ἄστρων</w> <w>ἔδειξα</w> <w>τάς</w> <w>τε</w> <w>δυσκρίτους
</w> <w>δύσεις</w> <w>.</w> </l>
 <l n="459"> <w>καὶ</w> <w>μὴν</w> <w>ἀριθμόν</w> <w>,</w> <w>ἔξοχον</w> <w>σοφισμάτων</w> <w>,</w> </l>
 <l n="460"><w>ἐξηῦρον</w> <w>αὐτοῖς</w> <w>,</w> <w>γραμμάτων</w> <w>τε
</w> <w>συνθέσεις</w> <w>,</w> </l>
 <l n="461"><w>μνήμην</w> <w>ἁπάντων</w> <w>,</w> <w>μουσομήτορʼ</w> <w>ἐργάνην</w> <w>.</w> </l>
 <l n="462"><w>κἄζευξα</w> <w>πρῶτος</w> <w>ἐν</w> <w>ζυγοῖσι</w> <w>κνώδαλα</w> </l>
 <l n="463"><w>ζεύγλαισι</w> <w>δουλεύοντα</w> <w>σάγμασὶν</w> <w>θʼ</w> <w>,</w> <w>ὅπως</w> </l>
 <l n="464"><w>θνητοῖς</w> <w>μεγίστων</w> <w>διάδοχοι</w> <w>μοχθημάτων</w> </l>
 <l n="465"><w>γένοινθʼ</w> <w>,</w> <w>ὑφʼ</w> <w>ἅρμα</w> <w>τʼ</w> <w>ἤγαγον
</w> <w>φιληνίους</w> </l>
 <l n="466"><w>ἵππους</w> <w>,</w> <w>ἄγαλμα</w> <w>τῆς</w> <w>ὑπερπλούτου</w> <w>χλιδῆς</w> <w>.</w> </l>
 <l n="467"><w>θαλασσόπλαγκτα</w> <w>δʼ</w> <w>οὔτις</w> <w>ἄλλος</w> <w>ἀντʼ
</w> <w>ἐμοῦ</w> </l>
 <l n="468"><w>λινόπτερʼ</w> <w>ηὗρε</w> <w>ναυτίλων</w> <w>ὀχήματα</w> <w>.</w> </l>
 <l n="469"> <w>τοιαῦτα</w> <w>μηχανήματʼ</w> <w>ἐξευρὼν</w> <w>τάλας</w> </l>
 <l n="470"><w>βροτοῖσιν</w> <w>,</w> <w>αὐτὸς</w> <w>οὐκ</w> <w>ἔχω</w> <w>σόφισμʼ
</w> <w>ὅτῳ</w> </l>
 <l n="471"><w>τῆς</w> <w>νῦν</w> <w>παρούσης</w> <w>πημονῆς</w> <w>ἀπαλλαγῶ</w> <w>.</w> </l>




 <l n="472"><w>πέπονθας</w> <w>αἰκὲς</w> <w>πῆμʼ:</w> <w>ἀποσφαλεὶς</w> <w>φρενῶν</w> </l>
 <l n="473"><w>πλανᾷ</w> <w>,</w> <w>κακὸς</w> <w>δʼ</w> <w>ἰατρὸς</w> <w>ὥς</w> <w>τις</w> <w>ἐς</w> <w>νόσον</w> </l>
 <l n="474"><w>πεσὼν</w> <w>ἀθυμεῖς</w> <w>καὶ</w> <w>σεαυτὸν</w> <w>οὐκ</w> <w>ἔχεις</w> </l>
 <l n="475"><w>εὑρεῖν</w> <w>ὁποίοις</w> <w>φαρμάκοις</w> <w>ἰάσιμος</w> <w>.</w> </l>



 <l n="476"><w>τὰ</w> <w>λοιπά</w> <w>μου</w> <w>κλύουσα</w> <w>θαυμάσῃ</w> <w>πλέον</w> <w>,</w> </l>
 <l n="477"><w>οἵας</w> <w>τέχνας</w> <w>τε</w> <w>καὶ</w> <w>πόρους</w> <w>ἐμησάμην</w> <w>.</w> </l>
 <l n="478"><w>τὸ</w> <w>μὲν</w> <w>μέγιστον</w> <w>,</w> <w>εἴ</w> <w>τις</w> <w>ἐς</w> <w>νόσον
</w> <w>πέσοι</w> <w>,</w> </l>
 <l n="479"><w>οὐκ</w> <w>ἦν</w> <w>ἀλέξημʼ</w> <w>οὐδέν</w> <w>,</w> <w>οὔτε</w> <w>βρώσιμον</w> <w>,</w> </l>
 <l n="480"><w>οὐ</w> <w>χριστόν</w> <w>,</w> <w>οὐδὲ</w> <w>πιστόν</w> <w>,</w> <w>ἀλλὰ
</w> <w>φαρμάκων</w> </l>
 <l n="481"><w>χρείᾳ</w> <w>κατεσκέλλοντο</w> <w>,</w> <w>πρίν</w> <w>γʼ</w> <w>ἐγώ
</w> <w>σφισιν</w> </l>
 <l n="482"><w>ἔδειξα</w> <w>κράσεις</w> <w>ἠπίων</w> <w>ἀκεσμάτων</w> <w>,</w> </l>
 <l n="483"><w>αἷς</w> <w>τὰς</w> <w>ἁπάσας</w> <w>ἐξαμύνονται</w> <w>νόσους</w> <w>.</w> </l>
 <l n="484"><w>τρόπους</w> <w>τε</w> <w>πολλοὺς</w> <w>μαντικῆς</w> <w>ἐστοίχισα</w> <w>,</w> </l>
 <l n="485"><w>κἄκρινα</w> <w>πρῶτος</w> <w>ἐξ</w> <w>ὀνειράτων</w> <w>ἃ
</w> <w>χρὴ</w> </l>
 <l n="486"><w>ὕπαρ</w> <w>γενέσθαι</w> <w>,</w> <w>κληδόνας</w> <w>τε</w> <w>δυσκρίτους</w> </l>
 <l n="487"><w>ἐγνώρισʼ</w> <w>αὐτοῖς</w> <w>ἐνοδίους</w> <w>τε</w> <w>συμβόλους:</w> </l>
 <l n="488"><w>γαμψωνύχων</w> <w>τε</w> <w>πτῆσιν</w> <w>οἰωνῶν</w> <w>σκεθρῶς</w> </l>
 <l n="489"><w>διώρισʼ</w> <w>,</w> <w>οἵτινές</w> <w>τε</w> <w>δεξιοὶ</w> <w>φύσιν</w> </l>
 <l n="490"><w>εὐωνύμους</w> <w>τε</w> <w>,</w> <w>καὶ</w> <w>δίαιταν
</w> <w>ἥντινα</w> </l>
 <l n="491"><w>ἔχουσʼ</w> <w>ἕκαστοι</w> <w>,</w> <w>καὶ</w> <w>πρὸς</w> <w>ἀλλήλους
</w> <w>τίνες</w> </l>
 <l n="492"><w>ἔχθραι</w> <w>τε</w> <w>καὶ</w> <w>στέργηθρα</w> <w>καὶ</w> <w>συνεδρίαι:</w> </l>
 <l n="493"><w>σπλάγχνων</w> <w>τε</w> <w>λειότητα</w> <w>,</w> <w>καὶ</w> <w>χροιὰν</w> <w>τίνα</w> </l>
 <l n="494"><w>ἔχουσʼ</w> <w>ἂν</w> <w>εἴη</w> <w>δαίμοσιν</w> <w>πρὸς</w> <w>ἡδονὴν</w> </l>
 <l n="495"><w>χολή</w> <w>,</w> <w>λοβοῦ</w> <w>τε</w> <w>ποικίλην
</w> <w>εὐμορφίαν</w> <w>.</w> </l>
 <l n="496"><w>κνίσῃ</w> <w>τε</w> <w>κῶλα</w> <w>συγκαλυπτὰ</w> <w>καὶ</w> <w>μακρὰν</w> </l>
 <l n="497"><w>ὀσφῦν</w> <w>πυρώσας</w> <w>δυστέκμαρτον</w> <w>ἐς</w> <w>τέχνην</w> </l>
 <l n="498"><w>ὥδωσα</w> <w>θνητούς</w> <w>,</w> <w>καὶ</w> <w>φλογωπὰ</w> <w>σήματα</w> </l>
 <l n="499"><w>ἐξωμμάτωσα</w> <w>,</w> <w>πρόσθεν</w> <w>ὄντʼ</w> <w>ἐπάργεμα</w> <w>.</w> </l>
 <l n="500"><w>τοιαῦτα</w> <w>μὲν</w> <w>δὴ</w> <w>ταῦτʼ:</w> <w>ἔνερθε</w> <w>δὲ
</w> <w>χθονὸς</w> </l>
 <l n="501"><w>κεκρυμμένʼ</w> <w>,</w> <w>ἀνθρώποισιν</w> <w>ὠφελήματα</w> <w>,</w> </l>
 <l n="502"><w>χαλκόν</w> <w>,</w> <w>σίδηρον</w> <w>,</w> <w>ἄργυρον</w> <w>,</w> <w>χρυσόν</w> <w>τε
</w> <w>τίς</w> </l>
 <l n="503"><w>φήσειεν</w> <w>ἂν</w> <w>πάροιθεν</w> <w>ἐξευρεῖν</w> <w>ἐμοῦ</w> <w>;</w> </l>
 <l n="504"><w>οὐδείς</w> <w>,</w> <w>σάφʼ</w> <w>οἶδα</w> <w>,</w> <w>μὴ</w> <w>μάτην</w> <w>φλύσαι
</w> <w>θέλων</w> <w>.</w> </l>
 <l n="505"><w>βραχεῖ</w> <w>δὲ</w> <w>μύθῳ</w> <w>πάντα</w> <w>συλλήβδην
</w> <w>μάθε</w> <w>,</w> </l>
 <l n="506"><w>πᾶσαι</w> <w>τέχναι</w> <w>βροτοῖσιν</w> <w>ἐκ</w> <w>Προμηθέως</w> <w>.</w> </l>




 <l n="507"><w>μή</w> <w>νυν</w> <w>βροτοὺς</w> <w>μὲν</w> <w>ὠφέλει</w> <w>καιροῦ</w> <w>πέρα</w> <w>,</w> </l>
 <l n="508"><w>σαυτοῦ</w> <w>δʼ</w> <w>ἀκήδει</w> <w>δυστυχοῦντος</w> <w>.</w> <w>ὡς</w> <w>ἐγὼ</w> </l>
 <l n="509"><w>εὔελπίς</w> <w>εἰμι</w> <w>τῶνδέ</w> <w>σʼ</w> <w>ἐκ</w> <w>δεσμῶν</w> <w>ἔτι</w> </l>
 <l n="510"><w>λυθέντα</w> <w>μηδὲν</w> <w>μεῖον</w> <w>ἰσχύσειν</w> <w>Διός</w> <w>.</w> </l>



 <l n="511"><w>οὐ</w> <w>ταῦτα</w> <w>ταύτῃ</w> <w>Μοῖρά</w> <w>πω</w> <w>τελεσφόρος</w> </l>
 <l n="512"><w>κρᾶναι</w> <w>πέπρωται</w> <w>,</w> <w>μυρίαις</w> <w>δὲ</w> <w>πημοναῖς</w> </l>
 <l n="513"><w>δύαις</w> <w>τε</w> <w>καμφθεὶς</w> <w>ὧδε</w> <w>δεσμὰ</w> <w>φυγγάνω:</w> </l>
 <l n="514"><w>τέχνη</w> <w>δʼ</w> <w>ἀνάγκης</w> <w>ἀσθενεστέρα</w> <w>μακρῷ</w> <w>.</w> </l>



 <l n="515"><w>τίς</w> <w>οὖν</w> <w>ἀνάγκης</w> <w>ἐστὶν
</w> <w>οἰακοστρόφος</w> <w>;</w> </l>



 <l n="516"><w>Μοῖραι</w> <w>τρίμορφοι</w> <w>μνήμονές</w> <w>τʼ</w> <w>Ἐρινύες</w> </l>



 <l n="517"><w>τούτων</w> <w>ἄρα</w> <w>Ζεύς</w> <w>ἐστιν</w> <w>ἀσθενέστερος</w> <w>;</w> </l>



 <l n="518"><w>οὔκουν</w> <w>ἂν</w> <w>ἐκφύγοι</w> <w>γε</w> <w>τὴν</w> <w>πεπρωμένην</w> <w>.</w> </l>



 <l n="519"><w>τί</w> <w>γὰρ</w> <w>πέπρωται</w> <w>Ζηνὶ</w> <w>πλὴν</w> <w>ἀεὶ</w> <w>κρατεῖν</w> <w>;</w> </l>



 <l n="520"><w>τοῦτʼ</w> <w>οὐκέτʼ</w> <w>ἂν</w> <w>πύθοιο</w> <w>μηδὲ
</w> <w>λιπάρει</w> <w>.</w> </l>



 <l n="521"><w>ἦ</w> <w>πού</w> <w>τι</w> <w>σεμνόν</w> <w>ἐστιν</w> <w>ὃ</w> <w>ξυναμπέχεις</w> <w>.</w> </l>



 <l n="522"><w>ἄλλου</w> <w>λόγου</w> <w>μέμνησθε</w> <w>,</w> <w>τόνδε</w> <w>δʼ</w> <w>οὐδαμῶς</w> </l>
 <l n="523"><w>καιρὸς</w> <w>γεγωνεῖν</w> <w>,</w> <w>ἀλλὰ</w> <w>συγκαλυπτέος</w> </l>
 <l n="524"><w>ὅσον</w> <w>μάλιστα:</w> <w>τόνδε</w> <w>γὰρ</w> <w>σῴζων</w> <w>ἐγὼ</w> </l>
 <l n="525"><w>δεσμοὺς</w> <w>ἀεικεῖς</w> <w>καὶ</w> <w>δύας
</w> <w>ἐκφυγγάνω</w> <w>.</w> </l>







 <l n="526"><w>μηδάμʼ</w> <w>ὁ</w> <w>πάντα</w> <w>νέμων</w> </l>
 <l n="527"><w>θεῖτʼ</w> <w>ἐμᾷ</w> <w>γνώμᾳ</w> <w>κράτος</w> <w>ἀντίπαλον</w> <w>Ζεύς</w> <w>,</w> </l>
 <l n="528"><w>REMOVE_BEFORE_FLIGHT</w> </l>
 <l n="529"><w>REMOVE_BEFORE_FLIGHT</w> </l>
 
 <l n="530"><w>μηδʼ</w> <w>ἐλινύσαιμι</w> <w>θεοὺς</w> <w>ὁσίαις</w> <w>θοίναις
</w> <w>ποτινισομένα</w> </l>
 <l n="531"><w>βουφόνοις</w> <w>παρʼ</w> <w>Ὠκεανοῦ</w> <w>πατρὸς</w> <w>ἄσβεστον
</w> <w>πόρον</w> <w>,</w> </l>
 <l n="532"><w>REMOVE_BEFORE_FLIGHT</w> </l>
 <l n="533"><w>REMOVE_BEFORE_FLIGHT</w> </l>
 <l n="534"><w>REMOVE_BEFORE_FLIGHT</w> </l>
 <l n="535"><w>μηδʼ</w> <w>ἀλίτοιμι</w> <w>λόγοις:</w> </l>
 <l n="536"><w>ἀλλά</w> <w>μοι</w> <w>τόδʼ</w> <w>ἐμμένοι</w> <w>καὶ</w> <w>μήποτʼ</w> <w>ἐκτακείη:</w> </l>






 <l n="537"><w>ἁδύ</w> <w>τι</w> <w>θαρσαλέαις</w> </l>
 <l n="538"><w>τὸν</w> <w>μακρὸν</w> <w>τείνειν</w> <w>βίον</w> <w>ἐλπίσι</w> <w>,</w> <w>φαναῖς</w> </l>
 <l n="539"><w>θυμὸν</w> <w>ἀλδαίνουσαν</w> <w>ἐν</w> <w>εὐφροσύναις</w> <w>.</w> <w>
</w> <w>φρίσσω</w> </l>
 <l n="540"><w>δέ</w> <w>σε</w> <w>δερκομένα</w> </l>
 <l n="541"><w>μυρίοις</w> <w>μόχθοις</w> <w>διακναιόμενον</w>  <w>.</w> </l>
 <l n="542"><w>Ζῆνα</w> <w>γὰρ</w> <w>οὐ</w> <w>τρομέων</w> </l>
 <l n="543"><w>ἰδίᾳ</w> <w>γνώμᾳ</w> <w>σέβῃ</w> <w>θνατοὺς</w> <w>ἄγαν</w> <w>,</w> <w>
</w> <w>Προμηθεῦ</w> <w>.</w> </l>



 <l n="544"><w>REMOVE_BEFORE_FLIGHT</w> </l>


 <l n="545"><w>φέρʼ</w> <w>,</w> <w>ὅπως</w> <w>ἄχαρις</w> <w>χάρις</w> <w>,</w> <w>ὦ</w> <w>φίλος:</w> </l>
 <l n="546"><w>εἰπὲ</w> <w>ποῦ</w> <w>τίς</w> <w>ἀλκά</w> <w>;</w> </l>
 <l n="547"><w>τίς</w> <w>ἐφαμερίων</w> <w>ἄρηξις</w> <w>;</w> <w>οὐδʼ</w> <w>ἐδέρχθης</w> </l>
 <l n="548"><w>ὀλιγοδρανίαν</w> <w>ἄκικυν</w> <w>,</w> </l>
 <l n="549"><w>ἰσόνειρον</w> <w>,</w> <w>ᾇ</w> <w>τὸ</w> <w>φωτῶν</w> </l>
 <l n="550"><w>ἀλαὸν</w> <w>γένος</w> <w>ἐμπεποδισμένον</w> <w>;</w> <w>οὔποτε</w> <w>
</w> </l>
 <l n="551"><w>τὰν</w> <w>Διὸς</w> <w>ἁρμονίαν</w> <w>θνατῶν</w> <w>παρεξίασι</w> <w>βουλαί</w> <w>.</w> </l>






 <l n="552"><w>ἔμαθον</w> <w>τάδε</w> <w>σὰς</w> <w>προσιδοῦσʼ</w> <w>ὀλοὰς</w> </l>
 <l n="553"><w>τύχας</w> <w>,</w> <w>Προμηθεῦ</w> <w>.</w> </l>
 <l n="554"><w>τὸ</w> <w>διαμφίδιον</w> <w>δέ</w> <w>μοι</w> <w>μέλος</w> <w>προσέπτα</w> </l>
 <l n="555"><w>τόδʼ</w> <w>ἐκεῖνό</w> <w>θʼ</w> <w>,</w> <w>ὅ</w> <w>τʼ</w> <w>ἀμφὶ
</w> <w>λουτρὰ</w> </l>
 <l n="556"><w>καὶ</w> <w>λέχος</w> <w>σὸν</w> <w>ὑμεναίουν</w> </l>
 <l n="557"><w>ἰότατι</w> <w>γάμων</w> <w>,</w> <w>ὅτε</w> <w>τὰν</w> <w>ὁμοπάτριον
</w> <w>ἕδνοις</w> </l>
 <l n="558"><w>REMOVE_BEFORE_FLIGHT</w> </l>
 <l n="559"><w>REMOVE_BEFORE_FLIGHT</w> </l>
 
 <l n="560"><w>ἄγαγες</w> <w>Ἡσιόναν</w> <w>πείθὼν</w> <w>δάμαρτα
</w> <w>κοινόλεκτρον</w> <w>.</w> </l>








 <l n="561"><w>τίς</w> <w>γῆ</w> <w>;</w> <w>τί</w> <w>γένος</w> <w>;</w> <w>τίνα</w> <w>φῶ</w> <w>λεύσσειν</w> </l>
 <l n="562"><w>τόνδε</w> <w>χαλινοῖς</w> <w>ἐν</w> <w>πετρίνοισιν</w> </l>
 <l n="563"><w>χειμαζόμενον</w> <w>;</w> </l>
 <l n="564"><w>τίνος</w> <w>ἀμπλακίας</w> <w>ποινὰς</w> <w>ὀλέκῃ</w> <w>;</w> </l>
 <l n="565"><w>σήμηνον</w> <w>ὅποι</w> <w>γῆς</w> <w>ἡ</w> <w>μογερὰ
</w> <w>πεπλάνημαι</w> <w>.</w> </l>






 <l n="565a"><w>ἆ</w> <w>ἆ</w> <w>,</w> <w>ἒ</w> <w>ἔ</w> <w>,</w> </l>
 <l n="566"><w>χρίει</w> <w>τις</w> <w>αὖ</w> <w>με</w> <w>τὰν</w> <w>τάλαιναν</w> <w>οἶστρος</w> <w>,</w> </l>
 <l n="567"><w>εἴδωλον</w> <w>Ἄργου</w> <w>γηγενοῦς</w> <w>,</w> <w>ἄλευʼ</w> <w>ἆ</w> <w>δᾶ:</w> <w>φοβοῦμαι</w> </l>
 <l n="568"><w>τὸν</w> <w>μυριωπὸν</w> <w>εἰσορῶσα</w> <w>βούταν</w> <w>.</w> </l>
 <l n="569"><w>ὁ</w> <w>δὲ</w> <w>πορεύεται</w> <w>δόλιον</w> <w>ὄμμʼ</w> <w>ἔχων</w> <w>,</w> </l>
 <l n="570"><w>ὃν</w> <w>οὐδὲ</w> <w>κατθανόντα</w> <w>γαῖα</w> <w>κεύθει</w> <w>.</w> </l>
 <l n="571"><w>ἀλλʼ</w> <w>,</w> <w>ἐμὲ</w> <w>τὰν</w> <w>τάλαιναν</w> </l>
 <l n="572"><w>ἐξ</w> <w>ἐνέρων</w> <w>περῶν</w> <w>κυναγετεῖ</w> <w>,</w> <w>πλανᾷ</w> </l>
 <l n="573"><w>τε</w> <w>νῆστιν</w> <w>ἀνὰ</w> <w>τὰν</w> <w>παραλίαν</w> <w>ψάμμαν</w> <w>.</w> </l>








 <l n="574"><w>ὑπὸ</w> <w>δὲ</w> <w>κηρόπλαστος</w> <w>ὀτοβεῖ</w> <w>δόναξ</w> </l>
 <l n="575"><w>ἀχέτας</w> <w>ὑπνοδόταν</w> <w>νόμον:</w> </l>
 <l n="576"><w>ἰὼ</w> <w>ἰὼ</w> <w>πόποι</w> <w>,</w> <w>ποῖ</w> <w>μʼ</w> <w>ἄγουσι</w> <w>τηλέπλαγκτοι</w> </l>
 <l n="577"><w>πλάναι</w> <w>;</w> </l>
 <l n="578"><w>τί</w> <w>ποτέ</w> <w>μʼ</w> <w>,</w> <w>ὦ</w> <w>Κρόνιε</w> <w>παῖ</w> <w>,</w> <w>τί</w> <w>ποτε</w> <w>ταῖσδʼ</w> </l>
 <l n="579"><w>ἐνέζευξας</w> <w>εὑρὼν</w> <w>ἁμαρτοῦσαν</w> <w>ἐν</w> </l>
 <l n="580"><w>πημοναῖσιν</w> <w>;</w> <w>ἓ</w> <w>ἕ</w> <w>,</w> </l>
 <l n="580a"><w>οἰστρηλάτῳ</w> <w>δὲ</w> <w>δείματι</w> </l>
 <l n="580b"><w>δειλαίαν</w> <w>παράκοπον</w> <w>ὧδε</w> <w>τείρεις</w> <w>;</w> </l>
 <l n="581"><w>πυρί</w> <w>με
</w>  <w>φλέξον</w> <w>,</w> <w>ἢ</w> <w>χθονὶ</w> <w>κάλυψον</w> <w>,</w> <w>ἤ</w> </l>
 <l n="582"><w>ποντίοις</w> <w>δάκεσι</w> <w>δὸς</w> <w>βοράν</w> <w>,</w> </l>
 <l n="583"><w>μηδέ</w> <w>μοι</w> <w>φθονήσῃς</w> </l>
 <l n="584"><w>εὐγμάτων</w> <w>,</w> <w>ἄναξ</w> <w>.</w> </l>
 <l n="585"><w>ἄδην</w> <w>με</w> <w>πολύπλανοι</w> <w>πλάναι</w> </l>
 <l n="586"><w>γεγυμνάκασιν</w> <w>,</w> <w>οὐδʼ</w> <w>ἔχω</w> <w>μαθεῖν</w> <w>ὅπα</w> </l>
 <l n="587"><w>πημονὰς</w> <w>ἀλύξω</w> <w>.</w> </l>
 <l n="588"><w>κλύεις</w> <w>φθέγμα</w> <w>τᾶς</w> <w>βούκερω</w> <w>παρθένου</w> <w>;</w> </l>




 <l n="589"><w>πῶς</w> <w>δʼ</w> <w>οὐ</w> <w>κλύω</w> <w>τῆς</w> <w>οἰστροδινήτου
</w> <w>κόρης</w> <w>,</w> </l>
 <l n="590"><w>τῆς</w> <w>Ἰναχείας</w> <w>;</w> <w>ἣ</w> <w>Διὸς</w> <w>θάλπει
</w> <w>κέαρ</w> </l>
 <l n="591"><w>ἔρωτι</w> <w>,</w> <w>καὶ</w> <w>νῦν</w> <w>τοὺς</w> <w>ὑπερμήκεις</w> <w>δρόμους</w> </l>
 <l n="592"><w>Ἥρᾳ</w> <w>στυγητὸς</w> <w>πρὸς</w> <w>βίαν</w> <w>γυμνάζεται</w> <w>.</w> </l>






 <l n="593"><w>πόθεν</w> <w>ἐμοῦ</w> <w>σὺ</w> <w>πατρὸς</w> <w>ὄνομʼ</w> <w>ἀπύεις</w> <w>;</w> </l>
 <l n="594"><w>εἰπέ</w> <w>μοι</w> <w>τᾷ</w> <w>μογερᾷ</w> <w>τίς</w> <w>ὤν</w> <w>;</w> </l>
 <l n="595"><w>τίς</w> <w>ἄρα</w> <w>μʼ</w> <w>,</w> <w>ὦ</w> <w>τάλας</w> <w>,</w> <w>τὰν</w> <w>τάλαιναν
</w> <w>ὧδʼ</w> </l>
 <l n="595a"><w>ἔτυμα</w> <w>προσθροεῖς</w> <w>;</w> </l>
 <l n="596"><w>θεόσυτόν</w> <w>τε</w> <w>νόσον</w> <w>ὠνόμασας</w> <w>,</w> <w>ἃ</w> </l>
 <l n="597"><w>μαραίνει</w> <w>με</w> <w>χρίουσα</w> <w>κέντροις</w> <w>,</w> <w>ἰώ</w> <w>,</w> </l>
 <l n="598"><w>φοιταλέοισιν</w> <w>ἓ</w> <w>ἕ:</w> </l>
 <l n="599"><w>σκιρτημάτων</w> <w>δὲ</w> <w>νήστισιν</w> </l>
 <l n="600"><w>αἰκείαις</w> <w>λαβρόσυτος</w> <w>ἦλθον</w> <w>,</w> <w>Ἥρας</w> <w>
</w> </l>
 <l n="601"><w>ἐπικότοισι</w> <w>μήδεσι</w> <w>δαμεῖσα</w> <w>.</w> <w>δυσδαιμόνων</w> </l>
 <l n="602"><w>δὲ</w> <w>τίνες</w> <w>οἵ</w> <w>,</w> <w>ἓ</w> <w>ἕ</w> <w>,</w> </l>
 <l n="603"><w>οἷʼ</w> <w>ἐγὼ</w> <w>μογοῦσιν</w> <w>;</w> </l>
 <l n="604"><w>ἀλλά</w> <w>μοι</w> <w>τορῶς</w> </l>
 <l n="605"><w>τέκμηρον</w> <w>ὅ</w> <w>τι</w> <w>μʼ</w> <w>ἐπαμμένει</w> </l>
 <l n="606"><w>παθεῖν</w> <w>,</w> <w>τί</w> <w>μῆχαρ</w> <w>,</w> <w>ἢ</w> <w>τί</w> <w>φάρμακον</w> <w>νόσου</w> <w>,</w> </l>
 <l n="607"><w>δεῖξον</w> <w>,</w> <w>εἴπερ</w> <w>οἶσθα:</w> </l>
 <l n="608"><w>θρόει</w> <w>,</w> <w>φράζε</w> <w>τᾷ</w> <w>δυσπλάνῳ</w> <w>παρθένῳ</w> <w>.</w> </l>







 <l n="609"><w>λέξω</w> <w>τορῶς</w> <w>σοι</w> <w>πᾶν</w> <w>ὅπερ</w> <w>χρῄζεις
</w> <w>μαθεῖν</w> <w>,</w> </l>
 <l n="610"><w>οὐκ</w> <w>ἐμπλέκων</w> <w>αἰνίγματʼ</w> <w>,</w> <w>ἀλλʼ</w> <w>ἁπλῷ
</w> <w>λόγῳ</w> <w>,</w> </l>
 <l n="611"><w>ὥσπερ</w> <w>δίκαιον</w> <w>πρὸς</w> <w>φίλους</w> <w>οἴγειν
</w> <w>στόμα</w> <w>.</w> </l>
 <l n="612"><w>πυρὸς</w> <w>βροτοῖς</w> <w>δοτῆρʼ</w> <w>ὁρᾷς</w> <w>Προμηθέα</w> <w>.</w> </l>



 <l n="613"><w>ὦ</w> <w>κοινὸν</w> <w>ὠφέλημα</w> <w>θνητοῖσιν</w> <w>φανείς</w> <w>,</w> </l>
 <l n="614"><w>τλῆμον</w> <w>Προμηθεῦ</w> <w>,</w> <w>τοῦ</w> <w>δίκην</w> <w>πάσχεις</w> <w>τάδε</w> <w>;</w> </l>



 <l n="615"><w>ἁρμοῖ</w> <w>πέπαυμαι</w> <w>τοὺς</w> <w>ἐμοὺς</w> <w>θρηνῶν
</w> <w>πόνους</w> <w>.</w> </l>



 <l n="616"><w>οὔκουν</w> <w>πόροις</w> <w>ἂν</w> <w>τήνδε</w> <w>δωρεὰν</w> <w>ἐμοί</w> <w>;</w> </l>



 <l n="617"><w>λέγʼ</w> <w>ἥντινʼ</w> <w>αἰτῇ:</w> <w>πᾶν</w> <w>γὰρ</w> <w>ἂν</w> <w>πύθοιό
</w> <w>μου</w> <w>.</w> </l>



 <l n="618"><w>σήμηνον</w> <w>ὅστις</w> <w>ἐν</w> <w>φάραγγί</w> <w>σʼ</w> <w>ὤχμασεν</w> <w>.</w> </l>



 <l n="619"><w>βούλευμα</w> <w>μὲν</w> <w>τὸ</w> <w>Δῖον</w> <w>,</w> <w>Ἡφαίστου</w> <w>δὲ
</w> <w>χείρ</w> <w>.</w> </l>



 <l n="620"><w>ποινὰς</w> <w>δὲ</w> <w>ποίων</w> <w>ἀμπλακημάτων</w> <w>τίνεις</w> <w>;</w> </l>



 <l n="621"><w>τοσοῦτον</w> <w>ἀρκῶ</w> <w>σοι</w> <w>σαφηνίσας</w> <w>μόνον</w> <w>.</w> </l>



 <l n="622"><w>καὶ</w> <w>πρός</w> <w>γε</w> <w>τούτοις</w> <w>τέρμα</w> <w>τῆς</w> <w>ἐμῆς</w> <w>πλάνης</w> </l>
 <l n="623"><w>δεῖξον</w> <w>,</w> <w>τίς</w> <w>ἔσται</w> <w>τῇ</w> <w>ταλαιπώρῳ</w> <w>χρόνος</w> <w>.</w> </l>



 <l n="624"><w>τὸ</w> <w>μὴ</w> <w>μαθεῖν</w> <w>σοι</w> <w>κρεῖσσον</w> <w>ἢ</w> <w>μαθεῖν
</w> <w>τάδε</w> <w>.</w> </l>



 <l n="625"><w>μήτοι</w> <w>με</w> <w>κρύψῃς</w> <w>τοῦθʼ</w> <w>ὅπερ</w> <w>μέλλω
</w> <w>παθεῖν</w> <w>.</w> </l>



 <l n="626"><w>ἀλλʼ</w> <w>οὐ</w> <w>μεγαίρω</w> <w>τοῦδέ</w> <w>σοι</w> <w>δωρήματος</w> <w>.</w> </l>



 <l n="627"><w>τί</w> <w>δῆτα</w> <w>μέλλεις</w> <w>μὴ</w> <w>οὐ</w> <w>γεγωνίσκειν</w> <w>τὸ</w> <w>πᾶν</w> <w>;</w> </l>



 <l n="628"><w>φθόνος</w> <w>μὲν</w> <w>οὐδείς</w> <w>,</w> <w>σὰς</w> <w>δʼ</w> <w>ὀκνῶ</w> <w>θράξαι
</w> <w>φρένας</w> <w>.</w> </l>



 <l n="629"><w>μή</w> <w>μου</w> <w>προκήδου</w> <w>μᾶσσον</w> <w>ὡς</w> <w>ἐμοὶ</w> <w>γλυκύ</w> <w>.</w> </l>



 <l n="630"><w>ἐπεὶ</w> <w>προθυμῇ</w> <w>,</w> <w>χρὴ</w> <w>λέγειν</w> <w>.</w> <w>ἄκουε
</w> <w>δή</w> <w>.</w> </l>



 <l n="631"><w>μήπω</w> <w>γε:</w> <w>μοῖραν</w> <w>δʼ</w> <w>ἡδονῆς</w> <w>κἀμοὶ</w> <w>πόρε</w> <w>.</w> </l>
 <l n="632"><w>τὴν</w> <w>τῆσδε</w> <w>πρῶτον</w> <w>ἱστορήσωμεν</w> <w>νόσον</w> <w>,</w> </l>
 <l n="633"><w>αὐτῆς</w> <w>λεγούσης</w> <w>τὰς</w> <w>πολυφθόρους</w> <w>τύχας:</w> </l>
 <l n="634"><w>τὰ</w> <w>λοιπὰ</w> <w>δʼ</w> <w>ἄθλων</w> <w>σοῦ</w> <w>διδαχθήτω</w> <w>πάρα</w> <w>.</w> </l>



 <l n="635"><w>σὸν</w> <w>ἔργον</w> <w>,</w> <w>Ἰοῖ</w> <w>,</w> <w>ταῖσδʼ</w> <w>ὑπουργῆσαι
</w> <w>χάριν</w> <w>,</w> </l>
 <l n="636"><w>ἄλλως</w> <w>τε</w> <w>πάντως</w> <w>καὶ</w> <w>κασιγνήταις
</w> <w>πατρός</w> <w>.</w> </l>
 <l n="637"><w>ὡς</w> <w>τἀποκλαῦσαι</w> <w>κἀποδύρασθαι</w> <w>τύχας</w> </l>
 <l n="638"><w>ἐνταῦθʼ</w> <w>,</w> <w>ὅπου</w> <w>μέλλοι</w> <w>τις</w> <w>οἴσεσθαι
</w> <w>δάκρυ</w> </l>
 <l n="639"><w>πρὸς</w> <w>τῶν</w> <w>κλυόντων</w> <w>,</w> <w>ἀξίαν</w> <w>τριβὴν</w> <w>ἔχει</w> <w>.</w> </l>




 <l n="640"><w>οὐκ</w> <w>οἶδʼ</w> <w>ὅπως</w> <w>ὑμῖν</w> <w>ἀπιστῆσαί</w> <w>με</w> <w>χρή</w> <w>,</w> </l>
 <l n="641"><w>σαφεῖ</w> <w>δὲ</w> <w>μύθῳ</w> <w>πᾶν</w> <w>ὅπερ</w> <w>προσχρῄζετε</w> </l>
 <l n="642"><w>πεύσεσθε:</w> <w>καίτοι</w> <w>καὶ</w> <w>λέγουσʼ</w> <w>αἰσχύνομαι</w> </l>
 <l n="643"><w>θεόσσυτον</w> <w>χειμῶνα</w> <w>καὶ</w> <w>διαφθορὰν</w> </l>
 <l n="644"><w>μορφῆς</w> <w>,</w> <w>ὅθεν</w> <w>μοι</w> <w>σχετλίᾳ</w> <w>προσέπτατο</w> <w>.</w> </l>
 <l n="645"> <w>αἰεὶ</w> <w>γὰρ</w> <w>ὄψεις</w> <w>ἔννυχοι</w> <w>πωλεύμεναι</w> </l>
 <l n="646"><w>ἐς</w> <w>παρθενῶνας</w> <w>τοὺς</w> <w>ἐμοὺς</w> <w>παρηγόρουν</w> </l>
 <l n="647"><w>λείοισι</w> <w>μύθοις</w> <w>‘ὦ</w> <w>μέγʼ</w> <w>εὔδαιμον</w> <w>κόρη</w> <w>,</w> </l>
 <l n="648"><w>τί</w> <w>παρθενεύει</w> <w>δαρόν</w> <w>,</w> <w>ἐξόν</w> <w>σοι</w> <w>γάμου</w> </l>
 <l n="649"><w>τυχεῖν</w> <w>μεγίστου</w> <w>;</w> <w>Ζεὺς</w> <w>γὰρ</w> <w>ἱμέρου</w> <w>βέλει</w> </l>
 <l n="650"><w>πρὸς</w> <w>σοῦ</w> <w>τέθαλπται</w> <w>καὶ</w> <w>συναίρεσθαι
</w> <w>Κύπριν</w> </l>
 <l n="651"><w>θέλει:</w> <w>σὺ</w> <w>δʼ</w> <w>,</w> <w>ὦ</w> <w>παῖ</w> <w>,</w> <w>μὴ</w> <w>ʼπολακτίσῃς</w> <w>λέχος</w> </l>
 <l n="652"><w>τὸ</w> <w>Ζηνός</w> <w>,</w> <w>ἀλλʼ</w> <w>ἔξελθε</w> <w>πρὸς</w> <w>Λέρνης</w> <w>βαθὺν</w> </l>
 <l n="653"><w>λειμῶνα</w> <w>,</w> <w>ποίμνας</w> <w>βουστάσεις</w> <w>τε</w> <w>πρὸς</w> <w>πατρός</w> <w>,</w> </l>
 <l n="654"><w>ὡς</w> <w>ἂν</w> <w>τὸ</w> <w>Δῖον</w> <w>ὄμμα</w> <w>λωφήσῃ</w> <w>πόθου</w> <w>.</w> <w>’</w> </l>
 <l n="655"> <w>τοιοῖσδε</w> <w>πάσας</w> <w>εὐφρόνας</w> <w>ὀνείρασι</w> </l>
 <l n="656"><w>συνειχόμην</w> <w>δύστηνος</w> <w>,</w> <w>ἔστε</w> <w>δὴ</w> <w>πατρὶ</w> </l>
 <l n="657"><w>ἔτλην</w> <w>γεγωνεῖν</w> <w>νυκτίφοιτʼ</w> <w>ὀνείρατα</w> <w>.</w> </l>
 <l n="658"><w>ὁ</w> <w>δʼ</w> <w>ἔς</w> <w>τε</w> <w>Πυθὼ</w> <w>κἀπὶ</w> <w>Δωδώνης</w> <w>πυκνοὺς</w> </l>
 <l n="659"><w>θεοπρόπους</w> <w>ἴαλλεν</w> <w>,</w> <w>ὡς</w> <w>μάθοι</w> <w>τί</w> <w>χρὴ</w> </l>
 <l n="660"><w>δρῶντʼ</w> <w>ἢ</w> <w>λέγοντα</w> <w>δαίμοσιν</w> <w>πράσσειν
</w> <w>φίλα</w> <w>.</w> </l>
 <l n="661"><w>ἧκον</w> <w>δʼ</w> <w>ἀναγγέλλοντες</w> <w>αἰολοστόμους</w> </l>
 <l n="662"><w>χρησμοὺς</w> <w>ἀσήμους</w> <w>δυσκρίτως</w> <w>τʼ</w> <w>εἰρημένους</w> <w>.</w> </l>
 <l n="663"><w>τέλος</w> <w>δʼ</w> <w>ἐναργὴς</w> <w>βάξις</w> <w>ἦλθεν</w> <w>Ἰνάχῳ</w> </l>
 <l n="664"><w>σαφῶς</w> <w>ἐπισκήπτουσα</w> <w>καὶ</w> <w>μυθουμένη</w> </l>
 <l n="665"><w>ἔξω</w> <w>δόμων</w> <w>τε</w> <w>καὶ</w> <w>πάτρας</w> <w>ὠθεῖν</w> <w>ἐμέ</w> <w>,</w> </l>
 <l n="666"><w>ἄφετον</w> <w>ἀλᾶσθαι</w> <w>γῆς</w> <w>ἐπʼ</w> <w>ἐσχάτοις</w> <w>ὅροις:</w> </l>
 <l n="667"><w>κεἰ</w> <w>μὴ</w> <w>θέλοι</w> <w>,</w> <w>πυρωπὸν</w> <w>ἐκ</w> <w>Διὸς</w> <w>μολεῖν</w> </l>
 <l n="668"><w>κεραυνόν</w> <w>,</w> <w>ὃς</w> <w>πᾶν</w> <w>ἐξαϊστώσοι</w> <w>γένος</w> <w>.</w> </l>
 <l n="669"> <w>τοιοῖσδε</w> <w>πεισθεὶς</w> <w>Λοξίου</w> <w>μαντεύμασιν</w> </l>
 <l n="670"><w>ἐξήλασέν</w> <w>με</w> <w>κἀπέκλῃσε</w> <w>δωμάτων</w> </l>
 <l n="671"><w>ἄκουσαν</w> <w>ἄκων:</w> <w>ἀλλʼ</w> <w>ἐπηνάγκαζέ</w> <w>νιν</w> </l>
 <l n="672"><w>Διὸς</w> <w>χαλινὸς</w> <w>πρὸς</w> <w>βίαν</w> <w>πράσσειν</w> <w>τάδε</w> <w>.</w> </l>
 <l n="673"><w>εὐθὺς</w> <w>δὲ</w> <w>μορφὴ</w> <w>καὶ</w> <w>φρένες</w> <w>διάστροφοι</w> </l>
 <l n="674"><w>ἦσαν</w> <w>,</w> <w>κεραστὶς</w> <w>δʼ</w> <w>,</w> <w>ὡς</w> <w>ὁρᾶτʼ</w> <w>,</w> <w>ὀξυστόμῳ</w> </l>
 <l n="675"><w>μύωπι</w> <w>χρισθεῖσʼ</w> <w>ἐμμανεῖ</w> <w>σκιρτήματι</w> </l>
 <l n="676"><w>ᾖσσον</w> <w>πρὸς</w> <w>εὔποτόν</w> <w>τε</w> <w>Κερχνείας</w> <w>ῥέος</w> </l>
 <l n="677"><w>Λέρνης</w> <w>τε</w> <w>κρήνην</w> <w>:</w> <w>βουκόλος</w> <w>δὲ</w> <w>γηγενὴς</w> </l>
 <l n="678"><w>ἄκρατος</w> <w>ὀργὴν</w> <w>Ἄργος</w> <w>ὡμάρτει</w> <w>,</w> <w>πυκνοῖς</w> </l>
 <l n="679"><w>ὄσσοις</w> <w>δεδορκὼς</w> <w>τοὺς</w> <w>ἐμοὺς</w> <w>κατὰ</w> <w>στίβους</w> <w>.</w> </l>
 <l n="680"><w>ἀπροσδόκητος</w> <w>δʼ</w> <w>αὐτὸν</w> <w>ἀφνίδιος</w> <w>μόρος</w> </l>
 <l n="681"><w>τοῦ</w> <w>ζῆν</w> <w>ἀπεστέρησεν</w> <w>.</w> <w>οἰστροπλὴξ</w> <w>δʼ</w> <w>ἐγὼ</w> </l>
 <l n="682"><w>μάστιγι</w> <w>θείᾳ</w> <w>γῆν</w> <w>πρὸ</w> <w>γῆς</w> <w>ἐλαύνομαι</w> <w>.</w> </l>
 <l n="683"> <w>κλύεις</w> <w>τὰ</w> <w>πραχθέντʼ:</w> <w>εἰ</w> <w>δʼ</w> <w>ἔχεις</w> <w>εἰπεῖν</w> <w>ὅ</w> <w>τι</w> </l>
 <l n="684"><w>λοιπὸν</w> <w>πόνων</w> <w>,</w> <w>σήμαινε:</w> <w>μηδέ</w> <w>μʼ</w> <w>οἰκτίσας</w> </l>
 <l n="685"><w>ξύνθαλπε</w> <w>μύθοις</w> <w>ψευδέσιν:</w> <w>νόσημα</w> <w>γὰρ</w> </l>
 <l n="686"><w>αἴσχιστον</w> <w>εἶναί</w> <w>φημι</w> <w>συνθέτους</w> <w>λόγους</w> <w>.</w> </l>





 <l n="687"><w>ἔα</w> <w>ἔα</w> <w>,</w> <w>ἄπεχε</w> <w>,</w> <w>φεῦ:</w> </l>
 <l n="688"><w>οὔποτʼ</w> <w>οὔποτʼ</w> <w>ηὔχουν</w> <w>ὧδε</w>  <w>ξένους</w> </l>
 <l n="689"><w>μολεῖσθαι</w> <w>λόγους</w> <w>εἰς</w> <w>ἀκοὰν</w> <w>ἐμάν</w> <w>,</w> </l>
 <l n="690"><w>οὐδʼ</w> <w>ὧδε</w> <w>δυσθέατα</w> <w>καὶ</w> <w>δύσοιστα</w> </l>
 <l n="691"><w>πήματα</w> <w>,</w> <w>λύματα</w> <w>,</w>  <w>ἀμφάκει</w> </l>
 <l n="692"><w>κέντρῳ</w> <w>τύψειν</w> <w>ψυχὰν</w> <w>ἐμάν</w> <w>.</w> </l>
 <l n="693"><w>ἰὼ</w> <w>
</w> <w>μοῖρα</w> <w>μοῖρα</w> <w>,</w> </l>
 <l n="694"><w>REMOVE_BEFORE_FLIGHT</w> </l>
 <l n="695"><w>πέφρικʼ</w> <w>εἰσιδοῦσα</w> <w>πρᾶξιν</w> <w>Ἰοῦς</w> <w>.</w> </l>




 <l n="696"><w>πρῴ</w> <w>γε</w> <w>στενάζεις</w> <w>καὶ</w> <w>φόβου</w> <w>πλέα</w> <w>τις</w> <w>εἶ:</w> </l>
 <l n="697"><w>ἐπίσχες</w> <w>ἔστʼ</w> <w>ἂν</w> <w>καὶ</w> <w>τὰ</w> <w>λοιπὰ</w> <w>προσμάθῃς</w> <w>.</w> </l>



 <l n="698"><w>λέγʼ</w> <w>,</w> <w>ἐκδίδασκε:</w> <w>τοῖς</w> <w>νοσοῦσί</w> <w>τοι</w> <w>γλυκὺ</w> </l>
 <l n="699"><w>τὸ</w> <w>λοιπὸν</w> <w>ἄλγος</w> <w>προυξεπίστασθαι</w> <w>τορῶς</w> <w>.</w> </l>



 <l n="700"><w>τὴν</w> <w>πρίν</w> <w>γε</w> <w>χρείαν</w> <w>ἠνύσασθʼ</w> <w>ἐμοῦ
</w> <w>πάρα</w> </l>
 <l n="701"><w>κούφως:</w> <w>μαθεῖν</w> <w>γὰρ</w> <w>τῆσδε</w> <w>πρῶτʼ</w> <w>ἐχρῄζετε</w> </l>
 <l n="702"><w>τὸν</w> <w>ἀμφʼ</w> <w>ἑαυτῆς</w> <w>ἆθλον</w> <w>ἐξηγουμένης:</w> </l>
 <l n="703"><w>τὰ</w> <w>λοιπὰ</w> <w>νῦν</w> <w>ἀκούσαθʼ</w> <w>,</w> <w>οἷα</w> <w>χρὴ</w> <w>πάθη</w> </l>
 <l n="704"><w>τλῆναι</w> <w>πρὸς</w> <w>Ἥρας</w> <w>τήνδε</w> <w>τὴν</w> <w>νεάνιδα</w> <w>.</w> </l>
 <l n="705"><w>σύ</w> <w>τʼ</w> <w>Ἰνάχειον</w> <w>σπέρμα</w> <w>,</w> <w>τοὺς</w> <w>ἐμοὺς
</w> <w>λόγους</w> </l>
 <l n="706"><w>θυμῷ</w> <w>βάλʼ</w> <w>,</w> <w>ὡς</w> <w>ἂν</w> <w>τέρματʼ</w> <w>ἐκμάθῃς</w> <w>ὁδοῦ</w> <w>.</w> </l>
 <l n="707"> <w>πρῶτον</w> <w>μὲν</w> <w>ἐνθένδʼ</w> <w>ἡλίου</w> <w>πρὸς</w> <w>ἀντολὰς</w> </l>
 <l n="708"><w>στρέψασα</w> <w>σαυτὴν</w> <w>στεῖχʼ</w> <w>ἀνηρότους</w> <w>γύας:</w> </l>
 <l n="709"><w>Σκύθας</w> <w>δʼ</w> <w>ἀφίξῃ</w> <w>νομάδας</w> <w>,</w> <w>οἳ</w> <w>πλεκτὰς
</w> <w>στέγας</w> </l>
 <l n="710"><w>πεδάρσιοι</w> <w>ναίουσʼ</w> <w>ἐπʼ</w> <w>εὐκύκλοις
</w> <w>ὄχοις</w> </l>
 <l n="711"><w>ἑκηβόλοις</w> <w>τόξοισιν</w> <w>ἐξηρτυμένοι:</w> </l>
 <l n="712"><w>οἷς</w> <w>μὴ</w> <w>πελάζειν</w> <w>,</w> <w>ἀλλʼ</w> <w>ἁλιστόνοις</w> <w>πόδας</w> </l>
 <l n="713"><w>χρίμπτουσα</w> <w>ῥαχίαισιν</w> <w>ἐκπερᾶν</w> <w>χθόνα</w> <w>.</w> </l>
 <l n="714"><w>λαιᾶς</w> <w>δὲ</w> <w>χειρὸς</w> <w>οἱ</w> <w>σιδηροτέκτονες</w> </l>
 <l n="715"><w>οἰκοῦσι</w> <w>Χάλυβες</w> <w>,</w> <w>οὓς</w> <w>φυλάξασθαί</w> <w>σε
</w> <w>χρή</w> <w>.</w> </l>
 <l n="716"><w>ἀνήμεροι</w> <w>γὰρ</w> <w>οὐδὲ</w> <w>πρόσπλατοι</w> <w>ξένοις</w> <w>.</w> </l>
 <l n="717"><w>ἥξεις</w> <w>δʼ</w> <w>Ὑβριστὴν</w> <w>ποταμὸν</w> <w>οὐ</w> <w>ψευδώνυμον</w> <w>,</w> </l>
 <l n="718"><w>ὃν</w> <w>μὴ</w> <w>περάσῃς</w> <w>,</w> <w>οὐ</w> <w>γὰρ</w> <w>εὔβατος</w> <w>περᾶν</w> <w>,</w> </l>
 <l n="719"><w>πρὶν</w> <w>ἂν</w> <w>πρὸς</w> <w>αὐτὸν</w> <w>Καύκασον</w> <w>μόλῃς</w> <w>,</w> <w>ὀρῶν</w> </l>
 <l n="720"><w>ὕψιστον</w> <w>,</w> <w>ἔνθα</w> <w>ποταμὸς</w> <w>ἐκφυσᾷ
</w> <w>μένος</w> </l>
 <l n="721"><w>κροτάφων</w> <w>ἀπʼ</w> <w>αὐτῶν</w> <w>.</w> <w>ἀστρογείτονας</w> <w>δὲ</w> <w>χρὴ</w> </l>
 <l n="722"><w>κορυφὰς</w> <w>ὑπερβάλλουσαν</w> <w>ἐς</w> <w>μεσημβρινὴν</w> </l>
 <l n="723"><w>βῆναι</w> <w>κέλευθον</w> <w>,</w> <w>ἔνθʼ</w> <w>,</w> <w>Ἀμαζόνων</w> <w>στρατὸν</w> </l>
 <l n="724"><w>ἥξεις</w> <w>στυγάνορʼ</w> <w>,</w> <w>αἳ</w> <w>Θεμίσκυράν</w> <w>ποτε</w> </l>
 <l n="725"><w>κατοικιοῦσιν</w> <w>ἀμφὶ</w> <w>Θερμώδονθʼ</w> <w>,</w> <w>
</w> <w>ἵνα</w> </l>
 <l n="726"><w>τραχεῖα</w> <w>πόντου</w> <w>Σαλμυδησσία</w> <w>γνάθος</w> </l>
 <l n="727"><w>ἐχθρόξενος</w> <w>ναύταισι</w> <w>,</w> <w>μητρυιὰ</w> <w>νεῶν:</w> </l>
 <l n="728"><w>αὗταί</w> <w>σʼ</w> <w>ὁδηγήσουσι</w> <w>καὶ</w> <w>μάλʼ</w> <w>ἀσμένως</w> <w>.</w> </l>
 <l n="729"><w>ἰσθμὸν</w> <w>δʼ</w> <w>ἐπʼ</w> <w>αὐταῖς</w> <w>στενοπόροις</w> <w>λίμνης
</w> <w>πύλαις</w> </l>
 <l n="730"><w>Κιμμερικὸν</w> <w>ἥξεις</w> <w>,</w> <w>ὃν</w> <w>θρασυσπλάγχνως</w> <w>σε
</w> <w>χρὴ</w> </l>
 <l n="731"><w>λιποῦσαν</w> <w>αὐλῶνʼ</w> <w>ἐκπερᾶν</w> <w>Μαιωτικόν:</w> </l>
 <l n="732"><w>ἔσται</w> <w>δὲ</w> <w>θνητοῖς</w> <w>εἰσαεὶ</w> <w>λόγος</w> <w>μέγας</w> </l>
 <l n="733"><w>τῆς</w> <w>σῆς</w> <w>πορείας</w> <w>,</w> <w>Βόσπορος</w> <w>δʼ</w> <w>ἐπώνυμος</w> </l>
 <l n="734"><w>κεκλήσεται</w> <w>.</w> <w>λιποῦσα</w> <w>δʼ</w> <w>Εὐρώπης</w> <w>πέδον</w> </l>
 <l n="735"><w>ἤπειρον</w> <w>ἥξεις</w> <w>Ἀσιάδʼ:</w> <w>.</w> <w>ἆρʼ</w> <w>,</w> <w>ὑμῖν
</w> <w>δοκεῖ</w> </l>
 <l n="736"><w>ὁ</w> <w>τῶν</w> <w>θεῶν</w> <w>τύραννος</w> <w>ἐς</w> <w>τὰ</w> <w>πάνθʼ</w> <w>ὁμῶς</w> </l>
 <l n="737"><w>βίαιος</w> <w>εἶναι</w> <w>;</w> <w>τῇδε</w> <w>γὰρ</w> <w>θνητῇ</w> <w>θεὸς</w> </l>
 <l n="738"><w>χρῄζων</w> <w>μιγῆναι</w> <w>τάσδʼ</w> <w>ἐπέρριψεν</w> <w>πλάνας</w> <w>.</w> </l>
 <l n="739"><w>πικροῦ</w> <w>δʼ</w> <w>ἔκυρσας</w> <w>,</w> <w>ὦ</w> <w>κόρη</w> <w>,</w> <w>τῶν</w> <w>σῶν</w> <w>γάμων</w> </l>
 <l n="740"><w>μνηστῆρος</w> <w>.</w> <w>οὓς</w> <w>γὰρ</w> <w>νῦν</w> <w>ἀκήκοας
</w> <w>λόγους</w> <w>,</w> </l>
 <l n="741"><w>εἶναι</w> <w>δόκει</w> <w>σοι</w> <w>μηδέπω</w> <w>ʼν</w> <w>προοιμίοις</w> <w>.</w> </l>




 <l n="742"><w>ἰώ</w> <w>μοί</w> <w>μοι</w> <w>,</w> <w>ἒ</w> <w>ἔ</w> <w>.</w> </l>



 <l n="743"><w>σὺ</w> <w>δʼ</w> <w>αὖ</w> <w>κέκραγας</w> <w>κἀναμυχθίζῃ</w> <w>;</w> <w>τί</w> <w>που</w> </l>
 <l n="744"><w>δράσεις</w> <w>,</w> <w>ὅταν</w> <w>τὰ</w> <w>λοιπὰ</w> <w>πυνθάνῃ</w> <w>κακά</w> <w>;</w> </l>



 <l n="745"><w>ἦ</w> <w>γάρ</w> <w>τι</w> <w>λοιπὸν</w> <w>τῇδε</w> <w>πημάτων</w> <w>ἐρεῖς</w> <w>;</w> </l>



 <l n="746"><w>δυσχείμερόν</w> <w>γε</w> <w>πέλαγος</w> <w>ἀτηρᾶς</w> <w>δύης</w> <w>.</w> </l>



 <l n="747"><w>τί</w> <w>δῆτʼ</w> <w>ἐμοὶ</w> <w>ζῆν</w> <w>κέρδος</w> <w>,</w> <w>ἀλλʼ</w> <w>οὐκ</w> <w>ἐν</w> <w>τάχει</w> </l>
 <l n="748"><w>ἔρριψʼ</w> <w>ἐμαυτὴν</w> <w>τῆσδʼ</w> <w>ἀπὸ</w> <w>στύφλου</w> <w>πέτρας</w> <w>,</w> </l>
 <l n="749"><w>ὅπως</w> <w>πέδοι</w> <w>σκήψασα</w> <w>τῶν</w> <w>πάντων</w> <w>πόνων</w> </l>
 <l n="750"><w>ἀπηλλάγην</w> <w>;</w> <w>κρεῖσσον</w> <w>γὰρ</w> <w>εἰσάπαξ</w> <w>θανεῖν</w> </l>
 <l n="751"><w>ἢ</w> <w>τὰς</w> <w>ἁπάσας</w> <w>ἡμέρας</w> <w>πάσχειν</w> <w>κακῶς</w> <w>.</w> </l>



 <l n="752"><w>ἦ</w> <w>δυσπετῶς</w> <w>ἂν</w> <w>τοὺς</w> <w>ἐμοὺς</w> <w>ἄθλους</w> <w>φέροις</w> <w>,</w> </l>
 <l n="753"><w>ὅτῳ</w> <w>θανεῖν</w> <w>μέν</w> <w>ἐστιν</w> <w>οὐ</w> <w>πεπρωμένον:</w> </l>
 <l n="754"><w>αὕτη</w> <w>γὰρ</w> <w>ἦν</w> <w>ἂν</w> <w>πημάτων</w> <w>ἀπαλλαγή:</w> </l>
 <l n="755"><w>νῦν</w> <w>δʼ</w> <w>οὐδέν</w> <w>ἐστι</w> <w>τέρμα</w> <w>μοι
</w> <w>προκείμενον</w> </l>
 <l n="756"><w>μόχθων</w> <w>,</w> <w>πρὶν</w> <w>ἂν</w> <w>Ζεὺς</w> <w>ἐκπέσῃ</w> <w>τυραννίδος</w> <w>.</w> </l>



 <l n="757"><w>ἦ</w> <w>γάρ</w> <w>ποτʼ</w> <w>ἔστιν</w> <w>ἐκπεσεῖν</w> <w>ἀρχῆς</w> <w>Δία</w> <w>;</w> </l>



 <l n="758"><w>ἥδοιʼ</w> <w>ἄν</w> <w>,</w> <w>οἶμαι</w> <w>,</w> <w>τήνδʼ</w> <w>ἰδοῦσα</w> <w>συμφοράν</w> <w>.</w> </l>



 <l n="759"><w>πῶς</w> <w>δʼ</w> <w>οὐκ</w> <w>ἄν</w> <w>,</w> <w>ἥτις</w> <w>ἐκ</w> <w>Διὸς</w> <w>πάσχω</w> <w>κακῶς</w> <w>;</w> </l>



 <l n="760"><w>ὡς</w> <w>τοίνυν</w> <w>ὄντων</w> <w>τῶνδέ</w> <w>σοι</w> <w>μαθεῖν
</w> <w>πάρα</w> <w>.</w> </l>



 <l n="761"><w>πρὸς</w> <w>τοῦ</w> <w>τύραννα</w> <w>σκῆπτρα</w> <w>συληθήσεται</w> <w>;</w> </l>



 <l n="762"><w>πρὸς</w> <w>αὐτὸς</w> <w>αὑτοῦ</w> <w>κενοφρόνων</w> <w>βουλευμάτων</w> <w>.</w> </l>



 <l n="763"><w>ποίῳ</w> <w>τρόπῳ</w> <w>;</w> <w>σήμηνον</w> <w>,</w> <w>εἰ</w> <w>μή</w> <w>τις</w> <w>βλάβη</w> <w>.</w> </l>



 <l n="764"><w>γαμεῖ</w> <w>γάμον</w> <w>τοιοῦτον</w> <w>ᾧ</w> <w>ποτʼ</w> <w>ἀσχαλᾷ</w> <w>.</w> </l>



 <l n="765"><w>θέορτον</w> <w>,</w> <w>ἢ</w> <w>βρότειον</w> <w>;</w> <w>εἰ</w> <w>ῥητόν</w> <w>,</w> <w>φράσον</w> <w>.</w> </l>



 <l n="766"><w>τί</w> <w>δʼ</w> <w>ὅντινʼ:</w> <w>;</w> <w>οὐ</w> <w>γὰρ</w> <w>ῥητὸν</w> <w>αὐδᾶσθαι
</w> <w>τόδε</w> <w>.</w> </l>



 <l n="767"><w>ἦ</w> <w>πρὸς</w> <w>δάμαρτος</w> <w>ἐξανίσταται</w> <w>θρόνων</w> <w>;</w> </l>



 <l n="768"><w>ἣ</w> <w>τέξεταί</w> <w>γε</w> <w>παῖδα</w> <w>φέρτερον</w> <w>πατρός</w> <w>.</w> </l>



 <l n="769"><w>οὐδʼ</w> <w>ἔστιν</w> <w>αὐτῷ</w> <w>τῆσδʼ</w> <w>ἀποστροφὴ</w> <w>τύχης</w> <w>;</w> </l>



 <l n="770"><w>οὐ</w> <w>δῆτα</w> <w>,</w> <w>πλὴν</w> <w>ἔγωγʼ</w> <w>ἂν</w> <w>ἐκ</w> <w>δεσμῶν
</w> <w>λυθείς</w> <w>.</w> </l>



 <l n="771"><w>τίς</w> <w>οὖν</w> <w>ὁ</w> <w>λύσων</w> <w>ἐστὶν</w> <w>ἄκοντος</w> <w>Διός</w> <w>;</w> </l>



 <l n="772"><w>τῶν</w> <w>σῶν</w> <w>τινʼ</w> <w>αὐτὸν</w> <w>ἐγγόνων</w> <w>εἶναι</w> <w>χρεών</w> <w>.</w> </l>



 <l n="773"><w>πῶς</w> <w>εἶπας</w> <w>;</w> <w>ἦ</w> <w>ʼμὸς</w> <w>παῖς</w> <w>σʼ</w> <w>ἀπαλλάξει</w> <w>κακῶν</w> <w>;</w> </l>



 <l n="774"><w>τρίτος</w> <w>γε</w> <w>γένναν</w> <w>πρὸς</w> <w>δέκʼ</w> <w>ἄλλαισιν
</w> <w>γοναῖς</w> <w>.</w> </l>



 <l n="775"><w>ἥδʼ</w> <w>οὐκέτʼ</w> <w>εὐξύμβλητος</w> <w>ἡ</w> <w>χρησμῳδία</w> <w>.</w> </l>



 <l n="776"><w>καὶ</w> <w>μηδὲ</w> <w>σαυτῆς</w> <w>ἐκμαθεῖν</w> <w>ζήτει</w> <w>πόνους</w> <w>.</w> </l>



 <l n="777"><w>μή</w> <w>μοι</w> <w>προτείνων</w> <w>κέρδος</w> <w>εἶτʼ</w> <w>ἀποστέρει</w> <w>.</w> </l>



 <l n="778"><w>δυοῖν</w> <w>λόγοιν</w> <w>σε</w> <w>θατέρῳ</w> <w>δωρήσομαι</w> <w>.</w> </l>



 <l n="779"><w>ποίοιν</w> <w>;</w> <w>πρόδειξον</w> <w>,</w> <w>αἵρεσίν</w> <w>τʼ</w> <w>ἐμοὶ</w> <w>δίδου</w> <w>.</w> </l>




 <l n="780"><w>δίδωμʼ:</w> <w>ἑλοῦ</w> <w>γάρ</w> <w>,</w> <w>ἢ</w> <w>πόνων</w> <w>τὰ</w> <w>λοιπά
</w> <w>σοι</w> </l>
 <l n="781"><w>φράσω</w> <w>σαφηνῶς</w> <w>,</w> <w>ἢ</w> <w>τὸν</w> <w>ἐκλύσοντʼ</w> <w>ἐμέ</w> <w>.</w> </l>



 <l n="782"><w>τούτων</w> <w>σὺ</w> <w>τὴν</w> <w>μὲν</w> <w>τῇδε</w> <w>,</w> <w>τὴν</w> <w>δʼ</w> <w>ἐμοὶ</w> <w>χάριν</w> </l>
 <l n="783"><w>θέσθαι</w> <w>θέλησον</w> <w>,</w> <w>μηδʼ</w> <w>ἀτιμάσῃς</w> <w>λόγου:</w> </l>
 <l n="784"><w>καὶ</w> <w>τῇδε</w> <w>μὲν</w> <w>γέγωνε</w> <w>τὴν</w> <w>λοιπὴν</w> <w>πλάνην</w> <w>,</w> </l>
 <l n="785"><w>ἐμοὶ</w> <w>δὲ</w> <w>τὸν</w> <w>λύσοντα:</w> <w>τοῦτο</w> <w>γὰρ</w> <w>ποθῶ</w> <w>.</w> </l>



 <l n="786"><w>ἐπεὶ</w> <w>προθυμεῖσθʼ</w> <w>,</w> <w>οὐκ</w> <w>ἐναντιώσομαι</w> </l>
 <l n="787"><w>τὸ</w> <w>μὴ</w> <w>οὐ</w> <w>γεγωνεῖν</w> <w>πᾶν</w> <w>ὅσον</w> <w>προσχρῄζετε</w> <w>.</w> </l>
 <l n="788"><w>σοὶ</w> <w>πρῶτον</w> <w>,</w> <w>Ἰοῖ</w> <w>,</w> <w>πολύδονον</w> <w>πλάνην</w> <w>φράσω</w> <w>,</w> </l>
 <l n="789"><w>ἣν</w> <w>ἐγγράφου</w> <w>σὺ</w> <w>μνήμοσιν</w> <w>δέλτοις</w> <w>φρενῶν</w> <w>.</w> </l>
 <l n="790"> <w>ὅταν</w> <w>περάσῃς</w> <w>ῥεῖθρον</w> <w>ἠπείροιν
</w> <w>ὅρον</w> <w>,</w> </l>
 <l n="790a"><w>πρὸς</w> <w>ἀντολὰς</w> <w>φλογῶπας</w> <w>ἡλιοστιβεῖς</w> </l>
 <l n="791"><w>
</w> <w>
</w> </l>
 <l n="792"><w>πόντου</w> <w>περῶσα</w> <w>φλοῖσβον</w> <w>,</w> <w>ἔστʼ</w> <w>ἂν</w> <w>ἐξίκῃ</w> </l>
 <l n="793"><w>πρὸς</w> <w>Γοργόνεια</w> <w>πεδία</w> <w>Κισθήνης</w> <w>,</w> <w>ἵνα</w> </l>
 <l n="794"><w>αἱ</w> <w>Φορκίδες</w> <w>ναίουσι</w> <w>δηναιαὶ</w> <w>κόραι</w> </l>
 <l n="795"><w>τρεῖς</w> <w>κυκνόμορφοι</w> <w>,</w> <w>κοινὸν</w> <w>ὄμμʼ
</w> <w>ἐκτημέναι</w> <w>,</w> </l>
 <l n="796"><w>μονόδοντες</w> <w>,</w> <w>ἃς</w> <w>οὔθʼ</w> <w>ἥλιος</w> <w>προσδέρκεται</w> </l>
 <l n="797"><w>ἀκτῖσιν</w> <w>οὔθʼ</w> <w>ἡ</w> <w>νύκτερος</w> <w>μήνη</w> <w>ποτέ</w> <w>.</w> </l>
 <l n="798"><w>πέλας</w> <w>δʼ</w> <w>ἀδελφαὶ</w> <w>τῶνδε</w> <w>τρεῖς</w> <w>κατάπτεροι</w> <w>,</w> </l>
 <l n="799"><w>δρακοντόμαλλοι</w> <w>Γοργόνες</w> <w>βροτοστυγεῖς</w> <w>,</w> </l>
 <l n="800"><w>ἃς</w> <w>θνητὸς</w> <w>οὐδεὶς</w> <w>εἰσιδὼν</w> <w>ἕξει
</w> <w>πνοάς</w> <w>.</w> </l>
 <l n="801"><w>τοιοῦτο</w> <w>μέν</w> <w>σοι</w> <w>τοῦτο</w> <w>φρούριον</w> <w>λέγω:</w> </l>
 <l n="802"><w>ἄλλην</w> <w>δʼ</w> <w>ἄκουσον</w> <w>δυσχερῆ</w> <w>θεωρίαν:</w> </l>
 <l n="803"><w>ὀξυστόμους</w> <w>γὰρ</w> <w>Ζηνὸς</w> <w>ἀκραγεῖς</w> <w>κύνας</w> </l>
 <l n="804"><w>γρῦπας</w> <w>φύλαξαι</w> <w>,</w> <w>τόν</w> <w>τε</w> <w>μουνῶπα</w> <w>στρατὸν</w> </l>
 <l n="805"><w>Ἀριμασπὸν</w> <w>ἱπποβάμονʼ</w> <w>,</w> <w>οἳ
</w> <w>χρυσόρρυτον</w> </l>
 <l n="806"><w>οἰκοῦσιν</w> <w>ἀμφὶ</w> <w>νᾶμα</w> <w>Πλούτωνος</w> <w>πόρου:</w> </l>
 <l n="807"><w>τούτοις</w> <w>σὺ</w> <w>μὴ</w> <w>πέλαζε</w> <w>.</w> <w>τηλουρὸν</w> <w>δὲ</w> <w>γῆν</w> </l>
 <l n="808"><w>ἥξεις</w> <w>,</w> <w>κελαινὸν</w> <w>φῦλον</w> <w>,</w> <w>οἳ</w> <w>πρὸς</w> <w>ἡλίου</w> </l>
 <l n="809"><w>ναίουσι</w> <w>πηγαῖς</w> <w>,</w> <w>ἔνθα</w> <w>ποταμὸς</w> <w>Αἰθίοψ</w> <w>.</w> </l>
 <l n="810"><w>τούτου</w> <w>παρʼ</w> <w>ὄχθας</w> <w>ἕρφʼ</w> <w>,</w> <w>ἕως</w> <w>ἂν
</w> <w>ἐξίκῃ</w> </l>
 <l n="811"><w>καταβασμόν</w> <w>,</w> <w>ἔνθα</w> <w>Βιβλίνων</w> <w>ὀρῶν</w> <w>ἄπο</w> </l>
 <l n="812"><w>ἵησι</w> <w>σεπτὸν</w> <w>Νεῖλος</w> <w>εὔποτον</w> <w>ῥέος</w> <w>.</w> </l>
 <l n="813"><w>οὗτός</w> <w>σʼ</w> <w>ὁδώσει</w> <w>τὴν</w> <w>τρίγωνον</w> <w>ἐς</w> <w>χθόνα</w> </l>
 <l n="814"><w>Νειλῶτιν</w> <w>,</w> <w>οὗ</w> <w>δὴ</w> <w>τὴν</w> <w>μακρὰν</w> <w>ἀποικίαν</w> <w>,</w> </l>
 <l n="815"><w>Ἰοῖ</w> <w>,</w> <w>πέπρωται</w> <w>σοί</w> <w>τε</w> <w>καὶ</w> <w>τέκνοις
</w> <w>κτίσαι</w> <w>.</w> </l>
 <l n="816"> <w>τῶν</w> <w>δʼ</w> <w>εἴ</w> <w>τί</w> <w>σοι</w> <w>ψελλόν</w> <w>τε</w> <w>καὶ
</w> <w>δυσεύρετον</w> <w>,</w> </l>
 <l n="817"><w>ἐπανδίπλαζε</w> <w>καὶ</w> <w>σαφῶς</w> <w>ἐκμάνθανε:</w> </l>
 <l n="818"><w>σχολὴ</w> <w>δὲ</w> <w>πλείων</w> <w>ἢ</w> <w>θέλω</w> <w>πάρεστί</w> <w>μοι</w> <w>.</w> </l>




 <l n="819"><w>εἰ</w> <w>μέν</w> <w>τι</w> <w>τῇδε</w> <w>λοιπὸν</w> <w>ἢ</w> <w>παρειμένον</w> </l>
 <l n="820"><w>ἔχεις</w> <w>γεγωνεῖν</w> <w>τῆς</w> <w>πολυφθόρου
</w> <w>πλάνης</w> <w>,</w> </l>
 <l n="821"><w>λέγʼ:</w> <w>εἰ</w> <w>δὲ</w> <w>πάντʼ</w> <w>εἴρηκας</w> <w>,</w> <w>ἡμῖν</w> <w>αὖ</w> <w>χάριν</w> </l>
 <l n="822"><w>δὸς</w> <w>ἥνπερ</w> <w>αἰτούμεσθα</w> <w>,</w> <w>μέμνησαι</w> <w>δέ</w> <w>που</w> <w>.</w> </l>



 <l n="823"><w>τὸ</w> <w>πᾶν</w> <w>πορείας</w> <w>ἥδε</w> <w>τέρμʼ</w> <w>ἀκήκοεν</w> <w>.</w> </l>
 <l n="824"><w>ὅπως</w> <w>δʼ</w> <w>ἂν</w> <w>εἰδῇ</w> <w>μὴ</w> <w>μάτην</w> <w>κλύουσά</w> <w>μου</w> <w>,</w> </l>
 <l n="825"><w>ἃ</w> <w>πρὶν</w> <w>μολεῖν</w> <w>δεῦρʼ</w> <w>ἐκμεμόχθηκεν
</w> <w>φράσω</w> <w>,</w> </l>
 <l n="826"><w>τεκμήριον</w> <w>τοῦτʼ</w> <w>αὐτὸ</w> <w>δοὺς</w> <w>μύθων</w> <w>ἐμῶν</w> <w>.</w> </l>
 <l n="827"> <w>ὄχλον</w> <w>μὲν</w> <w>οὖν</w> <w>τὸν</w> <w>πλεῖστον</w> <w>ἐκλείψω
</w> <w>λόγων</w> <w>,</w> </l>
 <l n="828"><w>πρὸς</w> <w>αὐτὸ</w> <w>δʼ</w> <w>εἶμι</w> <w>τέρμα</w> <w>σῶν</w> <w>πλανημάτων</w> <w>.</w> </l>
 <l n="829"> <w>ἐπεὶ</w> <w>γὰρ</w> <w>ἦλθες</w> <w>πρὸς</w> <w>Μολοσσὰ</w> <w>γάπεδα</w> <w>,</w> </l>
 <l n="830"><w>τὴν</w> <w>αἰπύνωτόν</w> <w>τʼ</w> <w>ἀμφὶ</w> <w>Δωδώνην</w> <w>,</w> <w>
</w> <w>ἵνα</w> </l>
 <l n="831"><w>μαντεῖα</w> <w>θᾶκός</w> <w>τʼ</w> <w>ἐστὶ</w> <w>Θεσπρωτοῦ</w> <w>Διός</w> <w>,</w> </l>
 <l n="832"><w>τέρας</w> <w>τʼ</w> <w>ἄπιστον</w> <w>,</w> <w>αἱ</w> <w>προσήγοροι</w> <w>δρύες</w> <w>,</w> </l>
 <l n="833"><w>ὑφʼ</w> <w>ὧν</w> <w>σὺ</w> <w>λαμπρῶς</w> <w>κοὐδὲν</w> <w>αἰνικτηρίως</w> </l>
 <l n="834"><w>προσηγορεύθης</w> <w>ἡ</w> <w>Διὸς</w> <w>κλεινὴ</w> <w>δάμαρ</w> </l>
 <l n="835"><w>μέλλουσʼ</w> <w>ἔσεσθαι</w> <w>.</w> <w>τῶνδε</w> <w>προσσαίνει</w> <w>σέ</w> <w>τι
</w> <w>;</w> </l>
 <l n="836"><w>ἐντεῦθεν</w> <w>οἰστρήσασα</w> <w>τὴν</w> <w>παρακτίαν</w> </l>
 <l n="837"><w>κέλευθον</w> <w>ᾖξας</w> <w>πρὸς</w> <w>μέγαν</w> <w>κόλπον</w> <w>Ῥέας</w> <w>,</w> </l>
 <l n="838"><w>ἀφʼ</w> <w>οὗ</w> <w>παλιμπλάγκτοισι</w> <w>χειμάζῃ</w> <w>δρόμοις:</w> </l>
 <l n="839"><w>χρόνον</w> <w>δὲ</w> <w>τὸν</w> <w>μέλλοντα</w> <w>πόντιος</w> <w>μυχός</w> <w>,</w> </l>
 <l n="840"><w>σαφῶς</w> <w>ἐπίστασʼ</w> <w>,</w> <w>Ἰόνιος
</w> <w>κεκλήσεται</w> <w>,</w> <w>.</w> </l>
 <l n="841"><w>τῆς</w> <w>σῆς</w> <w>πορείας</w> <w>μνῆμα</w> <w>τοῖς</w> <w>πᾶσιν
</w> <w>βροτοῖς</w> <w>.</w> </l>
 <l n="842"> <w>σημεῖά</w> <w>σοι</w> <w>τάδʼ</w> <w>ἐστὶ</w> <w>τῆς</w> <w>ἐμῆς</w> <w>φρενός</w> <w>,</w> </l>
 <l n="843"><w>ὡς</w> <w>δέρκεται</w> <w>πλέον</w> <w>τι</w> <w>τοῦ</w> <w>πεφασμένου</w> <w>.</w> </l>
 <l n="844"><w>τὰ</w> <w>λοιπὰ</w> <w>δʼ</w> <w>ὑμῖν</w> <w>τῇδέ</w> <w>τʼ</w> <w>ἐς</w> <w>κοινὸν
</w> <w>φράσω</w> <w>,</w> </l>
 <l n="845"><w>ἐς</w> <w>ταὐτὸν</w> <w>ἐλθὼν</w> <w>τῶν</w> <w>πάλαι</w> <w>λόγων
</w> <w>ἴχνος</w> <w>.</w> </l>

 <l n="846"> <w>ἔστιν</w> <w>πόλις</w> <w>Κάνωβος</w> <w>ἐσχάτη</w> <w>χθονός</w> <w>,</w> </l>
 <l n="847"><w>Νείλου</w> <w>πρὸς</w> <w>αὐτῷ</w> <w>στόματι</w> <w>καὶ</w> <w>προσχώματι:</w> </l>
 <l n="848"><w>ἐνταῦθα</w> <w>δή</w> <w>σε</w> <w>Ζεὺς</w> <w>τίθησιν</w> <w>ἔμφρονα</w> </l>
 <l n="849"><w>ἐπαφῶν</w> <w>ἀταρβεῖ</w> <w>χειρὶ</w> <w>καὶ</w> <w>θιγὼν</w> <w>μόνον</w> <w>.</w> </l>
 <l n="850"><w>ἐπώνυμον</w> <w>δὲ</w> <w>τῶν</w> <w>Διὸς</w> <w>γεννημάτων</w> </l>
 <l n="851"><w>τέξεις</w> <w>κελαινὸν</w> <w>Ἔπαφον</w> <w>,</w> <w>ὃς</w> <w>καρπώσεται</w> </l>
 <l n="852"><w>ὅσην</w> <w>πλατύρρους</w> <w>Νεῖλος</w> <w>ἀρδεύει</w> <w>χθόνα:</w> </l>
 <l n="853"><w>πέμπτη</w> <w>δʼ</w> <w>ἀπʼ</w> <w>αὐτοῦ</w> <w>γέννα</w> <w>πεντηκοντάπαις</w> </l>
 <l n="854"><w>πάλιν</w> <w>πρὸς</w> <w>Ἄργος</w> <w>οὐχ</w> <w>ἑκοῦσʼ</w> <w>ἐλεύσεται</w> </l>
 <l n="855"><w>θηλύσπορος</w> <w>,</w> <w>φεύγουσα</w> <w>συγγενῆ
</w> <w>γάμον</w> </l>
 <l n="856"><w>ἀνεψιῶν:</w> <w>οἱ</w> <w>δʼ</w> <w>ἐπτοημένοι</w> <w>φρένας</w> <w>,</w> </l>
 <l n="857"><w>κίρκοι</w> <w>πελειῶν</w> <w>οὐ</w> <w>μακρὰν</w> <w>λελειμμένοι</w> <w>,</w> </l>
 <l n="858"><w>ἥξουσι</w> <w>θηρεύοντες</w> <w>οὐ</w> <w>θηρασίμους</w> </l>
 <l n="859"><w>γάμους</w> <w>,</w> <w>φθόνον</w> <w>δὲ</w> <w>σωμάτων</w> <w>ἕξει</w> <w>θεός:</w> </l>
 <l n="860"><w>Πελασγία</w> <w>δὲ</w> <w>δέξεται</w> <w>θηλυκτόνῳ</w> </l>
 <l n="861"><w>Ἄρει</w> <w>,</w> <w>δαμέντων</w> <w>νυκτιφρουρήτῳ</w> <w>θράσει</w> <w>.</w> </l>
 <l n="862"><w>γυνὴ</w> <w>γὰρ</w> <w>ἄνδρʼ</w> <w>ἕκαστον</w> <w>αἰῶνος</w> <w>στερεῖ</w> <w>,</w> </l>
 <l n="863"><w>δίθηκτον</w> <w>ἐν</w> <w>σφαγαῖσι</w> <w>βάψασα</w> <w>ξίφος:</w> </l>
 <l n="864"><w>τοιάδʼ</w> <w>ἐπʼ</w> <w>ἐχθροὺς</w> <w>τοὺς</w> <w>ἐμοὺς</w> <w>ἔλθοι
</w> <w>Κύπρις</w> <w>.</w> </l>
 <l n="865"><w>μίαν</w> <w>δὲ</w> <w>παίδων</w> <w>ἵμερος</w> <w>θέλξει</w> <w>τὸ
</w> <w>μὴ</w> </l>
 <l n="866"><w>κτεῖναι</w> <w>σύνευνον</w> <w>,</w> <w>ἀλλʼ</w> <w>ἀπαμβλυνθήσεται</w> </l>
 <l n="867"><w>γνώμην:</w> <w>δυοῖν</w> <w>δὲ</w> <w>θάτερον</w> <w>βουλήσεται</w> <w>,</w> </l>
 <l n="868"><w>κλύειν</w> <w>ἄναλκις</w> <w>μᾶλλον</w> <w>ἢ</w> <w>μιαιφόνος:</w> </l>
 <l n="869"><w>αὕτη</w> <w>κατʼ</w> <w>Ἄργος</w> <w>βασιλικὸν</w> <w>τέξει</w> <w>γένος</w> <w>.</w> </l>
 <l n="870"><w>μακροῦ</w> <w>λόγου</w> <w>δεῖ</w> <w>ταῦτʼ</w> <w>ἐπεξελθεῖν
</w> <w>τορῶς</w> <w>.</w> </l>
 <l n="871"><w>σπορᾶς</w> <w>γε</w> <w>μὴν</w> <w>ἐκ</w> <w>τῆσδε</w> <w>φύσεται</w> <w>θρασὺς</w> </l>
 <l n="872"><w>τόξοισι</w> <w>κλεινός</w> <w>,</w> <w>ὃς</w> <w>πόνων</w> <w>ἐκ</w> <w>τῶνδʼ</w> <w>ἐμὲ</w> </l>
 <l n="873"><w>λύσει</w> <w>.</w> <w>τοιόνδε</w> <w>χρησμὸν</w> <w>ἡ</w> <w>παλαιγενὴς</w> </l>
 <l n="874"><w>μήτηρ</w> <w>ἐμοὶ</w> <w>διῆλθε</w> <w>Τιτανὶς</w> <w>Θέμις:</w> </l>
 <l n="875"><w>ὅπως</w> <w>δὲ</w> <w>χὤπη</w> <w>,</w> <w>ταῦτα</w> <w>δεῖ</w> <w>μακροῦ
</w> <w>λόγου</w> </l>
 <l n="876"><w>εἰπεῖν</w> <w>,</w> <w>σύ</w> <w>τʼ</w> <w>οὐδὲν</w> <w>ἐκμαθοῦσα</w> <w>κερδανεῖς</w> <w>.</w> </l>






 <l n="877"><w>ἐλελεῦ</w> <w>ἐλελεῦ</w> <w>,</w> </l>
 <l n="878"><w>ὑπό</w> <w>μʼ</w> <w>αὖ</w> <w>σφάκελος</w> <w>καὶ</w> <w>φρενοπληγεῖς</w> </l>
 <l n="879"><w>μανίαι</w> <w>θάλπουσʼ</w> <w>,</w> <w>οἴστρου</w> <w>δʼ</w> <w>ἄρδις</w> </l>
 <l n="880"><w>χρίει</w> <w>μʼ</w> <w>ἄπυρος:</w> </l>
 <l n="881"><w>κραδία</w> <w>δὲ</w> <w>φόβῳ</w> <w>φρένα</w> <w>λακτίζει</w> <w>.</w> </l>
 <l n="882"><w>τροχοδινεῖται</w> <w>δʼ</w> <w>ὄμμαθʼ</w> <w>ἑλίγδην</w> <w>,</w> </l>
 <l n="883"><w>ἔξω</w> <w>δὲ</w> <w>δρόμου</w> <w>φέρομαι</w> <w>λύσσης</w> </l>
 <l n="884"><w>πνεύματι</w> <w>μάργῳ</w> <w>,</w> <w>γλώσσης</w> <w>ἀκρατής:</w> </l>
 <l n="885"><w>θολεροὶ</w> <w>δὲ</w> <w>λόγοι</w> <w>παίουσʼ</w> <w>εἰκῆ</w> </l>
 <l n="886"><w>στυγνῆς</w> <w>πρὸς</w> <w>κύμασιν</w> <w>ἄτης</w> <w>.</w> </l>








 <l n="887"><w>ἦ</w> <w>σοφὸς</w> <w>ἦ</w> <w>σοφὸς</w>  <w>ὃς</w> </l>
 <l n="888"><w>πρῶτος</w> <w>ἐν</w> <w>γνώμᾳ</w> <w>τόδʼ</w> <w>ἐβάστασε</w> <w>καὶ</w> <w>γλώσσᾳ</w> </l>
 <l n="889"><w>διεμυθολόγησεν</w> <w>,</w> </l>
 <l n="890"><w>ὡς</w> <w>τὸ</w> <w>κηδεῦσαι</w> <w>καθʼ</w> <w>ἑαυτὸν</w> <w>ἀριστεύει
</w> <w>μακρῷ</w> <w>,</w> </l>
 <l n="891"><w>καὶ</w> <w>μήτε</w> <w>τῶν</w> <w>πλούτῳ</w> <w>διαθρυπτομένων</w> </l>
 <l n="892"><w>μήτε</w> <w>τῶν</w> <w>γέννᾳ</w> <w>μεγαλυνομένων</w> </l>
 <l n="893"><w>ὄντα</w> <w>χερνήταν</w> <w>ἐραστεῦσαι</w> <w>γάμων</w> <w>.</w> </l>






 <l n="894"><w>μήποτε</w> <w>μήποτέ</w> <w>μʼ</w> <w>,</w> <w>ὦ</w> </l>
 <l n="895"><w>
</w> <w>πότνιαι</w> <w>Μοῖραι</w> <w>,</w> <w>λεχέων</w> <w>Διὸς
</w> <w>εὐνάτειραν</w> </l>
 <l n="896"><w>ἴδοισθε</w> <w>πέλουσαν:</w> </l>
 <l n="897"><w>μηδὲ</w> <w>πλαθείην</w> <w>γαμέτᾳ</w> <w>τινὶ</w> <w>τῶν</w> <w>ἐξ
</w> <w>οὐρανοῦ</w> <w>.</w> </l>
 <l n="898"><w>ταρβῶ</w> <w>γὰρ</w> <w>ἀστεργάνορα</w> <w>παρθενίαν</w> </l>
 <l n="899"><w>εἰσορῶσʼ</w> <w>Ἰοῦς</w> <w>ἀμαλαπτομέναν</w> </l>
 <l n="900"><w>δυσπλάνοις</w> <w>Ἥρας</w> <w>ἀλατείαις
</w> <w>πόνων</w> <w>.</w> </l>






 <l n="901"><w>ἐμοὶ</w> <w>δʼ</w> <w>ὅτε</w> <w>μὲν</w> <w>ὁμαλὸς</w> <w>ὁ</w> <w>γάμος</w> <w>,</w> </l>
 <l n="902"><w>ἄφοβος:</w>  <w>μηδὲ</w> <w>κρεισσόνων</w> <w>θεῶν</w> </l>
 <l n="903"><w>ἔρως</w> <w>ἄφυκτον</w> <w>ὄμμα</w> <w>προσδράκοι</w> <w>με</w> <w>.</w> </l>
 <l n="904"><w>ἀπόλεμος</w> <w>ὅδε</w> <w>γʼ</w> <w>ὁ</w> <w>πόλεμος</w> <w>,</w> <w>ἄπορα</w> <w>πόριμος:</w> </l>
 <l n="905"><w>οὐδʼ</w> <w>ἔχω</w> <w>τίς</w> <w>ἂν</w> <w>γενοίμαν</w> <w>.</w> </l>
 <l n="906"><w>τὰν</w> <w>Διὸς</w> <w>γὰρ</w> <w>οὐχ</w> <w>ὁρῶ</w> </l>
 <l n="906b"><w>μῆτιν</w> <w>ὅπα</w> <w>φύγοιμʼ</w> <w>ἄν</w> <w>.</w> </l>







 <l n="907"><w>ἦ</w> <w>μὴν</w> <w>ἔτι</w> <w>Ζεύς</w> <w>,</w> <w>καίπερ</w> <w>αὐθάδης</w> <w>φρενῶν</w> <w>,</w> </l>
 <l n="908"><w>ἔσται</w> <w>ταπεινός</w> <w>,</w> <w>οἷον</w> <w>ἐξαρτύεται</w> </l>
 <l n="909"><w>γάμον</w> <w>γαμεῖν</w> <w>,</w> <w>ὃς</w> <w>αὐτὸν</w> <w>ἐκ</w> <w>τυραννίδος</w> </l>
 <l n="910"><w>θρόνων</w> <w>τʼ</w> <w>ἄιστον</w> <w>ἐκβαλεῖ:</w> <w>πατρὸς</w> <w>δʼ
</w> <w>ἀρὰ</w> </l>
 <l n="911"><w>Κρόνου</w> <w>τότʼ</w> <w>ἤδη</w> <w>παντελῶς</w> <w>κρανθήσεται</w> <w>,</w> </l>
 <l n="912"><w>ἣν</w> <w>ἐκπίτνων</w> <w>ἠρᾶτο</w> <w>δηναιῶν</w> <w>θρόνων</w> <w>.</w> </l>
 <l n="913"><w>τοιῶνδε</w> <w>μόχθων</w> <w>ἐκτροπὴν</w> <w>οὐδεὶς</w> <w>θεῶν</w> </l>
 <l n="914"><w>δύναιτʼ</w> <w>ἂν</w> <w>αὐτῷ</w> <w>πλὴν</w> <w>ἐμοῦ</w> <w>δεῖξαι
</w> <w>σαφῶς</w> <w>.</w> </l>
 <l n="915"><w>ἐγὼ</w> <w>τάδʼ</w> <w>οἶδα</w> <w>χᾦ</w> <w>τρόπῳ</w> <w>.</w> <w>πρὸς</w> <w>ταῦτά
</w> <w>νυν</w> </l>
 <l n="916"><w>θαρσῶν</w> <w>καθήσθω</w> <w>τοῖς</w> <w>πεδαρσίοις</w> <w>κτύποις</w> </l>
 <l n="917"><w>πιστός</w> <w>,</w> <w>τινάσσων</w> <w>τʼ</w> <w>ἐν</w> <w>χεροῖν</w> <w>πύρπνουν
</w> <w>βέλος</w> <w>.</w> </l>
 <l n="918"><w>οὐδὲν</w> <w>γὰρ</w> <w>αὐτῷ</w> <w>ταῦτʼ</w> <w>ἐπαρκέσει</w> <w>τὸ</w> <w>μὴ
</w> <w>οὐ</w> </l>
 <l n="919"><w>πεσεῖν</w> <w>ἀτίμως</w> <w>πτώματʼ</w> <w>οὐκ</w> <w>ἀνασχετά:</w> </l>
 <l n="920"><w>τοῖον</w> <w>παλαιστὴν</w> <w>νῦν
</w> <w>παρασκευάζεται</w> </l>
 <l n="921"><w>ἐπʼ</w> <w>αὐτὸς</w> <w>αὑτῷ</w> <w>,</w> <w>δυσμαχώτατον</w> <w>τέρας:</w> </l>
 <l n="922"><w>ὃς</w> <w>δὴ</w> <w>κεραυνοῦ</w> <w>κρείσσονʼ</w> <w>εὑρήσει
</w> <w>φλόγα</w> <w>,</w> </l>
 <l n="923"><w>βροντῆς</w> <w>θʼ</w> <w>ὑπερβάλλοντα</w> <w>καρτερὸν
</w> <w>κτύπον:</w> </l>
 <l n="924"><w>θαλασσίαν</w> <w>τε</w> <w>γῆς</w> <w>τινάκτειραν</w> <w>νόσον</w> </l>
 <l n="925"><w>τρίαιναν</w> <w>,</w> <w>αἰχμὴν</w> <w>τὴν</w> <w>Ποσειδῶνος</w> <w>,</w> <w>
</w> <w>σκεδᾷ</w> <w>.</w> </l>
 <l n="926"><w>πταίσας</w> <w>δὲ</w> <w>τῷδε</w> <w>πρὸς</w> <w>κακῷ</w> <w>μαθήσεται</w> </l>
 <l n="927"><w>ὅσον</w> <w>τό</w> <w>τʼ</w> <w>ἄρχειν</w> <w>καὶ</w> <w>τὸ</w> <w>δουλεύειν
</w> <w>δίχα</w> <w>.</w> </l>



 <l n="928"><w>σύ</w> <w>θην</w> <w>ἃ</w> <w>χρῄζεις</w> <w>,</w> <w>ταῦτʼ</w> <w>ἐπιγλωσσᾷ</w> <w>Διός</w> <w>.</w> </l>



 <l n="929"><w>ἅπερ</w> <w>τελεῖται</w> <w>,</w> <w>πρὸς</w> <w>δʼ</w> <w>ἃ</w> <w>βούλομαι
</w> <w>λέγω</w> <w>.</w> </l>



 <l n="930"><w>καὶ</w> <w>προσδοκᾶν</w> <w>χρὴ</w> <w>δεσπόσειν</w> <w>Ζηνός
</w> <w>τινα</w> <w>;</w> </l>



 <l n="931"><w>καὶ</w> <w>τῶνδέ</w> <w>γʼ</w> <w>,</w> <w>ἕξει</w> <w>δυσλοφωτέρους
</w> <w>πόνους</w> <w>.</w> </l>



 <l n="932"><w>πῶς</w> <w>δʼ</w> <w>οὐχὶ</w> <w>ταρβεῖς</w> <w>τοιάδʼ</w> <w>ἐκρίπτων</w> <w>ἔπη</w> <w>;</w> </l>



 <l n="933"><w>τί</w> <w>δʼ</w> <w>ἂν</w> <w>φοβοίμην</w> <w>ᾧ</w> <w>θανεῖν</w> <w>οὐ
</w> <w>μόρσιμον</w> <w>;</w> </l>



 <l n="934"><w>ἀλλʼ</w> <w>ἆθλον</w> <w>ἄν</w> <w>σοι</w> <w>τοῦδʼ</w> <w>ἔτʼ</w> <w>ἀλγίω</w> <w>πόροι</w> <w>.</w> </l>



 <l n="935"><w>ὁ</w> <w>δʼ</w> <w>οὖν</w> <w>ποιείτω:</w> <w>πάντα</w> <w>προσδοκητά
</w> <w>μοι</w> <w>.</w> </l>



 <l n="936"><w>οἱ</w> <w>προσκυνοῦντες</w> <w>τὴν</w> <w>Ἀδράστειαν</w> <w>σοφοί</w> <w>.</w> </l>



 <l n="937"><w>σέβου</w> <w>,</w> <w>προσεύχου</w> <w>,</w> <w>θῶπτε</w> <w>τὸν</w> <w>κρατοῦντʼ
</w> <w>ἀεί</w> <w>.</w> </l>
 <l n="938"><w>ἐμοὶ</w> <w>δʼ</w> <w>ἔλασσον</w> <w>Ζηνὸς</w> <w>ἢ</w> <w>μηδὲν</w> <w>μέλει</w> <w>.</w> </l>
 <l n="939"><w>δράτω</w> <w>,</w> <w>κρατείτω</w> <w>τόνδε</w> <w>τὸν</w> <w>βραχὺν
</w> <w>χρόνον</w> <w>,</w> </l>
 <l n="940"><w>ὅπως</w> <w>θέλει:</w> <w>δαρὸν</w> <w>γὰρ</w> <w>οὐκ</w> <w>ἄρξει
</w> <w>θεοῖς</w> <w>.</w> </l>
 <l n="941"><w>ἀλλʼ</w> <w>εἰσορῶ</w> <w>γὰρ</w> <w>τόνδε</w> <w>τὸν</w> <w>Διὸς</w> <w>τρόχιν</w> <w>,</w> </l>
 <l n="942"><w>τὸν</w> <w>τοῦ</w> <w>τυράννου</w> <w>τοῦ</w> <w>νέου</w> <w>διάκονον:</w> </l>
 <l n="943"><w>πάντως</w> <w>τι</w> <w>καινὸν</w> <w>ἀγγελῶν</w> <w>ἐλήλυθεν</w> <w>.</w> </l>




 <l n="944"><w>σὲ</w> <w>τὸν</w> <w>σοφιστήν</w> <w>,</w> <w>τὸν</w> <w>πικρῶς</w> <w>ὑπέρπικρον</w> <w>,</w> </l>
 <l n="945"><w>τὸν</w> <w>ἐξαμαρτόντʼ</w> <w>εἰς</w> <w>θεοὺς
</w> <w>ἐφημέροις</w> </l>
 <l n="946"><w>πορόντα</w> <w>τιμάς</w> <w>,</w> <w>τὸν</w> <w>πυρὸς</w> <w>κλέπτην</w> <w>λέγω:</w> </l>
 <l n="947"><w>πατὴρ</w> <w>ἄνωγέ</w> <w>σʼ</w> <w>οὕστινας</w> <w>κομπεῖς</w> <w>γάμους</w> </l>
 <l n="948"><w>αὐδᾶν</w> <w>,</w> <w>πρὸς</w> <w>ὧν</w> <w>ἐκεῖνος</w> <w>ἐκπίπτει</w> <w>κράτους</w> <w>.</w> </l>
 <l n="949"><w>καὶ</w> <w>ταῦτα</w> <w>μέντοι</w> <w>μηδὲν</w> <w>αἰνικτηρίως</w> <w>,</w> </l>
 <l n="950"><w>ἀλλʼ</w> <w>αὔθʼ</w> <w>ἕκαστα</w> <w>φράζε:</w> <w>μηδέ</w> <w>μοι
</w> <w>διπλᾶς</w> </l>
 <l n="951"><w>ὁδούς</w> <w>,</w> <w>Προμηθεῦ</w> <w>,</w> <w>προσβάλῃς:</w> <w>ὁρᾷς</w> <w>δʼ</w> <w>ὅτι</w> </l>
 <l n="952"><w>Ζεὺς</w> <w>τοῖς</w> <w>τοιούτοις</w> <w>οὐχὶ</w> <w>μαλθακίζεται</w> <w>.</w> </l>



 <l n="953"><w>σεμνόστομός</w> <w>γε</w> <w>καὶ</w> <w>φρονήματος</w> <w>πλέως</w> </l>
 <l n="954"><w>ὁ</w> <w>μῦθός</w> <w>ἐστιν</w> <w>,</w> <w>ὡς</w> <w>θεῶν</w> <w>ὑπηρέτου</w> <w>.</w> </l>
 <l n="955"><w>νέον</w> <w>νέοι</w> <w>κρατεῖτε</w> <w>καὶ</w> <w>δοκεῖτε
</w> <w>δὴ</w> </l>
 <l n="956"><w>ναίειν</w> <w>ἀπενθῆ</w> <w>πέργαμʼ:</w> <w>οὐκ</w> <w>ἐκ</w> <w>τῶνδʼ
</w> <w>ἐγὼ</w> </l>
 <l n="957"><w>δισσοὺς</w> <w>τυράννους</w> <w>ἐκπεσόντας</w> <w>ᾐσθόμην</w> <w>;</w> </l>
 <l n="958"><w>τρίτον</w> <w>δὲ</w> <w>τὸν</w> <w>νῦν</w> <w>κοιρανοῦντʼ</w> <w>ἐπόψομαι</w> </l>
 <l n="959"><w>αἴσχιστα</w> <w>καὶ</w> <w>τάχιστα</w> <w>.</w> <w>μή</w> <w>τί</w> <w>σοι</w> <w>δοκῶ</w> </l>
 <l n="960"><w>ταρβεῖν</w> <w>ὑποπτήσσειν</w> <w>τε</w> <w>τε</w> <w>τοὺς</w> <w>νέους
</w> <w>θεούς</w> <w>;</w> </l>
 <l n="961"><w>πολλοῦ</w> <w>γε</w> <w>καὶ</w> <w>τοῦ</w> <w>παντὸς</w> <w>ἐλλείπω</w> <w>.</w> <w>σὺ
</w> <w>δὲ</w> </l>
 <l n="962"><w>κέλευθον</w> <w>ἥνπερ</w> <w>ἦλθες</w> <w>ἐγκόνει</w> <w>πάλιν:</w> </l>
 <l n="963"><w>πεύσῃ</w> <w>γὰρ</w> <w>οὐδὲν</w> <w>ὧν</w> <w>ἀνιστορεῖς</w> <w>ἐμέ</w> <w>.</w> </l>




 <l n="964"><w>τοιοῖσδε</w> <w>μέντοι</w> <w>καὶ</w> <w>πρὶν</w> <w>αὐθαδίσμασιν</w> </l>
 <l n="965"><w>ἐς</w> <w>τάσδε</w> <w>σαυτὸν</w> <w>πημονὰς
</w> <w>καθώρμισας</w> <w>.</w> </l>



 <l n="966"><w>τῆς</w> <w>σῆς</w> <w>λατρείας</w> <w>τὴν</w> <w>ἐμὴν</w> <w>δυσπραξίαν</w> <w>,</w> </l>
 <l n="967"><w>σαφῶς</w> <w>ἐπίστασʼ</w> <w>,</w> <w>οὐκ</w> <w>ἂν</w> <w>ἀλλάξαιμʼ</w> <w>ἐγώ</w> <w>.</w> </l>



 <l n="968"><w>κρεῖσσον</w> <w>γὰρ</w> <w>οἶμαι</w> <w>τῇδε</w> <w>λατρεύειν</w> <w>πέτρᾳ</w> </l>
 <l n="969"><w>ἢ</w> <w>πατρὶ</w> <w>φῦναι</w> <w>Ζηνὶ</w> <w>πιστὸν</w> <w>ἄγγελον</w> <w>.</w> </l>



 <l n="970"><w>οὕτως</w> <w>ὑβρίζειν</w> <w>τοὺς</w> <w>ὑβρίζοντας
</w> <w>χρεών</w> <w>.</w> </l>



 <l n="971"><w>χλιδᾶν</w> <w>ἔοικας</w> <w>τοῖς</w> <w>παροῦσι</w> <w>πράγμασι</w> <w>.</w> </l>



 <l n="972"><w>χλιδῶ</w> <w>;</w> <w>χλιδῶντας</w> <w>ὧδε</w> <w>τοὺς</w> <w>ἐμοὺς</w> <w>ἐγὼ</w> </l>
 <l n="973"><w>ἐχθροὺς</w> <w>ἴδοιμι:</w> <w>καὶ</w> <w>σὲ</w> <w>δʼ</w> <w>ἐν</w> <w>τούτοις
</w> <w>λέγω</w> <w>.</w> </l>



 <l n="974"><w>ἦ</w> <w>κἀμὲ</w> <w>γάρ</w> <w>τι</w> <w>συμφοραῖς</w> <w>ἐπαιτιᾷ</w> <w>;</w> </l>



 <l n="975"><w>ἁπλῷ</w> <w>λόγῳ</w> <w>τοὺς</w> <w>πάντας</w> <w>ἐχθαίρω
</w> <w>θεούς</w> <w>,</w> </l>
 <l n="975a"><w>ὅσοι</w> <w>παθόντες</w> <w>εὖ</w> <w>κακοῦσί</w> <w>μʼ</w> <w>ἐκδίκως</w> <w>.</w> </l>



 <l n="976"><w>κλύω</w> <w>σʼ</w> <w>ἐγὼ</w> <w>μεμηνότʼ</w> <w>οὐ</w> <w>σμικρὰν</w> <w>νόσον</w> <w>.</w> </l>



 <l n="977"><w>νοσοῖμʼ</w> <w>ἄν</w> <w>,</w> <w>εἰ</w> <w>νόσημα</w> <w>τοὺς</w> <w>ἐχθροὺς
</w> <w>στυγεῖν</w> <w>.</w> </l>



 <l n="978"><w>εἴης</w> <w>φορητὸς</w> <w>οὐκ</w> <w>ἄν</w> <w>,</w> <w>εἰ</w> <w>πράσσοις</w> <w>καλῶς</w> <w>.</w> </l>



 <l n="979"><w>
</w> <w>ὤμοι</w> <w>.</w> <w>
</w> </l>



 <l n="980"><w>ὤμοι</w> <w>;</w> <w>τόδε</w> <w>Ζεὺς</w> <w>τοὔπος</w> <w>οὐκ
</w> <w>ἐπίσταται</w> <w>.</w> </l>



 <l n="981"><w>ἀλλʼ</w> <w>ἐκδιδάσκει</w> <w>πάνθʼ</w> <w>ὁ</w> <w>γηράσκων
</w> <w>χρόνος</w> <w>.</w> </l>



 <l n="982"><w>καὶ</w> <w>μὴν</w> <w>σύ</w> <w>γʼ</w> <w>οὔπω</w> <w>σωφρονεῖν</w> <w>ἐπίστασαι</w> <w>.</w> </l>



 <l n="983"><w>σὲ</w> <w>γὰρ</w> <w>προσηύδων</w> <w>οὐκ</w> <w>ἂν</w> <w>ὄνθʼ</w> <w>ὑπηρέτην</w> <w>.</w> </l>



 <l n="984"><w>ἐρεῖν</w> <w>ἔοικας</w> <w>οὐδὲν</w> <w>ὧν</w> <w>χρῄζει</w> <w>πατήρ</w> <w>.</w> </l>



 <l n="985"><w>καὶ</w> <w>μὴν</w> <w>ὀφείλων</w> <w>γʼ</w> <w>ἂν</w> <w>τίνοιμʼ</w> <w>αὐτῷ
</w> <w>χάριν</w> <w>.</w> </l>



 <l n="986"><w>ἐκερτόμησας</w> <w>δῆθεν</w> <w>ὡς</w> <w>παῖδʼ</w> <w>ὄντα</w> <w>με</w> <w>.</w> </l>



 <l n="987"><w>οὐ</w> <w>γὰρ</w> <w>σὺ</w> <w>παῖς</w> <w>τε</w> <w>κἄτι</w> <w>τοῦδʼ
</w> <w>ἀνούστερος</w> </l>
 <l n="988"><w>εἰ</w> <w>προσδοκᾷς</w> <w>ἐμοῦ</w> <w>τι</w> <w>πεύσεσθαι</w> <w>πάρα</w> <w>;</w> </l>
 <l n="989"><w>οὐκ</w> <w>ἔστιν</w> <w>αἴκισμʼ</w> <w>οὐδὲ</w> <w>μηχάνημʼ</w> <w>ὅτῳ</w> </l>
 <l n="990"><w>προτρέψεταί</w> <w>με</w> <w>Ζεὺς</w> <w>γεγωνῆσαι
</w> <w>τάδε</w> <w>,</w> </l>
 <l n="991"><w>πρὶν</w> <w>ἂν</w> <w>χαλασθῇ</w> <w>δεσμὰ</w> <w>λυμαντήρια</w> <w>.</w> </l>
 <l n="992"><w>πρὸς</w> <w>ταῦτα</w> <w>ῥιπτέσθω</w> <w>μὲν</w> <w>αἰθαλοῦσσα
</w> <w>φλόξ</w> <w>,</w> </l>
 <l n="993"><w>λευκοπτέρῳ</w> <w>δὲ</w> <w>νιφάδι</w> <w>καὶ</w> <w>βροντήμασι</w> </l>
 <l n="994"><w>χθονίοις</w> <w>κυκάτω</w> <w>πάντα</w> <w>καὶ</w> <w>ταρασσέτω</w> <w>.</w> </l>
 <l n="995"><w>γνάμψει</w> <w>γὰρ</w> <w>οὐδὲν</w> <w>τῶνδέ</w> <w>μʼ</w> <w>ὥστε</w> <w>καὶ
</w> <w>φράσαι</w> </l>
 <l n="996"><w>πρὸς</w> <w>οὗ</w> <w>χρεών</w> <w>νιν</w> <w>ἐκπεσεῖν</w> <w>τυραννίδος</w> <w>.</w> </l>



 <l n="997"><w>ὅρα</w> <w>νυν</w> <w>εἴ</w> <w>σοι</w> <w>ταῦτʼ</w> <w>ἀρωγὰ</w> <w>φαίνεται</w> <w>.</w> </l>



 <l n="998"><w>ὦπται</w> <w>πάλαι</w> <w>δὴ</w> <w>καὶ</w> <w>βεβούλευται</w> <w>τάδε</w> <w>.</w> </l>



 <l n="999"><w>τόλμησον</w> <w>,</w> <w>ὦ</w> <w>μάταιε</w> <w>,</w> <w>τόλμησόν</w> <w>ποτε</w> </l>
 <l n="1000"><w>πρὸς</w> <w>τὰς</w> <w>παρούσας</w> <w>πημονὰς</w> <w>ὀρθῶς
</w> <w>φρονεῖν</w> <w>,</w> </l>



 <l n="1001"><w>ὀχλεῖς</w> <w>μάτην</w> <w>με</w> <w>κῦμʼ</w> <w>ὅπως</w> <w>παρηγορῶν</w> <w>.</w> </l>
 <l n="1002"><w>εἰσελθέτω</w> <w>σε</w> <w>μήποθʼ</w> <w>ὡς</w> <w>ἐγὼ</w> <w>Διὸς</w> </l>
 <l n="1003"><w>γνώμην</w> <w>φοβηθεὶς</w> <w>θηλύνους</w> <w>γενήσομαι</w> <w>,</w> </l>
 <l n="1004"><w>καὶ</w> <w>λιπαρήσω</w> <w>τὸν</w> <w>μέγα</w> <w>στυγούμενον</w> </l>
 <l n="1005"><w>γυναικομίμοις</w> <w>ὑπτιάσμασιν
</w> <w>χερῶν</w> </l>
 <l n="1006"><w>λῦσαί</w> <w>με</w> <w>δεσμῶν</w> <w>τῶνδε:</w> <w>τοῦ</w> <w>παντὸς</w> <w>δέω</w> <w>.</w> </l>




 <l n="1007"><w>λέγων</w> <w>ἔοικα</w> <w>πολλὰ</w> <w>καὶ</w> <w>μάτην</w> <w>ἐρεῖν:</w> </l>
 <l n="1008"><w>τέγγῃ</w> <w>γὰρ</w> <w>οὐδὲν</w> <w>οὐδὲ</w> <w>μαλθάσσῃ</w> <w>λιταῖς</w> </l>
 <l n="1009"><w>ἐμαῖς:</w> <w>δακὼν</w> <w>δὲ</w> <w>στόμιον</w> <w>ὡς</w> <w>νεοζυγὴς</w> </l>
 <l n="1010"><w>πῶλος</w> <w>βιάζῃ</w> <w>καὶ</w> <w>πρὸς</w> <w>ἡνίας</w> <w>μάχῃ</w> <w>.</w> </l>
 <l n="1011"><w>ἀτὰρ</w> <w>σφοδρύνῃ</w> <w>γʼ</w> <w>ἀσθενεῖ</w> <w>σοφίσματι:</w> </l>
 <l n="1012"><w>αὐθαδία</w> <w>γὰρ</w> <w>τῷ</w> <w>φρονοῦντι</w> <w>μὴ</w> <w>καλῶς</w> </l>
 <l n="1013"><w>αὐτὴ</w> <w>καθʼ</w> <w>αὑτὴν</w> <w>οὐδενὸς</w> <w>μεῖζον</w> <w>σθένει</w> <w>.</w> </l>
 <l n="1014"><w>σκέψαι</w> <w>δʼ</w> <w>,</w> <w>ἐὰν</w> <w>μὴ</w> <w>τοῖς</w> <w>ἐμοῖς</w> <w>πεισθῇς
</w> <w>λόγοις</w> <w>,</w> </l>
 <l n="1015"><w>οἷός</w> <w>σε</w> <w>χειμὼν</w> <w>καὶ</w> <w>κακῶν</w> <w>τρικυμία</w> </l>
 <l n="1016"><w>ἔπεισʼ</w> <w>ἄφυκτος</w> <w>:</w> <w>πρῶτα</w> <w>μὲν</w> <w>γὰρ</w> <w>ὀκρίδα</w> </l>
 <l n="1017"><w>φάραγγα</w> <w>βροντῇ</w> <w>καὶ</w> <w>κεραυνίᾳ</w> <w>φλογὶ</w> </l>
 <l n="1018"><w>πατὴρ</w> <w>σπαράξει</w> <w>τήνδε</w> <w>,</w> <w>καὶ</w> <w>κρύψει</w> <w>δέμας</w> </l>
 <l n="1019"><w>τὸ</w> <w>σόν</w> <w>,</w> <w>πετραία</w> <w>δʼ</w> <w>ἀγκάλη</w> <w>σε</w> <w>βαστάσει</w> <w>.</w> </l>
 <l n="1020"><w>μακρὸν</w> <w>δὲ</w> <w>μῆκος</w> <w>ἐκτελευτήσας
</w> <w>χρόνου</w> </l>
 <l n="1021"><w>ἄψορρον</w> <w>ἥξεις</w> <w>εἰς</w> <w>φάος:</w> <w>Διὸς</w> <w>δέ</w> <w>τοί</w> </l>
 <l n="1022"><w>πτηνὸς</w> <w>κύων</w> <w>,</w> <w>δαφοινὸς</w> <w>αἰετός</w> <w>,</w> <w>λάβρως</w> </l>
 <l n="1023"><w>διαρταμήσει</w> <w>σώματος</w> <w>μέγα</w> <w>ῥάκος</w> <w>,</w> </l>
 <l n="1024"><w>ἄκλητος</w> <w>ἕρπων</w> <w>δαιταλεὺς</w> <w>πανήμερος</w> <w>,</w> </l>
 <l n="1025"><w>κελαινόβρωτον</w> <w>δʼ</w> <w>ἧπαρ
</w> <w>ἐκθοινήσεται</w> <w>.</w> </l>
 <l n="1026"> <w>τοιοῦδε</w> <w>μόχθου</w> <w>τέρμα</w> <w>μή</w> <w>τι</w> <w>προσδόκα</w> <w>,</w> </l>
 <l n="1027"><w>πρὶν</w> <w>ἂν</w> <w>θεῶν</w> <w>τις</w> <w>διάδοχος</w> <w>τῶν</w> <w>σῶν</w> <w>πόνων</w> </l>
 <l n="1028"><w>φανῇ</w> <w>,</w> <w>θελήσῃ</w> <w>τʼ</w> <w>εἰς</w> <w>ἀναύγητον</w> <w>μολεῖν</w> </l>
 <l n="1029"><w>Ἅιδην</w> <w>κνεφαῖά</w> <w>τʼ</w> <w>ἀμφὶ</w> <w>Ταρτάρου</w> <w>βάθη</w> <w>.</w> </l>
 <l n="1030"> <w>πρὸς</w> <w>ταῦτα</w> <w>βούλευʼ:</w> <w>ὡς</w> <w>ὅδʼ</w> <w>οὐ
</w> <w>πεπλασμένος</w> </l>
 <l n="1031"><w>ὁ</w> <w>κόμπος</w> <w>,</w> <w>ἀλλὰ</w> <w>καὶ</w> <w>λίαν</w> <w>εἰρημένος</w> <w>:</w> </l>
 <l n="1032"><w>ψευδηγορεῖν</w> <w>γὰρ</w> <w>οὐκ</w> <w>ἐπίσταται</w> <w>στόμα</w> </l>
 <l n="1033"><w>τὸ</w> <w>Δῖον</w> <w>,</w> <w>ἀλλὰ</w> <w>πᾶν</w> <w>ἔπος</w> <w>τελεῖ:</w> <w>σὺ</w> <w>δὲ</w> </l>
 <l n="1034"><w>πάπταινε</w> <w>καὶ</w> <w>φρόντιζε</w> <w>,</w> <w>μηδʼ</w> <w>αὐθαδίαν</w> </l>
 <l n="1035"><w>εὐβουλίας</w> <w>ἀμείνονʼ</w> <w>ἡγήσῃ</w> <w>ποτέ</w> <w>.</w> </l>



 <l n="1036"><w>ἡμῖν</w> <w>μὲν</w> <w>Ἑρμῆς</w> <w>οὐκ</w> <w>ἄκαιρα</w> <w>φαίνεται</w> </l>
 <l n="1037"><w>λέγειν</w> <w>.</w> <w>ἄνωγε</w> <w>γάρ</w> <w>σε</w> <w>τὴν</w> <w>αὐθαδίαν</w> </l>
 <l n="1038"><w>μεθέντʼ</w> <w>ἐρευνᾶν</w> <w>τὴν</w> <w>σοφὴν</w> <w>εὐβουλίαν</w> <w>.</w> </l>
 <l n="1039"><w>πιθοῦ:</w> <w>σοφῷ</w> <w>γὰρ</w> <w>αἰσχρὸν</w> <w>ἐξαμαρτάνειν</w> <w>.</w> </l>





 <l n="1040"><w>εἰδότι</w> <w>τοί</w> <w>μοι</w> <w>τάσδʼ
</w> <w>ἀγγελίας</w> </l>
 <l n="1041"><w>ὅδʼ</w> <w>ἐθώυξεν:</w> <w>πάσχειν</w> <w>δὲ</w> <w>κακῶς</w> </l>
 <l n="1042"><w>ἐχθρὸν</w> <w>ὑπʼ</w> <w>ἐχθρῶν</w> <w>οὐδὲν</w> <w>ἀεικές</w> <w>.</w> </l>
 <l n="1043"><w>πρὸς</w> <w>ταῦτʼ</w> <w>ἐπʼ</w> <w>ἐμοὶ</w> <w>ῥιπτέσθω</w> <w>μὲν</w> </l>
 <l n="1044"><w>πυρὸς</w> <w>ἀμφήκης</w> <w>βόστρυχος</w> <w>,</w> <w>αἰθὴρ</w> <w>δʼ</w> </l>
 <l n="1045"><w>ἐρεθιζέσθω</w> <w>βροντῇ</w> <w>σφακέλῳ</w> <w>τʼ</w> </l>
 <l n="1046"><w>ἀγρίων</w> <w>ἀνέμων:</w> <w>χθόνα</w> <w>δʼ</w> <w>ἐκ</w> <w>πυθμένων</w> </l>
 <l n="1047"><w>αὐταῖς</w> <w>ῥίζαις</w> <w>πνεῦμα</w> <w>κραδαίνοι</w> <w>,</w> </l>
 <l n="1048"><w>κῦμα</w> <w>δὲ</w> <w>πόντου</w> <w>τραχεῖ</w> <w>ῥοθίῳ</w> </l>
 <l n="1049"><w>συγχώσειεν</w> <w>τῶν</w> <w>οὐρανίων</w> </l>
 <l n="1050"><w>ἄστρων</w> <w>διόδους:</w> <w>εἴς</w> <w>τε
</w> <w>κελαινὸν</w> </l>
 <l n="1051"><w>Τάρταρον</w> <w>ἄρδην</w> <w>ῥίψειε</w> <w>δέμας</w> </l>
 <l n="1052"><w>τοὐμὸν</w> <w>ἀνάγκης</w> <w>στερραῖς</w> <w>δίναις:</w> </l>
 <l n="1053"><w>πάντως</w> <w>ἐμέ</w> <w>γʼ</w> <w>οὐ</w> <w>θανατώσει</w> <w>.</w> </l>





 <l n="1054"><w>τοιάδε</w> <w>μέντοι</w> <w>τῶν</w> <w>φρενοπλήκτων</w> </l>
 <l n="1055"><w>βουλεύματʼ</w> <w>ἔπη</w> <w>τʼ</w> <w>ἔστιν</w> <w>ἀκοῦσαι</w> <w>.</w> </l>
 <l n="1056"><w>τί</w> <w>γὰρ</w> <w>ἐλλείπει</w> <w>μὴ</w> <w>οὐ</w> <w>παραπαίειν</w> </l>
 <l n="1057"><w>ἡ</w> <w>τοῦδʼ</w> <w>εὐχή</w> <w>;</w> <w>τί</w> <w>χαλᾷ</w> <w>μανιῶν</w> <w>;</w> </l>
 <l n="1058"><w>ἀλλʼ</w> <w>οὖν</w> <w>ὑμεῖς</w> <w>γʼ</w> <w>αἱ</w> <w>πημοσύναις</w> </l>
 <l n="1059"><w>συγκάμνουσαι</w> <w>ταῖς</w> <w>τοῦδε</w> <w>τόπων</w> </l>
 <l n="1060"><w>μετά</w> <w>ποι</w> <w>χωρεῖτʼ</w> <w>ἐκ</w> <w>τῶνδε</w> <w>θοῶς</w> <w>,</w> </l>
 <l n="1061"><w>μὴ</w> <w>φρένας</w> <w>ὑμῶν</w> <w>ἠλιθιώσῃ</w> </l>
 <l n="1062"><w>βροντῆς</w> <w>μύκημʼ</w> <w>ἀτέραμνον</w> <w>.</w> </l>





 <l n="1063"><w>ἄλλο</w> <w>τι</w> <w>φώνει</w> <w>καὶ</w> <w>παραμυθοῦ</w> <w>μʼ</w> </l>
 <l n="1064"><w>ὅ</w> <w>τι</w> <w>καὶ</w> <w>πείσεις:</w> <w>οὐ</w> <w>γὰρ</w> <w>δή</w> <w>που</w> </l>
 <l n="1065"><w>τοῦτό</w> <w>γε</w> <w>τλητὸν</w> <w>παρέσυρας</w> <w>ἔπος</w> <w>.</w> </l>
 <l n="1066"><w>πῶς</w> <w>με</w> <w>κελεύεις</w> <w>κακότητʼ</w> <w>ἀσκεῖν</w> <w>;</w> </l>
 <l n="1067"><w>μετὰ</w> <w>τοῦδʼ</w> <w>ὅ</w> <w>τι</w> <w>χρὴ</w> <w>πάσχειν</w> <w>ἐθέλω:</w> </l>
 <l n="1068"><w>τοὺς</w> <w>προδότας</w> <w>γὰρ</w> <w>μισεῖν</w> <w>ἔμαθον</w> <w>,</w> </l>
 <l n="1069"><w>κοὐκ</w> <w>ἔστι</w> <w>νόσος</w> </l>
 <l n="1070"><w>τῆσδʼ</w> <w>ἥντινʼ</w> <w>ἀπέπτυσα</w> <w>μᾶλλον</w> <w>.</w> </l>





 <l n="1071"><w>ἀλλʼ</w> <w>οὖν</w> <w>μέμνησθʼ</w> <w>ἁγὼ</w> <w>προλέγω</w> </l>
 <l n="1072"><w>μηδὲ</w> <w>πρὸς</w> <w>ἄτης</w> <w>θηραθεῖσαι</w> </l>
 <l n="1073"><w>μέμψησθε</w> <w>τύχην</w> <w>,</w> <w>μηδέ</w> <w>ποτʼ</w> <w>εἴπηθʼ</w> </l>
 <l n="1074"><w>ὡς</w> <w>Ζεὺς</w> <w>ὑμᾶς</w> <w>εἰς</w> <w>ἀπρόοπτον</w> </l>
 <l n="1075"><w>πῆμʼ</w> <w>εἰσέβαλεν:</w> <w>μὴ</w> <w>δῆτʼ</w> <w>αὐταὶ</w> <w>δʼ</w> </l>
 <l n="1076"><w>ὑμᾶς</w> <w>αὐτάς</w> <w>.</w> <w>εἰδυῖαι</w> <w>γὰρ</w> </l>
 <l n="1077"><w>κοὐκ</w> <w>ἐξαίφνης</w> <w>οὐδὲ</w> <w>λαθραίως</w> </l>
 <l n="1078"><w>εἰς</w> <w>ἀπέρατον</w> <w>δίκτυον</w> <w>ἄτης</w> </l>
 <l n="1079"><w>ἐμπλεχθήσεσθʼ</w> <w>ὑπʼ</w> <w>ἀνοίας</w> <w>.</w> </l>




 <l n="1080"><w>καὶ</w> <w>μὴν</w> <w>ἔργῳ</w> <w>κοὐκέτι</w> <w>μύθῳ</w> </l>
 <l n="1081"><w>χθὼν</w> <w>σεσάλευται:</w> </l>
 <l n="1082"><w>βρυχία</w> <w>δʼ</w> <w>ἠχὼ</w> <w>παραμυκᾶται</w> </l>
 <l n="1083"><w>βροντῆς</w> <w>,</w> <w>ἕλικες</w> <w>δʼ</w> <w>ἐκλάμπουσι</w> </l>
 <l n="1084"><w>στεροπῆς</w> <w>ζάπυροι</w> <w>,</w> <w>στρόμβοι</w> <w>δὲ</w> <w>κόνιν</w> </l>
 <l n="1085"><w>εἱλίσσουσι:</w> <w>σκιρτᾷ</w> <w>δʼ</w> <w>ἀνέμων</w> </l>
 <l n="1086"><w>πνεύματα</w> <w>πάντων</w> <w>εἰς</w> <w>ἄλληλα</w> </l>
 <l n="1087"><w>στάσιν</w> <w>ἀντίπνουν</w> <w>ἀποδεικνύμενα:</w> </l>
 <l n="1088"><w>ξυντετάρακται</w> <w>δʼ</w> <w>αἰθὴρ</w> <w>πόντῳ</w> <w>.</w> </l>
 <l n="1089"><w>τοιάδʼ</w> <w>ἐπʼ</w> <w>ἐμοὶ</w> <w>ῥιπὴ</w> <w>Διόθεν</w> </l>
 <l n="1090"><w>τεύχουσα</w> <w>φόβον</w> <w>στείχει
</w> <w>φανερῶς</w> <w>.</w> </l>
 <l n="1091"><w>ὦ</w> <w>μητρὸς</w> <w>ἐμῆς</w> <w>σέβας</w> <w>,</w> <w>ὦ</w> <w>πάντων</w> </l>
 <l n="1092"><w>αἰθὴρ</w> <w>κοινὸν</w> <w>φάος</w> <w>εἱλίσσων</w> <w>,</w> </l>
 <l n="1093"><w>ἐσορᾷς</w> <w>μʼ</w> <w>ὡς</w> <w>ἔκδικα</w> <w>πάσχω</w> <w>.</w> </l>



 </body>
 </text>
</TEI>